[Consesus log] 2023/06/03 15:49:51.506868 logger.go:32: commit Block[wczslzcountpaoznyjfa] in seq 1 at 1685807391506863000
[Consesus log] 2023/06/03 15:49:51.506938 logger.go:32: commit Block[fqavaxyovzwconqxzvow] in seq 2 at 1685807391506936000
[Consesus log] 2023/06/03 15:49:51.506990 logger.go:32: commit Block[lhzprdpfkpaairaximot] in seq 3 at 1685807391506988000
[Consesus log] 2023/06/03 15:49:51.507008 logger.go:32: commit Block[rpsegvuunctuswxgsevj] in seq 4 at 1685807391507007000
[Consesus log] 2023/06/03 15:49:51.507026 logger.go:32: commit Block[qltrptqyjrijwlxcdiji] in seq 5 at 1685807391507025000
[Consesus log] 2023/06/03 15:49:51.967123 logger.go:32: commit Block[jzutahxkmzhovugcdlxe] in seq 6 at 1685807391967104000
[Consesus log] 2023/06/03 15:49:51.967178 logger.go:32: commit Block[vfpkseeevdokmjmzsuqt] in seq 7 at 1685807391967176000
[Consesus log] 2023/06/03 15:49:51.967210 logger.go:32: commit Block[vahjevuijqzentiehqga] in seq 8 at 1685807391967208000
[Consesus log] 2023/06/03 15:49:51.967289 logger.go:32: commit Block[jbosaibvszjntkqyybap] in seq 9 at 1685807391967285000
[Consesus log] 2023/06/03 15:49:52.685592 logger.go:32: commit Block[owzirayhmwhmigsqbqfa] in seq 10 at 1685807392685580000
[Consesus log] 2023/06/03 15:49:52.685636 logger.go:32: commit Block[xaoznzhnvqncoegrahto] in seq 11 at 1685807392685634000
[Consesus log] 2023/06/03 15:49:53.142358 logger.go:32: commit Block[esnoishsntutpucnhjlt] in seq 12 at 1685807393142355000
[Consesus log] 2023/06/03 15:49:53.142384 logger.go:32: commit Block[wzulnsrmxssufaunleao] in seq 13 at 1685807393142383000
[Consesus log] 2023/06/03 15:49:53.142407 logger.go:32: commit Block[skhoujoxwnlablynrfeo] in seq 14 at 1685807393142406000
[Consesus log] 2023/06/03 15:49:53.802757 logger.go:32: commit Block[enksdndubahxbexqndrj] in seq 15 at 1685807393802754000
[Consesus log] 2023/06/03 15:49:53.802793 logger.go:32: commit Block[yexuqgfsbiucvydyohyv] in seq 16 at 1685807393802792000
[Consesus log] 2023/06/03 15:49:53.802810 logger.go:32: commit Block[eixeefzhtsbipspldxwb] in seq 17 at 1685807393802810000
[Consesus log] 2023/06/03 15:49:53.802826 logger.go:32: commit Block[bcyhukwxxcnpcizglqkv] in seq 18 at 1685807393802825000
[Consesus log] 2023/06/03 15:49:54.416779 logger.go:32: commit Block[pvihlgqgugoqrfwqjdqf] in seq 19 at 1685807394416767000
[Consesus log] 2023/06/03 15:49:55.185512 logger.go:32: commit Block[uupjyvikvfivsavxnkve] in seq 20 at 1685807395185501000
[Consesus log] 2023/06/03 15:49:56.245810 logger.go:32: commit Block[cqexcnicvqkpdxouvaxy] in seq 21 at 1685807396245797000
[Consesus log] 2023/06/03 15:49:56.245888 logger.go:32: commit Block[wqhkvvxfqzcnczborezc] in seq 22 at 1685807396245886000
[Consesus log] 2023/06/03 15:49:56.245920 logger.go:32: commit Block[wuhahptvaxyuauekknni] in seq 23 at 1685807396245918000
[Consesus log] 2023/06/03 15:49:56.607226 logger.go:32: commit Block[scllzfhtkbatzchligck] in seq 24 at 1685807396607218000
[Consesus log] 2023/06/03 15:49:56.607293 logger.go:32: commit Block[fhfcukupfvaczkxznlrt] in seq 25 at 1685807396607290000
[Consesus log] 2023/06/03 15:49:56.607335 logger.go:32: commit Block[rtxyfpcbpjgwuzzykmaq] in seq 26 at 1685807396607333000
[Consesus log] 2023/06/03 15:49:56.607386 logger.go:32: commit Block[rlegozlbhwnbdxsmiuto] in seq 27 at 1685807396607385000
[Consesus log] 2023/06/03 15:49:56.607430 logger.go:32: commit Block[xnxakrdoiecxvftgpgwe] in seq 28 at 1685807396607429000
[Consesus log] 2023/06/03 15:49:56.607470 logger.go:32: commit Block[jndinuequckvirkguqvt] in seq 29 at 1685807396607469000
[Consesus log] 2023/06/03 15:49:56.607510 logger.go:32: commit Block[lbrjwqheryoboebaosur] in seq 30 at 1685807396607509000
[Consesus log] 2023/06/03 15:49:56.607545 logger.go:32: commit Block[aqpfddhmfbrudqvkirug] in seq 31 at 1685807396607543000
[Consesus log] 2023/06/03 15:49:56.607584 logger.go:32: commit Block[jrwvgqsyiaxjzflsoxgt] in seq 32 at 1685807396607582000
[Consesus log] 2023/06/03 15:49:56.607621 logger.go:32: commit Block[iuqitoslwgvgujxpwohf] in seq 33 at 1685807396607619000
[Consesus log] 2023/06/03 15:49:56.607656 logger.go:32: commit Block[kwshyqmurfnnlytqkogl] in seq 34 at 1685807396607654000
[Consesus log] 2023/06/03 15:49:56.607719 logger.go:32: commit Block[gqzdnruztuqjmtkqzzib] in seq 35 at 1685807396607717000
[Consesus log] 2023/06/03 15:49:56.607749 logger.go:32: commit Block[dvisihxxyamqzrrhbhtn] in seq 36 at 1685807396607748000
[Consesus log] 2023/06/03 15:49:56.607777 logger.go:32: commit Block[iyfibbqysndihrcjtuwa] in seq 37 at 1685807396607775000
[Consesus log] 2023/06/03 15:49:56.607805 logger.go:32: commit Block[uceteavtaccxavsdzsqe] in seq 38 at 1685807396607803000
[Consesus log] 2023/06/03 15:49:56.607833 logger.go:32: commit Block[yuedxdshahxhaexzhgze] in seq 39 at 1685807396607831000
[Consesus log] 2023/06/03 15:49:56.607863 logger.go:32: commit Block[sdsnztfoykavesjxkluo] in seq 40 at 1685807396607861000
[Consesus log] 2023/06/03 15:49:56.607900 logger.go:32: commit Block[emqyoooxzotryffnjagm] in seq 41 at 1685807396607899000
[Consesus log] 2023/06/03 15:49:56.607932 logger.go:32: commit Block[qncfeipexxvmqllybser] in seq 42 at 1685807396607930000
[Consesus log] 2023/06/03 15:49:56.607961 logger.go:32: commit Block[xrndygzuvrkzfhyitvkd] in seq 43 at 1685807396607959000
[Consesus log] 2023/06/03 15:49:56.607990 logger.go:32: commit Block[qciiolcdjczpbjksuhnr] in seq 44 at 1685807396607988000
[Consesus log] 2023/06/03 15:49:56.608020 logger.go:32: commit Block[xfigxgerixdnphxcmjow] in seq 45 at 1685807396608018000
[Consesus log] 2023/06/03 15:49:56.608048 logger.go:32: commit Block[kupaagxrtxyjthjnpbwg] in seq 46 at 1685807396608046000
[Consesus log] 2023/06/03 15:49:56.608075 logger.go:32: commit Block[kfbevojffgvsdznzgzku] in seq 47 at 1685807396608073000
[Consesus log] 2023/06/03 15:49:56.608104 logger.go:32: commit Block[swpaedyrusldwmlblngm] in seq 48 at 1685807396608102000
[Consesus log] 2023/06/03 15:49:56.608132 logger.go:32: commit Block[skqtdpjodjutgahwzvbj] in seq 49 at 1685807396608131000
[Consesus log] 2023/06/03 15:49:56.608161 logger.go:32: commit Block[eljxerfbxojrqtwcntxn] in seq 50 at 1685807396608158000
[Consesus log] 2023/06/03 15:49:56.608190 logger.go:32: commit Block[lpysuqhtemqtkbmlareu] in seq 51 at 1685807396608188000
[Consesus log] 2023/06/03 15:49:56.608219 logger.go:32: commit Block[shfskutefeqrxadwyhef] in seq 52 at 1685807396608218000
[Consesus log] 2023/06/03 15:49:56.608270 logger.go:32: commit Block[auvxxiohutujygbcjweb] in seq 53 at 1685807396608267000
[Consesus log] 2023/06/03 15:49:56.608304 logger.go:32: commit Block[lldkzmbhrgvlsezdyjhu] in seq 54 at 1685807396608302000
[Consesus log] 2023/06/03 15:49:56.608340 logger.go:32: commit Block[elkicvhboraqvahfegvt] in seq 55 at 1685807396608339000
[Consesus log] 2023/06/03 15:49:56.608397 logger.go:32: commit Block[dphnhzsisndcjdmtgblj] in seq 56 at 1685807396608395000
[Consesus log] 2023/06/03 15:49:56.608430 logger.go:32: commit Block[gnatvtvbxroqqwvqxbfh] in seq 57 at 1685807396608429000
[Consesus log] 2023/06/03 15:49:56.608461 logger.go:32: commit Block[hpnpirnzjlplnbujadol] in seq 58 at 1685807396608459000
[Consesus log] 2023/06/03 15:49:56.608496 logger.go:32: commit Block[pxxwmzwvbsdvnqkbennx] in seq 59 at 1685807396608494000
[Consesus log] 2023/06/03 15:49:56.608533 logger.go:32: commit Block[mrtggklmhtzmgrrfrsau] in seq 60 at 1685807396608531000
[Consesus log] 2023/06/03 15:49:56.608676 logger.go:32: commit Block[nmmaqqbznlxpkwfjtpic] in seq 61 at 1685807396608673000
[Consesus log] 2023/06/03 15:49:56.608700 logger.go:32: commit Block[zevfxxqsqsajtiaaueen] in seq 62 at 1685807396608698000
[Consesus log] 2023/06/03 15:49:56.608722 logger.go:32: commit Block[howoneijfcplgeqqinsa] in seq 63 at 1685807396608721000
[Consesus log] 2023/06/03 15:49:56.608745 logger.go:32: commit Block[ieplfccfqdmkcasvfpvt] in seq 64 at 1685807396608744000
[Consesus log] 2023/06/03 15:49:56.608765 logger.go:32: commit Block[wqepqjrzstzbgnqryfgr] in seq 65 at 1685807396608764000
[Consesus log] 2023/06/03 15:49:56.608785 logger.go:32: commit Block[cvhzwywdulgntrxdbrgq] in seq 66 at 1685807396608784000
[Consesus log] 2023/06/03 15:49:56.608806 logger.go:32: commit Block[sxaxlctuikmxnrudoiua] in seq 67 at 1685807396608804000
[Consesus log] 2023/06/03 15:49:56.608849 logger.go:32: commit Block[ohjbtxqyrcrpqdsuysok] in seq 68 at 1685807396608848000
[Consesus log] 2023/06/03 15:49:56.608870 logger.go:32: commit Block[thmmiedagvihmglhzaax] in seq 69 at 1685807396608868000
[Consesus log] 2023/06/03 15:49:56.608891 logger.go:32: commit Block[ryfqyghqibqbjwvxgkgx] in seq 70 at 1685807396608890000
[Consesus log] 2023/06/03 15:49:56.608912 logger.go:32: commit Block[ycxvnuulzaekvnjklria] in seq 71 at 1685807396608911000
[Consesus log] 2023/06/03 15:49:56.608933 logger.go:32: commit Block[kcxjymxsjnlfdoxbzpkd] in seq 72 at 1685807396608931000
[Consesus log] 2023/06/03 15:49:56.608953 logger.go:32: commit Block[ulixgtllzsuqbsmixgem] in seq 73 at 1685807396608952000
[Consesus log] 2023/06/03 15:49:56.608973 logger.go:32: commit Block[knrwjkhkihjvkhhqdzyh] in seq 74 at 1685807396608972000
[Consesus log] 2023/06/03 15:49:56.609022 logger.go:32: commit Block[xnbralumjguegncfezbp] in seq 75 at 1685807396609019000
[Consesus log] 2023/06/03 15:49:56.609046 logger.go:32: commit Block[qnguqrjvzbzocapxizyn] in seq 76 at 1685807396609044000
[Consesus log] 2023/06/03 15:49:56.609087 logger.go:32: commit Block[vruocwrypoibeydukqpi] in seq 77 at 1685807396609085000
[Consesus log] 2023/06/03 15:49:56.609112 logger.go:32: commit Block[ewvzjkovicvdzbwmgktt] in seq 78 at 1685807396609110000
[Consesus log] 2023/06/03 15:49:56.609135 logger.go:32: commit Block[nlopvfenqfiggydeoqzv] in seq 79 at 1685807396609133000
[Consesus log] 2023/06/03 15:49:56.609154 logger.go:32: commit Block[wougubroirtkbbxqmair] in seq 80 at 1685807396609153000
[Consesus log] 2023/06/03 15:49:56.609173 logger.go:32: commit Block[lohcajmahjultocfikxc] in seq 81 at 1685807396609172000
[Consesus log] 2023/06/03 15:49:56.609195 logger.go:32: commit Block[hesmbckoelcvumgmzrgp] in seq 82 at 1685807396609193000
[Consesus log] 2023/06/03 15:49:56.609215 logger.go:32: commit Block[ktqbietumaqdborxsczg] in seq 83 at 1685807396609214000
[Consesus log] 2023/06/03 15:49:56.609236 logger.go:32: commit Block[fagamisujiqtvdgjprew] in seq 84 at 1685807396609235000
[Consesus log] 2023/06/03 15:49:56.609256 logger.go:32: commit Block[ekielmpuuzsakxraseqo] in seq 85 at 1685807396609255000
[Consesus log] 2023/06/03 15:49:56.609279 logger.go:32: commit Block[dleeasyihxasdnwqghws] in seq 86 at 1685807396609278000
[Consesus log] 2023/06/03 15:49:56.609300 logger.go:32: commit Block[mtgsiqyopkhmelyxmlmy] in seq 87 at 1685807396609299000
[Consesus log] 2023/06/03 15:49:56.609320 logger.go:32: commit Block[xpxvancdakqxmnjlbbdc] in seq 88 at 1685807396609319000
[Consesus log] 2023/06/03 15:49:56.609346 logger.go:32: commit Block[qnhxgmrvyijdjeirduhv] in seq 89 at 1685807396609344000
[Consesus log] 2023/06/03 15:49:56.609366 logger.go:32: commit Block[rqspkoyzymhyqyqpvvyw] in seq 90 at 1685807396609365000
[Consesus log] 2023/06/03 15:49:56.609389 logger.go:32: commit Block[mlntnwkizwtqaagzpnbh] in seq 91 at 1685807396609388000
[Consesus log] 2023/06/03 15:49:56.609409 logger.go:32: commit Block[znkrtqlfnunqbbfxxbkb] in seq 92 at 1685807396609408000
[Consesus log] 2023/06/03 15:49:56.609430 logger.go:32: commit Block[zmqhhtrmqumclfzhkxbb] in seq 93 at 1685807396609429000
[Consesus log] 2023/06/03 15:49:56.609450 logger.go:32: commit Block[lammmfllfrcrabgopwfp] in seq 94 at 1685807396609449000
[Consesus log] 2023/06/03 15:49:57.014428 logger.go:32: commit Block[dfeapjnysqmwnrkuvvqr] in seq 95 at 1685807397014425000
[Consesus log] 2023/06/03 15:49:57.014544 logger.go:32: commit Block[yyegczhvdnfmdmjtxulo] in seq 96 at 1685807397014542000
[Consesus log] 2023/06/03 15:49:57.014573 logger.go:32: commit Block[eucmmrvfbkdxphohzuqe] in seq 97 at 1685807397014572000
[Consesus log] 2023/06/03 15:49:57.014594 logger.go:32: commit Block[geswfcsjiycbxdwdgomr] in seq 98 at 1685807397014593000
[Consesus log] 2023/06/03 15:49:57.014614 logger.go:32: commit Block[xpjzgkqyqihsyglccklv] in seq 99 at 1685807397014613000
[Consesus log] 2023/06/03 15:49:57.783092 logger.go:32: commit Block[bmteifnwgffpgyrbukrj] in seq 100 at 1685807397783075000
[Consesus log] 2023/06/03 15:49:58.090745 logger.go:32: commit Block[lifqjozhsuwibypsbhea] in seq 101 at 1685807398090736000
[Consesus log] 2023/06/03 15:49:58.090807 logger.go:32: commit Block[pghluwemvhjwxkutpknn] in seq 102 at 1685807398090805000
[Consesus log] 2023/06/03 15:49:58.953051 logger.go:32: commit Block[gpoathwcjypiilshkzhu] in seq 103 at 1685807398953048000
[Consesus log] 2023/06/03 15:49:59.467793 logger.go:32: commit Block[mrcspbykaiutnxyjzflo] in seq 104 at 1685807399467787000
[Consesus log] 2023/06/03 15:50:00.282422 logger.go:32: commit Block[wjjezdsnlrylatkprdfu] in seq 105 at 1685807400282408000
[Consesus log] 2023/06/03 15:50:00.282479 logger.go:32: commit Block[ffozkpzdfjknatsbittk] in seq 106 at 1685807400282476000
[Consesus log] 2023/06/03 15:50:00.795839 logger.go:32: commit Block[khekjujqpgnxcwdcvcib] in seq 107 at 1685807400795829000
[Consesus log] 2023/06/03 15:50:00.795903 logger.go:32: commit Block[vbifxyixokhkvfjkqbjd] in seq 108 at 1685807400795900000
[Consesus log] 2023/06/03 15:50:00.795941 logger.go:32: commit Block[lntptcvwpiaqudpiihmk] in seq 109 at 1685807400795939000
[Consesus log] 2023/06/03 15:50:01.406201 logger.go:32: commit Block[kizzsblhofvqjraoxmdz] in seq 110 at 1685807401406197000
[Consesus log] 2023/06/03 15:50:01.406237 logger.go:32: commit Block[xysndzdodxrdsdznnlxh] in seq 111 at 1685807401406236000
[Consesus log] 2023/06/03 15:50:01.866596 logger.go:32: commit Block[mtoguconuotdkctyuruo] in seq 112 at 1685807401866588000
[Consesus log] 2023/06/03 15:50:01.866651 logger.go:32: commit Block[nufsnxklocppznbbnquc] in seq 113 at 1685807401866649000
[Consesus log] 2023/06/03 15:50:01.866680 logger.go:32: commit Block[bxtnbjrgqdpjqrcsrtdm] in seq 114 at 1685807401866678000
[Consesus log] 2023/06/03 15:50:02.789153 logger.go:32: commit Block[jjcntnfwlufueajhpvet] in seq 115 at 1685807402789137000
[Consesus log] 2023/06/03 15:50:03.246526 logger.go:32: commit Block[rhveibrmtdoxuelfswrs] in seq 116 at 1685807403246514000
[Consesus log] 2023/06/03 15:50:04.119168 logger.go:32: commit Block[hxggiwdyolbmlcemgoyh] in seq 117 at 1685807404119162000
[Consesus log] 2023/06/03 15:50:04.121893 logger.go:32: commit Block[xpklvewhsuwlntasvjsy] in seq 118 at 1685807404121888000
[Consesus log] 2023/06/03 15:50:04.121937 logger.go:32: commit Block[efmnjkeaozurcwfcxyoc] in seq 119 at 1685807404121935000
[Consesus log] 2023/06/03 15:50:04.121977 logger.go:32: commit Block[bfweaerexlqmrwkftklh] in seq 120 at 1685807404121975000
[Consesus log] 2023/06/03 15:50:04.122015 logger.go:32: commit Block[tceapekitvijatezqoiv] in seq 121 at 1685807404122013000
[Consesus log] 2023/06/03 15:50:04.122051 logger.go:32: commit Block[ggtpqwotbnswvsbywiti] in seq 122 at 1685807404122049000
[Consesus log] 2023/06/03 15:50:04.122086 logger.go:32: commit Block[ueoihvbxgcynzlkvuvij] in seq 123 at 1685807404122084000
[Consesus log] 2023/06/03 15:50:04.122125 logger.go:32: commit Block[xodgmnnyiaspobfqnvro] in seq 124 at 1685807404122123000
[Consesus log] 2023/06/03 15:50:04.122161 logger.go:32: commit Block[rovtejkkxkxqebryhwgd] in seq 125 at 1685807404122160000
[Consesus log] 2023/06/03 15:50:04.122202 logger.go:32: commit Block[dorafnxjmbltcdqqbglf] in seq 126 at 1685807404122199000
[Consesus log] 2023/06/03 15:50:04.122239 logger.go:32: commit Block[rtqxemklqgwgrdzdtjxy] in seq 127 at 1685807404122237000
[Consesus log] 2023/06/03 15:50:04.122277 logger.go:32: commit Block[vwrdqkxedkiahgaxkuhl] in seq 128 at 1685807404122275000
[Consesus log] 2023/06/03 15:50:04.122316 logger.go:32: commit Block[flkwrevvzijlupdapsan] in seq 129 at 1685807404122314000
[Consesus log] 2023/06/03 15:50:04.122352 logger.go:32: commit Block[xgnxdmnvwuvialboaojx] in seq 130 at 1685807404122349000
[Consesus log] 2023/06/03 15:50:04.122389 logger.go:32: commit Block[ulaycqkmjgnkkurrzqde] in seq 131 at 1685807404122387000
[Consesus log] 2023/06/03 15:50:04.122427 logger.go:32: commit Block[xoeielzhkfphjneluzpo] in seq 132 at 1685807404122425000
[Consesus log] 2023/06/03 15:50:04.122502 logger.go:32: commit Block[murtuxktdieggpvzgbqy] in seq 133 at 1685807404122500000
[Consesus log] 2023/06/03 15:50:04.122533 logger.go:32: commit Block[zaqfbiunosbspvfnutcr] in seq 134 at 1685807404122531000
[Consesus log] 2023/06/03 15:50:04.122562 logger.go:32: commit Block[pbfsfikullyriudirsve] in seq 135 at 1685807404122561000
[Consesus log] 2023/06/03 15:50:04.122591 logger.go:32: commit Block[qqvoygvkzexwfkrbhiux] in seq 136 at 1685807404122589000
[Consesus log] 2023/06/03 15:50:04.122619 logger.go:32: commit Block[yrnsugivwvnuagdlxxxp] in seq 137 at 1685807404122618000
[Consesus log] 2023/06/03 15:50:04.122649 logger.go:32: commit Block[isqgknkwhpfzsaazuijg] in seq 138 at 1685807404122647000
[Consesus log] 2023/06/03 15:50:04.122677 logger.go:32: commit Block[deimrvvvrfqdozesqygw] in seq 139 at 1685807404122675000
[Consesus log] 2023/06/03 15:50:04.122705 logger.go:32: commit Block[eqbvwbnelhduuhdciaof] in seq 140 at 1685807404122704000
[Consesus log] 2023/06/03 15:50:04.122734 logger.go:32: commit Block[xvwhtdflmshirxqpnkmq] in seq 141 at 1685807404122732000
[Consesus log] 2023/06/03 15:50:04.122765 logger.go:32: commit Block[fikeriohsmliyitlksmr] in seq 142 at 1685807404122763000
[Consesus log] 2023/06/03 15:50:04.122799 logger.go:32: commit Block[ihgtslnlxsnbckfwckic] in seq 143 at 1685807404122797000
[Consesus log] 2023/06/03 15:50:04.122830 logger.go:32: commit Block[pdkvxtgljfivlodokvpb] in seq 144 at 1685807404122829000
[Consesus log] 2023/06/03 15:50:04.122862 logger.go:32: commit Block[zddxaeiocgvjggtikryk] in seq 145 at 1685807404122860000
[Consesus log] 2023/06/03 15:50:04.122892 logger.go:32: commit Block[hwvhqbatgbbnjprvcscr] in seq 146 at 1685807404122890000
[Consesus log] 2023/06/03 15:50:04.122920 logger.go:32: commit Block[mvknmyqybijiqhjqhwqx] in seq 147 at 1685807404122918000
[Consesus log] 2023/06/03 15:50:04.122948 logger.go:32: commit Block[eeyhzovuucvqcmdgdlmt] in seq 148 at 1685807404122946000
[Consesus log] 2023/06/03 15:50:04.122975 logger.go:32: commit Block[alxkpvoasnabvdiepsdd] in seq 149 at 1685807404122973000
[Consesus log] 2023/06/03 15:50:04.123003 logger.go:32: commit Block[kvjtrxadcvpuseiwbuwo] in seq 150 at 1685807404123002000
[Consesus log] 2023/06/03 15:50:04.123036 logger.go:32: commit Block[popdrjnopttuvmfwvede] in seq 151 at 1685807404123035000
[Consesus log] 2023/06/03 15:50:04.123066 logger.go:32: commit Block[fnjwjuqfdudaitvprnda] in seq 152 at 1685807404123065000
[Consesus log] 2023/06/03 15:50:04.123097 logger.go:32: commit Block[ibdwjtotvuxaxqjuuurw] in seq 153 at 1685807404123095000
[Consesus log] 2023/06/03 15:50:04.123124 logger.go:32: commit Block[uescyhzwbofhlrdarelw] in seq 154 at 1685807404123122000
[Consesus log] 2023/06/03 15:50:04.123156 logger.go:32: commit Block[ewdsqottdtulwarsvuok] in seq 155 at 1685807404123154000
[Consesus log] 2023/06/03 15:50:04.123185 logger.go:32: commit Block[sgwbbixkddrqxqojnvuq] in seq 156 at 1685807404123184000
[Consesus log] 2023/06/03 15:50:04.123216 logger.go:32: commit Block[qvwkgsntcpnyoqqhmzbn] in seq 157 at 1685807404123214000
[Consesus log] 2023/06/03 15:50:04.123245 logger.go:32: commit Block[dyheecgwvxoyrdrmsagr] in seq 158 at 1685807404123243000
[Consesus log] 2023/06/03 15:50:04.123273 logger.go:32: commit Block[mnplrzmmadwkwxmmjeqk] in seq 159 at 1685807404123271000
[Consesus log] 2023/06/03 15:50:04.123300 logger.go:32: commit Block[fupgmsrzqzwjdrccwipf] in seq 160 at 1685807404123299000
[Consesus log] 2023/06/03 15:50:04.123330 logger.go:32: commit Block[fawrfqoacmublktkeovo] in seq 161 at 1685807404123329000
[Consesus log] 2023/06/03 15:50:04.123359 logger.go:32: commit Block[qprjvbtwucycoqxzcwyq] in seq 162 at 1685807404123357000
[Consesus log] 2023/06/03 15:50:04.123388 logger.go:32: commit Block[hyhyjpncsciekbuhqcmm] in seq 163 at 1685807404123387000
[Consesus log] 2023/06/03 15:50:04.123417 logger.go:32: commit Block[rqvbnagnzlfnamyeqqng] in seq 164 at 1685807404123415000
[Consesus log] 2023/06/03 15:50:04.123445 logger.go:32: commit Block[gplbjkzmqueckgthfpym] in seq 165 at 1685807404123444000
[Consesus log] 2023/06/03 15:50:04.123501 logger.go:32: commit Block[uhjqiaawtahxbumadvfp] in seq 166 at 1685807404123499000
[Consesus log] 2023/06/03 15:50:04.123530 logger.go:32: commit Block[mslgqburyxvxtvhnqepv] in seq 167 at 1685807404123528000
[Consesus log] 2023/06/03 15:50:04.123557 logger.go:32: commit Block[zulnwvprvesabcjoappg] in seq 168 at 1685807404123556000
[Consesus log] 2023/06/03 15:50:04.123585 logger.go:32: commit Block[dkiuidjopprcptzxcnnj] in seq 169 at 1685807404123584000
[Consesus log] 2023/06/03 15:50:04.123613 logger.go:32: commit Block[tjtrxeutqblfcgfwlabw] in seq 170 at 1685807404123611000
[Consesus log] 2023/06/03 15:50:04.123639 logger.go:32: commit Block[rqhrcanzggbmqtqweidc] in seq 171 at 1685807404123637000
[Consesus log] 2023/06/03 15:50:04.123665 logger.go:32: commit Block[uysvpfxdnbkootvkifmq] in seq 172 at 1685807404123663000
[Consesus log] 2023/06/03 15:50:04.123692 logger.go:32: commit Block[sqmdsroxlmoslqniljpg] in seq 173 at 1685807404123690000
[Consesus log] 2023/06/03 15:50:04.123718 logger.go:32: commit Block[vvwjvfsfnknfxiujsnpr] in seq 174 at 1685807404123716000
[Consesus log] 2023/06/03 15:50:04.123745 logger.go:32: commit Block[mlbpepccifhhmipvbckm] in seq 175 at 1685807404123743000
[Consesus log] 2023/06/03 15:50:04.123771 logger.go:32: commit Block[rhntrvpnbeuecadvgpgo] in seq 176 at 1685807404123770000
[Consesus log] 2023/06/03 15:50:04.123797 logger.go:32: commit Block[msoedwskifzbtivbmocz] in seq 177 at 1685807404123796000
[Consesus log] 2023/06/03 15:50:04.123824 logger.go:32: commit Block[pzywmpqwfufglzhvlkpe] in seq 178 at 1685807404123822000
[Consesus log] 2023/06/03 15:50:04.123849 logger.go:32: commit Block[izrvckhpuundysajvvbm] in seq 179 at 1685807404123848000
[Consesus log] 2023/06/03 15:50:04.123876 logger.go:32: commit Block[ljzcisnpcwvetpsmmetd] in seq 180 at 1685807404123874000
[Consesus log] 2023/06/03 15:50:04.123901 logger.go:32: commit Block[wmckefvypdiqjzftpyoi] in seq 181 at 1685807404123899000
[Consesus log] 2023/06/03 15:50:04.123926 logger.go:32: commit Block[wgoxpjskyqeohfezthmf] in seq 182 at 1685807404123925000
[Consesus log] 2023/06/03 15:50:04.123952 logger.go:32: commit Block[pzwuklnosmpfynftlwbp] in seq 183 at 1685807404123950000
[Consesus log] 2023/06/03 15:50:04.123978 logger.go:32: commit Block[qhuefbejfbcjbsqcjkkd] in seq 184 at 1685807404123976000
[Consesus log] 2023/06/03 15:50:04.124010 logger.go:32: commit Block[qtdyilfauechbuowgkgk] in seq 185 at 1685807404124009000
[Consesus log] 2023/06/03 15:50:04.124038 logger.go:32: commit Block[amidxbvxzetjqwmnfoya] in seq 186 at 1685807404124036000
[Consesus log] 2023/06/03 15:50:04.124064 logger.go:32: commit Block[zpvobnjsmbpscvjniiim] in seq 187 at 1685807404124062000
[Consesus log] 2023/06/03 15:50:04.124090 logger.go:32: commit Block[dodqzxecgxldqngfofxw] in seq 188 at 1685807404124088000
[Consesus log] 2023/06/03 15:50:04.124115 logger.go:32: commit Block[axqtzhfzffmzrwugqixb] in seq 189 at 1685807404124114000
[Consesus log] 2023/06/03 15:50:04.124141 logger.go:32: commit Block[nniyflxlrfdtaqnoqqyw] in seq 190 at 1685807404124139000
[Consesus log] 2023/06/03 15:50:04.124172 logger.go:32: commit Block[xezghcmsojzmqyzhxqsb] in seq 191 at 1685807404124170000
[Consesus log] 2023/06/03 15:50:04.124199 logger.go:32: commit Block[nksnauojeydbfzmmpjjg] in seq 192 at 1685807404124197000
[Consesus log] 2023/06/03 15:50:04.124225 logger.go:32: commit Block[ntpkrtndihyovdboidgk] in seq 193 at 1685807404124223000
[Consesus log] 2023/06/03 15:50:04.124253 logger.go:32: commit Block[mjmdwsfxqumrgaryzgpj] in seq 194 at 1685807404124251000
[Consesus log] 2023/06/03 15:50:04.124279 logger.go:32: commit Block[ffbhxfggjnlhsmofdbob] in seq 195 at 1685807404124278000
[Consesus log] 2023/06/03 15:50:04.124305 logger.go:32: commit Block[czinpwhnvzuzadppcsmh] in seq 196 at 1685807404124303000
[Consesus log] 2023/06/03 15:50:04.124331 logger.go:32: commit Block[plrrbzfctejveietpnzr] in seq 197 at 1685807404124330000
[Consesus log] 2023/06/03 15:50:04.124358 logger.go:32: commit Block[mowdkmvfmyoywhgjldab] in seq 198 at 1685807404124356000
[Consesus log] 2023/06/03 15:50:04.124407 logger.go:32: commit Block[ytvjuhlczvloulndawfy] in seq 199 at 1685807404124405000
[Consesus log] 2023/06/03 15:50:04.124435 logger.go:32: commit Block[jmewoinxdwtwceoliuix] in seq 200 at 1685807404124433000
[Consesus log] 2023/06/03 15:50:04.124461 logger.go:32: commit Block[glukfvmvbuajpbypbhld] in seq 201 at 1685807404124459000
[Consesus log] 2023/06/03 15:50:04.124488 logger.go:32: commit Block[nogmwyskkzfiaqumzchw] in seq 202 at 1685807404124486000
[Consesus log] 2023/06/03 15:50:04.124514 logger.go:32: commit Block[jqdyudprjlbhewsvmszn] in seq 203 at 1685807404124512000
[Consesus log] 2023/06/03 15:50:04.124539 logger.go:32: commit Block[gjukvnbvngskupequsym] in seq 204 at 1685807404124537000
[Consesus log] 2023/06/03 15:50:04.124566 logger.go:32: commit Block[okuzwhxovsfwbbouxblr] in seq 205 at 1685807404124564000
[Consesus log] 2023/06/03 15:50:04.124592 logger.go:32: commit Block[nrczcbfugnwhbzprgskw] in seq 206 at 1685807404124590000
[Consesus log] 2023/06/03 15:50:04.124626 logger.go:32: commit Block[cvkxvsrcmjqbqzyyttqg] in seq 207 at 1685807404124624000
[Consesus log] 2023/06/03 15:50:04.124660 logger.go:32: commit Block[wgturlqfqebthdphjbgt] in seq 208 at 1685807404124658000
[Consesus log] 2023/06/03 15:50:04.124702 logger.go:32: commit Block[ftalefzxfueneylfzgpc] in seq 209 at 1685807404124699000
[Consesus log] 2023/06/03 15:50:04.124741 logger.go:32: commit Block[dvwtsdblewtrmxswaaef] in seq 210 at 1685807404124739000
[Consesus log] 2023/06/03 15:50:04.124787 logger.go:32: commit Block[bdoqerugceaapauytvdf] in seq 211 at 1685807404124785000
[Consesus log] 2023/06/03 15:50:04.124821 logger.go:32: commit Block[aduujxruosxvvdswpxay] in seq 212 at 1685807404124814000
[Consesus log] 2023/06/03 15:50:04.124855 logger.go:32: commit Block[bbiyouqnvjywacqaccdj] in seq 213 at 1685807404124853000
[Consesus log] 2023/06/03 15:50:04.124891 logger.go:32: commit Block[guijeqmhqlbazxugpgvx] in seq 214 at 1685807404124889000
[Consesus log] 2023/06/03 15:50:04.124934 logger.go:32: commit Block[mpsjnfreihrsfprgphks] in seq 215 at 1685807404124933000
[Consesus log] 2023/06/03 15:50:04.124963 logger.go:32: commit Block[jeiaeayefzwjlupmqaez] in seq 216 at 1685807404124962000
[Consesus log] 2023/06/03 15:50:04.125002 logger.go:32: commit Block[eomeeqscicdgyjufuadm] in seq 217 at 1685807404125001000
[Consesus log] 2023/06/03 15:50:04.125033 logger.go:32: commit Block[eqmykjdwghkybsiuqyet] in seq 218 at 1685807404125031000
[Consesus log] 2023/06/03 15:50:04.125092 logger.go:32: commit Block[tkwttsoeancyognnhimi] in seq 219 at 1685807404125090000
[Consesus log] 2023/06/03 15:50:04.125130 logger.go:32: commit Block[zatzqxqrhtyqygvmnhwh] in seq 220 at 1685807404125129000
[Consesus log] 2023/06/03 15:50:04.125159 logger.go:32: commit Block[qpbcoyabghtpmyyokqqr] in seq 221 at 1685807404125157000
[Consesus log] 2023/06/03 15:50:04.125188 logger.go:32: commit Block[fztsubrycrhiwrtipkxb] in seq 222 at 1685807404125186000
[Consesus log] 2023/06/03 15:50:04.125220 logger.go:32: commit Block[elspguiuygmljbtppjxd] in seq 223 at 1685807404125218000
[Consesus log] 2023/06/03 15:50:04.125250 logger.go:32: commit Block[gwbdfdrhsqlbmqpqfzgc] in seq 224 at 1685807404125248000
[Consesus log] 2023/06/03 15:50:04.125278 logger.go:32: commit Block[nqdppphbookbjskhxwua] in seq 225 at 1685807404125277000
[Consesus log] 2023/06/03 15:50:04.125306 logger.go:32: commit Block[zzxjinrjskjtkzumhanu] in seq 226 at 1685807404125304000
[Consesus log] 2023/06/03 15:50:04.125333 logger.go:32: commit Block[revudrutuarruoydmjhd] in seq 227 at 1685807404125332000
[Consesus log] 2023/06/03 15:50:04.125358 logger.go:32: commit Block[yqpfqbzprrkweozyjihh] in seq 228 at 1685807404125357000
[Consesus log] 2023/06/03 15:50:04.125378 logger.go:32: commit Block[clrllqciaijkpjnpcwzn] in seq 229 at 1685807404125377000
[Consesus log] 2023/06/03 15:50:04.125399 logger.go:32: commit Block[izwpzjjrfwwfbinkmdos] in seq 230 at 1685807404125398000
[Consesus log] 2023/06/03 15:50:04.125420 logger.go:32: commit Block[xsfccswsspomuadrcxhw] in seq 231 at 1685807404125418000
[Consesus log] 2023/06/03 15:50:04.125456 logger.go:32: commit Block[vfvwcajjrjpdxmsgyacw] in seq 232 at 1685807404125454000
[Consesus log] 2023/06/03 15:50:04.125476 logger.go:32: commit Block[mcafwrooczccoibzwobs] in seq 233 at 1685807404125475000
[Consesus log] 2023/06/03 15:50:04.125496 logger.go:32: commit Block[assjqwmdyhfsdeofdagq] in seq 234 at 1685807404125494000
[Consesus log] 2023/06/03 15:50:04.125515 logger.go:32: commit Block[msxfmpxrfrlgrabpjtnu] in seq 235 at 1685807404125513000
[Consesus log] 2023/06/03 15:50:04.125533 logger.go:32: commit Block[naeqqkxqirghzdqjemsk] in seq 236 at 1685807404125532000
[Consesus log] 2023/06/03 15:50:04.989190 logger.go:32: commit Block[xldtgieetdiprsbeytnt] in seq 237 at 1685807404989178000
[Consesus log] 2023/06/03 15:50:05.401413 logger.go:32: commit Block[mhmfevxvnrdceigbetos] in seq 238 at 1685807405401404000
[Consesus log] 2023/06/03 15:50:05.401450 logger.go:32: commit Block[nluikvyralwbjtosepph] in seq 239 at 1685807405401448000
[Consesus log] 2023/06/03 15:50:05.708813 logger.go:32: commit Block[shmbmffzhiueyaxybvyr] in seq 240 at 1685807405708809000
[Consesus log] 2023/06/03 15:50:06.625812 logger.go:32: commit Block[rqoiwvxvbezajesctelu] in seq 241 at 1685807406625807000
[Consesus log] 2023/06/03 15:50:06.625876 logger.go:32: commit Block[dimigxrgvynaxyepjamn] in seq 242 at 1685807406625874000
[Consesus log] 2023/06/03 15:50:06.625913 logger.go:32: commit Block[syazttpwimjempnjovaw] in seq 243 at 1685807406625911000
[Consesus log] 2023/06/03 15:50:06.625948 logger.go:32: commit Block[eiexvurkleggluhxiktt] in seq 244 at 1685807406625946000
[Consesus log] 2023/06/03 15:50:06.625977 logger.go:32: commit Block[tsvzfvxzsrothyfxjhsi] in seq 245 at 1685807406625975000
[Consesus log] 2023/06/03 15:50:06.935401 logger.go:32: commit Block[aofursfvuqfmsoeinbqs] in seq 246 at 1685807406935398000
[Consesus log] 2023/06/03 15:50:07.547635 logger.go:32: commit Block[dfwrdhgnaxtesvlmupdn] in seq 247 at 1685807407547623000
[Consesus log] 2023/06/03 15:50:08.163237 logger.go:32: commit Block[kbimvpfefzvgxjlvzbgn] in seq 248 at 1685807408163225000
[Consesus log] 2023/06/03 15:50:08.163275 logger.go:32: commit Block[vpxnvijlqqbrhtlgoiay] in seq 249 at 1685807408163273000
[Consesus log] 2023/06/03 15:50:08.163298 logger.go:32: commit Block[cogiwnmaejifruulwmkx] in seq 250 at 1685807408163297000
[Consesus log] 2023/06/03 15:50:08.163319 logger.go:32: commit Block[mdjtzdqohthbstyfowmt] in seq 251 at 1685807408163318000
[Consesus log] 2023/06/03 15:50:08.974797 logger.go:32: commit Block[jjxuyetbbhjrbjonikhc] in seq 252 at 1685807408974794000
