[Consesus log] 2023/06/03 15:49:51.506837 logger.go:32: commit Block[wczslzcountpaoznyjfa] in seq 1 at 1685807391506830000
[Consesus log] 2023/06/03 15:49:51.506895 logger.go:32: commit Block[fqavaxyovzwconqxzvow] in seq 2 at 1685807391506894000
[Consesus log] 2023/06/03 15:49:51.506920 logger.go:32: commit Block[lhzprdpfkpaairaximot] in seq 3 at 1685807391506918000
[Consesus log] 2023/06/03 15:49:51.506936 logger.go:32: commit Block[rpsegvuunctuswxgsevj] in seq 4 at 1685807391506936000
[Consesus log] 2023/06/03 15:49:51.506953 logger.go:32: commit Block[qltrptqyjrijwlxcdiji] in seq 5 at 1685807391506952000
[Consesus log] 2023/06/03 15:49:51.967038 logger.go:32: commit Block[jzutahxkmzhovugcdlxe] in seq 6 at 1685807391967020000
[Consesus log] 2023/06/03 15:49:51.967103 logger.go:32: commit Block[vfpkseeevdokmjmzsuqt] in seq 7 at 1685807391967100000
[Consesus log] 2023/06/03 15:49:51.967138 logger.go:32: commit Block[vahjevuijqzentiehqga] in seq 8 at 1685807391967136000
[Consesus log] 2023/06/03 15:49:51.967175 logger.go:32: commit Block[jbosaibvszjntkqyybap] in seq 9 at 1685807391967173000
[Consesus log] 2023/06/03 15:49:52.684441 logger.go:32: commit Block[owzirayhmwhmigsqbqfa] in seq 10 at 1685807392684436000
[Consesus log] 2023/06/03 15:49:52.684522 logger.go:32: commit Block[xaoznzhnvqncoegrahto] in seq 11 at 1685807392684520000
[Consesus log] 2023/06/03 15:49:53.142567 logger.go:32: commit Block[esnoishsntutpucnhjlt] in seq 12 at 1685807393142563000
[Consesus log] 2023/06/03 15:49:53.142595 logger.go:32: commit Block[wzulnsrmxssufaunleao] in seq 13 at 1685807393142593000
[Consesus log] 2023/06/03 15:49:53.142619 logger.go:32: commit Block[skhoujoxwnlablynrfeo] in seq 14 at 1685807393142618000
[Consesus log] 2023/06/03 15:49:53.802754 logger.go:32: commit Block[enksdndubahxbexqndrj] in seq 15 at 1685807393802750000
[Consesus log] 2023/06/03 15:49:53.802794 logger.go:32: commit Block[yexuqgfsbiucvydyohyv] in seq 16 at 1685807393802793000
[Consesus log] 2023/06/03 15:49:53.802812 logger.go:32: commit Block[eixeefzhtsbipspldxwb] in seq 17 at 1685807393802811000
[Consesus log] 2023/06/03 15:49:53.802827 logger.go:32: commit Block[bcyhukwxxcnpcizglqkv] in seq 18 at 1685807393802826000
[Consesus log] 2023/06/03 15:49:54.416772 logger.go:32: commit Block[pvihlgqgugoqrfwqjdqf] in seq 19 at 1685807394416763000
[Consesus log] 2023/06/03 15:49:55.185891 logger.go:32: commit Block[uupjyvikvfivsavxnkve] in seq 20 at 1685807395185887000
[Consesus log] 2023/06/03 15:49:55.593389 logger.go:32: commit Block[cqexcnicvqkpdxouvaxy] in seq 21 at 1685807395593381000
[Consesus log] 2023/06/03 15:49:55.593477 logger.go:32: commit Block[wqhkvvxfqzcnczborezc] in seq 22 at 1685807395593475000
[Consesus log] 2023/06/03 15:49:55.593509 logger.go:32: commit Block[wuhahptvaxyuauekknni] in seq 23 at 1685807395593507000
[Consesus log] 2023/06/03 15:49:56.043061 logger.go:32: generate Block[dfeapjnysqmwnrkuvvqr] in seq 95 at 1685807396043033000
[Consesus log] 2023/06/03 15:49:56.093340 logger.go:32: generate Block[yyegczhvdnfmdmjtxulo] in seq 96 at 1685807396093326000
[Consesus log] 2023/06/03 15:49:56.143661 logger.go:32: generate Block[eucmmrvfbkdxphohzuqe] in seq 97 at 1685807396143650000
[Consesus log] 2023/06/03 15:49:56.194016 logger.go:32: generate Block[geswfcsjiycbxdwdgomr] in seq 98 at 1685807396194003000
[Consesus log] 2023/06/03 15:49:56.244528 logger.go:32: generate Block[xpjzgkqyqihsyglccklv] in seq 99 at 1685807396244511000
[Consesus log] 2023/06/03 15:49:56.295258 logger.go:32: generate Block[bmteifnwgffpgyrbukrj] in seq 100 at 1685807396295232000
[Consesus log] 2023/06/03 15:49:56.346583 logger.go:32: generate Block[lifqjozhsuwibypsbhea] in seq 101 at 1685807396346478000
[Consesus log] 2023/06/03 15:49:56.397454 logger.go:32: generate Block[pghluwemvhjwxkutpknn] in seq 102 at 1685807396397407000
[Consesus log] 2023/06/03 15:49:56.448469 logger.go:32: generate Block[gpoathwcjypiilshkzhu] in seq 103 at 1685807396448420000
[Consesus log] 2023/06/03 15:49:56.499548 logger.go:32: generate Block[mrcspbykaiutnxyjzflo] in seq 104 at 1685807396499533000
[Consesus log] 2023/06/03 15:49:56.550869 logger.go:32: generate Block[wjjezdsnlrylatkprdfu] in seq 105 at 1685807396550855000
[Consesus log] 2023/06/03 15:49:56.551106 logger.go:32: commit Block[scllzfhtkbatzchligck] in seq 24 at 1685807396551102000
[Consesus log] 2023/06/03 15:49:56.551147 logger.go:32: commit Block[fhfcukupfvaczkxznlrt] in seq 25 at 1685807396551144000
[Consesus log] 2023/06/03 15:49:56.551176 logger.go:32: commit Block[rtxyfpcbpjgwuzzykmaq] in seq 26 at 1685807396551174000
[Consesus log] 2023/06/03 15:49:56.551241 logger.go:32: commit Block[rlegozlbhwnbdxsmiuto] in seq 27 at 1685807396551239000
[Consesus log] 2023/06/03 15:49:56.551275 logger.go:32: commit Block[xnxakrdoiecxvftgpgwe] in seq 28 at 1685807396551273000
[Consesus log] 2023/06/03 15:49:56.551302 logger.go:32: commit Block[jndinuequckvirkguqvt] in seq 29 at 1685807396551300000
[Consesus log] 2023/06/03 15:49:56.551329 logger.go:32: commit Block[lbrjwqheryoboebaosur] in seq 30 at 1685807396551327000
[Consesus log] 2023/06/03 15:49:56.551357 logger.go:32: commit Block[aqpfddhmfbrudqvkirug] in seq 31 at 1685807396551355000
[Consesus log] 2023/06/03 15:49:56.551383 logger.go:32: commit Block[jrwvgqsyiaxjzflsoxgt] in seq 32 at 1685807396551381000
[Consesus log] 2023/06/03 15:49:56.551410 logger.go:32: commit Block[iuqitoslwgvgujxpwohf] in seq 33 at 1685807396551408000
[Consesus log] 2023/06/03 15:49:56.551436 logger.go:32: commit Block[kwshyqmurfnnlytqkogl] in seq 34 at 1685807396551434000
[Consesus log] 2023/06/03 15:49:56.551462 logger.go:32: commit Block[gqzdnruztuqjmtkqzzib] in seq 35 at 1685807396551460000
[Consesus log] 2023/06/03 15:49:56.551488 logger.go:32: commit Block[dvisihxxyamqzrrhbhtn] in seq 36 at 1685807396551485000
[Consesus log] 2023/06/03 15:49:56.551514 logger.go:32: commit Block[iyfibbqysndihrcjtuwa] in seq 37 at 1685807396551513000
[Consesus log] 2023/06/03 15:49:56.551541 logger.go:32: commit Block[uceteavtaccxavsdzsqe] in seq 38 at 1685807396551538000
[Consesus log] 2023/06/03 15:49:56.551567 logger.go:32: commit Block[yuedxdshahxhaexzhgze] in seq 39 at 1685807396551565000
[Consesus log] 2023/06/03 15:49:56.551593 logger.go:32: commit Block[sdsnztfoykavesjxkluo] in seq 40 at 1685807396551591000
[Consesus log] 2023/06/03 15:49:56.551619 logger.go:32: commit Block[emqyoooxzotryffnjagm] in seq 41 at 1685807396551617000
[Consesus log] 2023/06/03 15:49:56.551645 logger.go:32: commit Block[qncfeipexxvmqllybser] in seq 42 at 1685807396551643000
[Consesus log] 2023/06/03 15:49:56.551671 logger.go:32: commit Block[xrndygzuvrkzfhyitvkd] in seq 43 at 1685807396551670000
[Consesus log] 2023/06/03 15:49:56.551698 logger.go:32: commit Block[qciiolcdjczpbjksuhnr] in seq 44 at 1685807396551696000
[Consesus log] 2023/06/03 15:49:56.551725 logger.go:32: commit Block[xfigxgerixdnphxcmjow] in seq 45 at 1685807396551724000
[Consesus log] 2023/06/03 15:49:56.551751 logger.go:32: commit Block[kupaagxrtxyjthjnpbwg] in seq 46 at 1685807396551750000
[Consesus log] 2023/06/03 15:49:56.551779 logger.go:32: commit Block[kfbevojffgvsdznzgzku] in seq 47 at 1685807396551777000
[Consesus log] 2023/06/03 15:49:56.551805 logger.go:32: commit Block[swpaedyrusldwmlblngm] in seq 48 at 1685807396551804000
[Consesus log] 2023/06/03 15:49:56.551833 logger.go:32: commit Block[skqtdpjodjutgahwzvbj] in seq 49 at 1685807396551832000
[Consesus log] 2023/06/03 15:49:56.551859 logger.go:32: commit Block[eljxerfbxojrqtwcntxn] in seq 50 at 1685807396551858000
[Consesus log] 2023/06/03 15:49:56.551885 logger.go:32: commit Block[lpysuqhtemqtkbmlareu] in seq 51 at 1685807396551884000
[Consesus log] 2023/06/03 15:49:56.551912 logger.go:32: commit Block[shfskutefeqrxadwyhef] in seq 52 at 1685807396551910000
[Consesus log] 2023/06/03 15:49:56.551967 logger.go:32: commit Block[auvxxiohutujygbcjweb] in seq 53 at 1685807396551965000
[Consesus log] 2023/06/03 15:49:56.551999 logger.go:32: commit Block[lldkzmbhrgvlsezdyjhu] in seq 54 at 1685807396551997000
[Consesus log] 2023/06/03 15:49:56.552051 logger.go:32: commit Block[elkicvhboraqvahfegvt] in seq 55 at 1685807396552048000
[Consesus log] 2023/06/03 15:49:56.552141 logger.go:32: commit Block[dphnhzsisndcjdmtgblj] in seq 56 at 1685807396552139000
[Consesus log] 2023/06/03 15:49:56.552171 logger.go:32: commit Block[gnatvtvbxroqqwvqxbfh] in seq 57 at 1685807396552169000
[Consesus log] 2023/06/03 15:49:56.552199 logger.go:32: commit Block[hpnpirnzjlplnbujadol] in seq 58 at 1685807396552197000
[Consesus log] 2023/06/03 15:49:56.552224 logger.go:32: commit Block[pxxwmzwvbsdvnqkbennx] in seq 59 at 1685807396552222000
[Consesus log] 2023/06/03 15:49:56.552257 logger.go:32: commit Block[mrtggklmhtzmgrrfrsau] in seq 60 at 1685807396552255000
[Consesus log] 2023/06/03 15:49:56.552293 logger.go:32: commit Block[nmmaqqbznlxpkwfjtpic] in seq 61 at 1685807396552291000
[Consesus log] 2023/06/03 15:49:56.552319 logger.go:32: commit Block[zevfxxqsqsajtiaaueen] in seq 62 at 1685807396552317000
[Consesus log] 2023/06/03 15:49:56.552346 logger.go:32: commit Block[howoneijfcplgeqqinsa] in seq 63 at 1685807396552344000
[Consesus log] 2023/06/03 15:49:56.552371 logger.go:32: commit Block[ieplfccfqdmkcasvfpvt] in seq 64 at 1685807396552370000
[Consesus log] 2023/06/03 15:49:56.552399 logger.go:32: commit Block[wqepqjrzstzbgnqryfgr] in seq 65 at 1685807396552397000
[Consesus log] 2023/06/03 15:49:56.552425 logger.go:32: commit Block[cvhzwywdulgntrxdbrgq] in seq 66 at 1685807396552423000
[Consesus log] 2023/06/03 15:49:56.552451 logger.go:32: commit Block[sxaxlctuikmxnrudoiua] in seq 67 at 1685807396552449000
[Consesus log] 2023/06/03 15:49:56.552476 logger.go:32: commit Block[ohjbtxqyrcrpqdsuysok] in seq 68 at 1685807396552474000
[Consesus log] 2023/06/03 15:49:56.552501 logger.go:32: commit Block[thmmiedagvihmglhzaax] in seq 69 at 1685807396552500000
[Consesus log] 2023/06/03 15:49:56.552527 logger.go:32: commit Block[ryfqyghqibqbjwvxgkgx] in seq 70 at 1685807396552525000
[Consesus log] 2023/06/03 15:49:56.552554 logger.go:32: commit Block[ycxvnuulzaekvnjklria] in seq 71 at 1685807396552552000
[Consesus log] 2023/06/03 15:49:56.552579 logger.go:32: commit Block[kcxjymxsjnlfdoxbzpkd] in seq 72 at 1685807396552578000
[Consesus log] 2023/06/03 15:49:56.552606 logger.go:32: commit Block[ulixgtllzsuqbsmixgem] in seq 73 at 1685807396552604000
[Consesus log] 2023/06/03 15:49:56.552633 logger.go:32: commit Block[knrwjkhkihjvkhhqdzyh] in seq 74 at 1685807396552631000
[Consesus log] 2023/06/03 15:49:56.552658 logger.go:32: commit Block[xnbralumjguegncfezbp] in seq 75 at 1685807396552657000
[Consesus log] 2023/06/03 15:49:56.552685 logger.go:32: commit Block[qnguqrjvzbzocapxizyn] in seq 76 at 1685807396552683000
[Consesus log] 2023/06/03 15:49:56.552711 logger.go:32: commit Block[vruocwrypoibeydukqpi] in seq 77 at 1685807396552709000
[Consesus log] 2023/06/03 15:49:56.552736 logger.go:32: commit Block[ewvzjkovicvdzbwmgktt] in seq 78 at 1685807396552734000
[Consesus log] 2023/06/03 15:49:56.552763 logger.go:32: commit Block[nlopvfenqfiggydeoqzv] in seq 79 at 1685807396552761000
[Consesus log] 2023/06/03 15:49:56.552788 logger.go:32: commit Block[wougubroirtkbbxqmair] in seq 80 at 1685807396552787000
[Consesus log] 2023/06/03 15:49:56.552814 logger.go:32: commit Block[lohcajmahjultocfikxc] in seq 81 at 1685807396552812000
[Consesus log] 2023/06/03 15:49:56.552840 logger.go:32: commit Block[hesmbckoelcvumgmzrgp] in seq 82 at 1685807396552838000
[Consesus log] 2023/06/03 15:49:56.552866 logger.go:32: commit Block[ktqbietumaqdborxsczg] in seq 83 at 1685807396552864000
[Consesus log] 2023/06/03 15:49:56.552891 logger.go:32: commit Block[fagamisujiqtvdgjprew] in seq 84 at 1685807396552890000
[Consesus log] 2023/06/03 15:49:56.552918 logger.go:32: commit Block[ekielmpuuzsakxraseqo] in seq 85 at 1685807396552916000
[Consesus log] 2023/06/03 15:49:56.552943 logger.go:32: commit Block[dleeasyihxasdnwqghws] in seq 86 at 1685807396552942000
[Consesus log] 2023/06/03 15:49:56.552969 logger.go:32: commit Block[mtgsiqyopkhmelyxmlmy] in seq 87 at 1685807396552968000
[Consesus log] 2023/06/03 15:49:56.552995 logger.go:32: commit Block[xpxvancdakqxmnjlbbdc] in seq 88 at 1685807396552993000
[Consesus log] 2023/06/03 15:49:56.553060 logger.go:32: commit Block[qnhxgmrvyijdjeirduhv] in seq 89 at 1685807396553058000
[Consesus log] 2023/06/03 15:49:56.553087 logger.go:32: commit Block[rqspkoyzymhyqyqpvvyw] in seq 90 at 1685807396553086000
[Consesus log] 2023/06/03 15:49:56.553113 logger.go:32: commit Block[mlntnwkizwtqaagzpnbh] in seq 91 at 1685807396553111000
[Consesus log] 2023/06/03 15:49:56.553138 logger.go:32: commit Block[znkrtqlfnunqbbfxxbkb] in seq 92 at 1685807396553136000
[Consesus log] 2023/06/03 15:49:56.553165 logger.go:32: commit Block[zmqhhtrmqumclfzhkxbb] in seq 93 at 1685807396553163000
[Consesus log] 2023/06/03 15:49:56.553192 logger.go:32: commit Block[lammmfllfrcrabgopwfp] in seq 94 at 1685807396553189000
[Consesus log] 2023/06/03 15:49:56.604379 logger.go:32: generate Block[ffozkpzdfjknatsbittk] in seq 106 at 1685807396604364000
[Consesus log] 2023/06/03 15:49:56.655679 logger.go:32: generate Block[khekjujqpgnxcwdcvcib] in seq 107 at 1685807396655664000
[Consesus log] 2023/06/03 15:49:56.706998 logger.go:32: generate Block[vbifxyixokhkvfjkqbjd] in seq 108 at 1685807396706981000
[Consesus log] 2023/06/03 15:49:56.758420 logger.go:32: generate Block[lntptcvwpiaqudpiihmk] in seq 109 at 1685807396758407000
[Consesus log] 2023/06/03 15:49:56.809156 logger.go:32: generate Block[kizzsblhofvqjraoxmdz] in seq 110 at 1685807396809143000
[Consesus log] 2023/06/03 15:49:56.860510 logger.go:32: generate Block[xysndzdodxrdsdznnlxh] in seq 111 at 1685807396860495000
[Consesus log] 2023/06/03 15:49:56.911971 logger.go:32: generate Block[mtoguconuotdkctyuruo] in seq 112 at 1685807396911935000
[Consesus log] 2023/06/03 15:49:56.912183 logger.go:32: commit Block[dfeapjnysqmwnrkuvvqr] in seq 95 at 1685807396912179000
[Consesus log] 2023/06/03 15:49:56.912217 logger.go:32: commit Block[yyegczhvdnfmdmjtxulo] in seq 96 at 1685807396912216000
[Consesus log] 2023/06/03 15:49:56.912249 logger.go:32: commit Block[eucmmrvfbkdxphohzuqe] in seq 97 at 1685807396912247000
[Consesus log] 2023/06/03 15:49:56.912279 logger.go:32: commit Block[geswfcsjiycbxdwdgomr] in seq 98 at 1685807396912278000
[Consesus log] 2023/06/03 15:49:56.912308 logger.go:32: commit Block[xpjzgkqyqihsyglccklv] in seq 99 at 1685807396912306000
[Consesus log] 2023/06/03 15:49:56.963407 logger.go:32: generate Block[nufsnxklocppznbbnquc] in seq 113 at 1685807396963398000
[Consesus log] 2023/06/03 15:49:57.013974 logger.go:32: generate Block[bxtnbjrgqdpjqrcsrtdm] in seq 114 at 1685807397013966000
[Consesus log] 2023/06/03 15:49:57.065316 logger.go:32: generate Block[jjcntnfwlufueajhpvet] in seq 115 at 1685807397065295000
[Consesus log] 2023/06/03 15:49:57.116468 logger.go:32: generate Block[rhveibrmtdoxuelfswrs] in seq 116 at 1685807397116450000
[Consesus log] 2023/06/03 15:49:57.167907 logger.go:32: generate Block[hxggiwdyolbmlcemgoyh] in seq 117 at 1685807397167896000
[Consesus log] 2023/06/03 15:49:57.219063 logger.go:32: generate Block[xpklvewhsuwlntasvjsy] in seq 118 at 1685807397219048000
[Consesus log] 2023/06/03 15:49:57.270456 logger.go:32: generate Block[efmnjkeaozurcwfcxyoc] in seq 119 at 1685807397270442000
[Consesus log] 2023/06/03 15:49:57.321169 logger.go:32: generate Block[bfweaerexlqmrwkftklh] in seq 120 at 1685807397321155000
[Consesus log] 2023/06/03 15:49:57.372530 logger.go:32: generate Block[tceapekitvijatezqoiv] in seq 121 at 1685807397372517000
[Consesus log] 2023/06/03 15:49:57.423790 logger.go:32: generate Block[ggtpqwotbnswvsbywiti] in seq 122 at 1685807397423780000
[Consesus log] 2023/06/03 15:49:57.474815 logger.go:32: generate Block[ueoihvbxgcynzlkvuvij] in seq 123 at 1685807397474776000
[Consesus log] 2023/06/03 15:49:57.526124 logger.go:32: generate Block[xodgmnnyiaspobfqnvro] in seq 124 at 1685807397526111000
[Consesus log] 2023/06/03 15:49:57.577577 logger.go:32: generate Block[rovtejkkxkxqebryhwgd] in seq 125 at 1685807397577553000
[Consesus log] 2023/06/03 15:49:57.629051 logger.go:32: generate Block[dorafnxjmbltcdqqbglf] in seq 126 at 1685807397629037000
[Consesus log] 2023/06/03 15:49:57.629243 logger.go:32: commit Block[bmteifnwgffpgyrbukrj] in seq 100 at 1685807397629240000
[Consesus log] 2023/06/03 15:49:57.680484 logger.go:32: generate Block[rtqxemklqgwgrdzdtjxy] in seq 127 at 1685807397680475000
[Consesus log] 2023/06/03 15:49:57.730816 logger.go:32: generate Block[vwrdqkxedkiahgaxkuhl] in seq 128 at 1685807397730806000
[Consesus log] 2023/06/03 15:49:57.782082 logger.go:32: generate Block[flkwrevvzijlupdapsan] in seq 129 at 1685807397782066000
[Consesus log] 2023/06/03 15:49:57.833460 logger.go:32: generate Block[xgnxdmnvwuvialboaojx] in seq 130 at 1685807397833446000
[Consesus log] 2023/06/03 15:49:57.884804 logger.go:32: generate Block[ulaycqkmjgnkkurrzqde] in seq 131 at 1685807397884793000
[Consesus log] 2023/06/03 15:49:57.936056 logger.go:32: generate Block[xoeielzhkfphjneluzpo] in seq 132 at 1685807397936044000
[Consesus log] 2023/06/03 15:49:57.987425 logger.go:32: generate Block[murtuxktdieggpvzgbqy] in seq 133 at 1685807397987416000
[Consesus log] 2023/06/03 15:49:58.038794 logger.go:32: generate Block[zaqfbiunosbspvfnutcr] in seq 134 at 1685807398038787000
[Consesus log] 2023/06/03 15:49:58.038901 logger.go:32: commit Block[lifqjozhsuwibypsbhea] in seq 101 at 1685807398038899000
[Consesus log] 2023/06/03 15:49:58.038921 logger.go:32: commit Block[pghluwemvhjwxkutpknn] in seq 102 at 1685807398038920000
[Consesus log] 2023/06/03 15:49:58.090148 logger.go:32: generate Block[pbfsfikullyriudirsve] in seq 135 at 1685807398090138000
[Consesus log] 2023/06/03 15:49:58.141402 logger.go:32: generate Block[qqvoygvkzexwfkrbhiux] in seq 136 at 1685807398141386000
[Consesus log] 2023/06/03 15:49:58.192367 logger.go:32: generate Block[yrnsugivwvnuagdlxxxp] in seq 137 at 1685807398192349000
[Consesus log] 2023/06/03 15:49:58.242703 logger.go:32: generate Block[isqgknkwhpfzsaazuijg] in seq 138 at 1685807398242687000
[Consesus log] 2023/06/03 15:49:58.293075 logger.go:32: generate Block[deimrvvvrfqdozesqygw] in seq 139 at 1685807398293066000
[Consesus log] 2023/06/03 15:49:58.343292 logger.go:32: generate Block[eqbvwbnelhduuhdciaof] in seq 140 at 1685807398343281000
[Consesus log] 2023/06/03 15:49:58.393643 logger.go:32: generate Block[xvwhtdflmshirxqpnkmq] in seq 141 at 1685807398393628000
[Consesus log] 2023/06/03 15:49:58.444139 logger.go:32: generate Block[fikeriohsmliyitlksmr] in seq 142 at 1685807398444124000
[Consesus log] 2023/06/03 15:49:58.494789 logger.go:32: generate Block[ihgtslnlxsnbckfwckic] in seq 143 at 1685807398494746000
[Consesus log] 2023/06/03 15:49:58.545506 logger.go:32: generate Block[pdkvxtgljfivlodokvpb] in seq 144 at 1685807398545489000
[Consesus log] 2023/06/03 15:49:58.596292 logger.go:32: generate Block[zddxaeiocgvjggtikryk] in seq 145 at 1685807398596277000
[Consesus log] 2023/06/03 15:49:58.647145 logger.go:32: generate Block[hwvhqbatgbbnjprvcscr] in seq 146 at 1685807398647129000
[Consesus log] 2023/06/03 15:49:58.698078 logger.go:32: generate Block[mvknmyqybijiqhjqhwqx] in seq 147 at 1685807398698061000
[Consesus log] 2023/06/03 15:49:58.749054 logger.go:32: generate Block[eeyhzovuucvqcmdgdlmt] in seq 148 at 1685807398749041000
[Consesus log] 2023/06/03 15:49:58.800221 logger.go:32: generate Block[alxkpvoasnabvdiepsdd] in seq 149 at 1685807398800206000
[Consesus log] 2023/06/03 15:49:58.850922 logger.go:32: generate Block[kvjtrxadcvpuseiwbuwo] in seq 150 at 1685807398850908000
[Consesus log] 2023/06/03 15:49:58.851100 logger.go:32: commit Block[gpoathwcjypiilshkzhu] in seq 103 at 1685807398851097000
[Consesus log] 2023/06/03 15:49:58.901528 logger.go:32: generate Block[popdrjnopttuvmfwvede] in seq 151 at 1685807398901512000
[Consesus log] 2023/06/03 15:49:58.952145 logger.go:32: generate Block[fnjwjuqfdudaitvprnda] in seq 152 at 1685807398952130000
[Consesus log] 2023/06/03 15:49:59.003452 logger.go:32: generate Block[ibdwjtotvuxaxqjuuurw] in seq 153 at 1685807399003438000
[Consesus log] 2023/06/03 15:49:59.054464 logger.go:32: generate Block[uescyhzwbofhlrdarelw] in seq 154 at 1685807399054448000
[Consesus log] 2023/06/03 15:49:59.105079 logger.go:32: generate Block[ewdsqottdtulwarsvuok] in seq 155 at 1685807399105063000
[Consesus log] 2023/06/03 15:49:59.155508 logger.go:32: generate Block[sgwbbixkddrqxqojnvuq] in seq 156 at 1685807399155497000
[Consesus log] 2023/06/03 15:49:59.206881 logger.go:32: generate Block[qvwkgsntcpnyoqqhmzbn] in seq 157 at 1685807399206864000
[Consesus log] 2023/06/03 15:49:59.258211 logger.go:32: generate Block[dyheecgwvxoyrdrmsagr] in seq 158 at 1685807399258197000
[Consesus log] 2023/06/03 15:49:59.308709 logger.go:32: generate Block[mnplrzmmadwkwxmmjeqk] in seq 159 at 1685807399308700000
[Consesus log] 2023/06/03 15:49:59.359503 logger.go:32: generate Block[fupgmsrzqzwjdrccwipf] in seq 160 at 1685807399359493000
[Consesus log] 2023/06/03 15:49:59.410673 logger.go:32: generate Block[fawrfqoacmublktkeovo] in seq 161 at 1685807399410667000
[Consesus log] 2023/06/03 15:49:59.410772 logger.go:32: commit Block[mrcspbykaiutnxyjzflo] in seq 104 at 1685807399410770000
[Consesus log] 2023/06/03 15:49:59.461723 logger.go:32: generate Block[qprjvbtwucycoqxzcwyq] in seq 162 at 1685807399461713000
[Consesus log] 2023/06/03 15:49:59.512985 logger.go:32: generate Block[hyhyjpncsciekbuhqcmm] in seq 163 at 1685807399512974000
[Consesus log] 2023/06/03 15:49:59.564335 logger.go:32: generate Block[rqvbnagnzlfnamyeqqng] in seq 164 at 1685807399564317000
[Consesus log] 2023/06/03 15:49:59.614883 logger.go:32: generate Block[gplbjkzmqueckgthfpym] in seq 165 at 1685807399614869000
[Consesus log] 2023/06/03 15:49:59.666145 logger.go:32: generate Block[uhjqiaawtahxbumadvfp] in seq 166 at 1685807399666137000
[Consesus log] 2023/06/03 15:49:59.717295 logger.go:32: generate Block[mslgqburyxvxtvhnqepv] in seq 167 at 1685807399717289000
[Consesus log] 2023/06/03 15:49:59.768568 logger.go:32: generate Block[zulnwvprvesabcjoappg] in seq 168 at 1685807399768554000
[Consesus log] 2023/06/03 15:49:59.819884 logger.go:32: generate Block[dkiuidjopprcptzxcnnj] in seq 169 at 1685807399819874000
[Consesus log] 2023/06/03 15:49:59.871113 logger.go:32: generate Block[tjtrxeutqblfcgfwlabw] in seq 170 at 1685807399871103000
[Consesus log] 2023/06/03 15:49:59.922354 logger.go:32: generate Block[rqhrcanzggbmqtqweidc] in seq 171 at 1685807399922338000
[Consesus log] 2023/06/03 15:49:59.973195 logger.go:32: generate Block[uysvpfxdnbkootvkifmq] in seq 172 at 1685807399973181000
[Consesus log] 2023/06/03 15:50:00.024517 logger.go:32: generate Block[sqmdsroxlmoslqniljpg] in seq 173 at 1685807400024499000
[Consesus log] 2023/06/03 15:50:00.075963 logger.go:32: generate Block[vvwjvfsfnknfxiujsnpr] in seq 174 at 1685807400075945000
[Consesus log] 2023/06/03 15:50:00.127332 logger.go:32: generate Block[mlbpepccifhhmipvbckm] in seq 175 at 1685807400127317000
[Consesus log] 2023/06/03 15:50:00.178501 logger.go:32: generate Block[rhntrvpnbeuecadvgpgo] in seq 176 at 1685807400178487000
[Consesus log] 2023/06/03 15:50:00.229488 logger.go:32: generate Block[msoedwskifzbtivbmocz] in seq 177 at 1685807400229474000
[Consesus log] 2023/06/03 15:50:00.229781 logger.go:32: commit Block[wjjezdsnlrylatkprdfu] in seq 105 at 1685807400229777000
[Consesus log] 2023/06/03 15:50:00.229832 logger.go:32: commit Block[ffozkpzdfjknatsbittk] in seq 106 at 1685807400229830000
[Consesus log] 2023/06/03 15:50:00.280476 logger.go:32: generate Block[pzywmpqwfufglzhvlkpe] in seq 178 at 1685807400280462000
[Consesus log] 2023/06/03 15:50:00.332160 logger.go:32: generate Block[izrvckhpuundysajvvbm] in seq 179 at 1685807400332143000
[Consesus log] 2023/06/03 15:50:00.383514 logger.go:32: generate Block[ljzcisnpcwvetpsmmetd] in seq 180 at 1685807400383497000
[Consesus log] 2023/06/03 15:50:00.434876 logger.go:32: generate Block[wmckefvypdiqjzftpyoi] in seq 181 at 1685807400434866000
[Consesus log] 2023/06/03 15:50:00.486085 logger.go:32: generate Block[wgoxpjskyqeohfezthmf] in seq 182 at 1685807400486076000
[Consesus log] 2023/06/03 15:50:00.537458 logger.go:32: generate Block[pzwuklnosmpfynftlwbp] in seq 183 at 1685807400537441000
[Consesus log] 2023/06/03 15:50:00.588773 logger.go:32: generate Block[qhuefbejfbcjbsqcjkkd] in seq 184 at 1685807400588762000
[Consesus log] 2023/06/03 15:50:00.642410 logger.go:32: generate Block[qtdyilfauechbuowgkgk] in seq 185 at 1685807400642400000
[Consesus log] 2023/06/03 15:50:00.693163 logger.go:32: generate Block[amidxbvxzetjqwmnfoya] in seq 186 at 1685807400693152000
[Consesus log] 2023/06/03 15:50:00.743505 logger.go:32: generate Block[zpvobnjsmbpscvjniiim] in seq 187 at 1685807400743491000
[Consesus log] 2023/06/03 15:50:00.743799 logger.go:32: commit Block[khekjujqpgnxcwdcvcib] in seq 107 at 1685807400743795000
[Consesus log] 2023/06/03 15:50:00.743837 logger.go:32: commit Block[vbifxyixokhkvfjkqbjd] in seq 108 at 1685807400743835000
[Consesus log] 2023/06/03 15:50:00.743871 logger.go:32: commit Block[lntptcvwpiaqudpiihmk] in seq 109 at 1685807400743869000
[Consesus log] 2023/06/03 15:50:00.794272 logger.go:32: generate Block[dodqzxecgxldqngfofxw] in seq 188 at 1685807400794254000
[Consesus log] 2023/06/03 15:50:00.844767 logger.go:32: generate Block[axqtzhfzffmzrwugqixb] in seq 189 at 1685807400844752000
[Consesus log] 2023/06/03 15:50:00.895364 logger.go:32: generate Block[nniyflxlrfdtaqnoqqyw] in seq 190 at 1685807400895347000
[Consesus log] 2023/06/03 15:50:00.946091 logger.go:32: generate Block[xezghcmsojzmqyzhxqsb] in seq 191 at 1685807400946075000
[Consesus log] 2023/06/03 15:50:00.996697 logger.go:32: generate Block[nksnauojeydbfzmmpjjg] in seq 192 at 1685807400996683000
[Consesus log] 2023/06/03 15:50:01.047589 logger.go:32: generate Block[ntpkrtndihyovdboidgk] in seq 193 at 1685807401047576000
[Consesus log] 2023/06/03 15:50:01.098413 logger.go:32: generate Block[mjmdwsfxqumrgaryzgpj] in seq 194 at 1685807401098398000
[Consesus log] 2023/06/03 15:50:01.149548 logger.go:32: generate Block[ffbhxfggjnlhsmofdbob] in seq 195 at 1685807401149535000
[Consesus log] 2023/06/03 15:50:01.200736 logger.go:32: generate Block[czinpwhnvzuzadppcsmh] in seq 196 at 1685807401200721000
[Consesus log] 2023/06/03 15:50:01.251689 logger.go:32: generate Block[plrrbzfctejveietpnzr] in seq 197 at 1685807401251677000
[Consesus log] 2023/06/03 15:50:01.302978 logger.go:32: generate Block[mowdkmvfmyoywhgjldab] in seq 198 at 1685807401302964000
[Consesus log] 2023/06/03 15:50:01.303119 logger.go:32: commit Block[kizzsblhofvqjraoxmdz] in seq 110 at 1685807401303117000
[Consesus log] 2023/06/03 15:50:01.303150 logger.go:32: commit Block[xysndzdodxrdsdznnlxh] in seq 111 at 1685807401303148000
[Consesus log] 2023/06/03 15:50:01.353649 logger.go:32: generate Block[ytvjuhlczvloulndawfy] in seq 199 at 1685807401353633000
[Consesus log] 2023/06/03 15:50:01.404980 logger.go:32: generate Block[jmewoinxdwtwceoliuix] in seq 200 at 1685807401404967000
[Consesus log] 2023/06/03 15:50:01.455418 logger.go:32: generate Block[glukfvmvbuajpbypbhld] in seq 201 at 1685807401455404000
[Consesus log] 2023/06/03 15:50:01.506752 logger.go:32: generate Block[nogmwyskkzfiaqumzchw] in seq 202 at 1685807401506735000
[Consesus log] 2023/06/03 15:50:01.558243 logger.go:32: generate Block[jqdyudprjlbhewsvmszn] in seq 203 at 1685807401558226000
[Consesus log] 2023/06/03 15:50:01.609687 logger.go:32: generate Block[gjukvnbvngskupequsym] in seq 204 at 1685807401609673000
[Consesus log] 2023/06/03 15:50:01.660291 logger.go:32: generate Block[okuzwhxovsfwbbouxblr] in seq 205 at 1685807401660275000
[Consesus log] 2023/06/03 15:50:01.711588 logger.go:32: generate Block[nrczcbfugnwhbzprgskw] in seq 206 at 1685807401711579000
[Consesus log] 2023/06/03 15:50:01.762789 logger.go:32: generate Block[cvkxvsrcmjqbqzyyttqg] in seq 207 at 1685807401762778000
[Consesus log] 2023/06/03 15:50:01.813687 logger.go:32: generate Block[wgturlqfqebthdphjbgt] in seq 208 at 1685807401813679000
[Consesus log] 2023/06/03 15:50:01.813794 logger.go:32: commit Block[mtoguconuotdkctyuruo] in seq 112 at 1685807401813792000
[Consesus log] 2023/06/03 15:50:01.813821 logger.go:32: commit Block[nufsnxklocppznbbnquc] in seq 113 at 1685807401813820000
[Consesus log] 2023/06/03 15:50:01.813844 logger.go:32: commit Block[bxtnbjrgqdpjqrcsrtdm] in seq 114 at 1685807401813842000
[Consesus log] 2023/06/03 15:50:01.864999 logger.go:32: generate Block[ftalefzxfueneylfzgpc] in seq 209 at 1685807401864984000
[Consesus log] 2023/06/03 15:50:01.916418 logger.go:32: generate Block[dvwtsdblewtrmxswaaef] in seq 210 at 1685807401916396000
[Consesus log] 2023/06/03 15:50:01.967843 logger.go:32: generate Block[bdoqerugceaapauytvdf] in seq 211 at 1685807401967818000
[Consesus log] 2023/06/03 15:50:02.019306 logger.go:32: generate Block[aduujxruosxvvdswpxay] in seq 212 at 1685807402019270000
[Consesus log] 2023/06/03 15:50:02.070672 logger.go:32: generate Block[bbiyouqnvjywacqaccdj] in seq 213 at 1685807402070659000
[Consesus log] 2023/06/03 15:50:02.122040 logger.go:32: generate Block[guijeqmhqlbazxugpgvx] in seq 214 at 1685807402122013000
[Consesus log] 2023/06/03 15:50:02.173587 logger.go:32: generate Block[mpsjnfreihrsfprgphks] in seq 215 at 1685807402173573000
[Consesus log] 2023/06/03 15:50:02.225277 logger.go:32: generate Block[jeiaeayefzwjlupmqaez] in seq 216 at 1685807402225227000
[Consesus log] 2023/06/03 15:50:02.276608 logger.go:32: generate Block[eomeeqscicdgyjufuadm] in seq 217 at 1685807402276601000
[Consesus log] 2023/06/03 15:50:02.326915 logger.go:32: generate Block[eqmykjdwghkybsiuqyet] in seq 218 at 1685807402326907000
[Consesus log] 2023/06/03 15:50:02.377233 logger.go:32: generate Block[tkwttsoeancyognnhimi] in seq 219 at 1685807402377227000
[Consesus log] 2023/06/03 15:50:02.428484 logger.go:32: generate Block[zatzqxqrhtyqygvmnhwh] in seq 220 at 1685807402428475000
[Consesus log] 2023/06/03 15:50:02.479741 logger.go:32: generate Block[qpbcoyabghtpmyyokqqr] in seq 221 at 1685807402479727000
[Consesus log] 2023/06/03 15:50:02.530961 logger.go:32: generate Block[fztsubrycrhiwrtipkxb] in seq 222 at 1685807402530948000
[Consesus log] 2023/06/03 15:50:02.582233 logger.go:32: generate Block[elspguiuygmljbtppjxd] in seq 223 at 1685807402582219000
[Consesus log] 2023/06/03 15:50:02.634179 logger.go:32: generate Block[gwbdfdrhsqlbmqpqfzgc] in seq 224 at 1685807402634170000
[Consesus log] 2023/06/03 15:50:02.685391 logger.go:32: generate Block[nqdppphbookbjskhxwua] in seq 225 at 1685807402685377000
[Consesus log] 2023/06/03 15:50:02.736746 logger.go:32: generate Block[zzxjinrjskjtkzumhanu] in seq 226 at 1685807402736733000
[Consesus log] 2023/06/03 15:50:02.736963 logger.go:32: commit Block[jjcntnfwlufueajhpvet] in seq 115 at 1685807402736960000
[Consesus log] 2023/06/03 15:50:02.788139 logger.go:32: generate Block[revudrutuarruoydmjhd] in seq 227 at 1685807402788121000
[Consesus log] 2023/06/03 15:50:02.838653 logger.go:32: generate Block[yqpfqbzprrkweozyjihh] in seq 228 at 1685807402838637000
[Consesus log] 2023/06/03 15:50:02.889733 logger.go:32: generate Block[clrllqciaijkpjnpcwzn] in seq 229 at 1685807402889715000
[Consesus log] 2023/06/03 15:50:02.941197 logger.go:32: generate Block[izwpzjjrfwwfbinkmdos] in seq 230 at 1685807402941183000
[Consesus log] 2023/06/03 15:50:02.992075 logger.go:32: generate Block[xsfccswsspomuadrcxhw] in seq 231 at 1685807402992063000
[Consesus log] 2023/06/03 15:50:03.042828 logger.go:32: generate Block[vfvwcajjrjpdxmsgyacw] in seq 232 at 1685807403042812000
[Consesus log] 2023/06/03 15:50:03.093112 logger.go:32: generate Block[mcafwrooczccoibzwobs] in seq 233 at 1685807403093098000
[Consesus log] 2023/06/03 15:50:03.143436 logger.go:32: generate Block[assjqwmdyhfsdeofdagq] in seq 234 at 1685807403143419000
[Consesus log] 2023/06/03 15:50:03.193779 logger.go:32: generate Block[msxfmpxrfrlgrabpjtnu] in seq 235 at 1685807403193765000
[Consesus log] 2023/06/03 15:50:03.194018 logger.go:32: commit Block[rhveibrmtdoxuelfswrs] in seq 116 at 1685807403194016000
[Consesus log] 2023/06/03 15:50:03.244465 logger.go:32: generate Block[naeqqkxqirghzdqjemsk] in seq 236 at 1685807403244452000
[Consesus log] 2023/06/03 15:50:03.295107 logger.go:32: generate Block[ugxzhelgnltbyungdygb] in seq 237 at 1685807403295094000
[Consesus log] 2023/06/03 15:50:03.345709 logger.go:32: generate Block[rfgtuisjehretmxjybat] in seq 238 at 1685807403345702000
[Consesus log] 2023/06/03 15:50:03.395997 logger.go:32: generate Block[dbrwdhrxaehnsjboqdae] in seq 239 at 1685807403395984000
[Consesus log] 2023/06/03 15:50:04.118858 logger.go:32: commit Block[hxggiwdyolbmlcemgoyh] in seq 117 at 1685807404118854000
[Consesus log] 2023/06/03 15:50:04.118911 logger.go:32: commit Block[xpklvewhsuwlntasvjsy] in seq 118 at 1685807404118910000
[Consesus log] 2023/06/03 15:50:04.118937 logger.go:32: commit Block[efmnjkeaozurcwfcxyoc] in seq 119 at 1685807404118935000
[Consesus log] 2023/06/03 15:50:04.118958 logger.go:32: commit Block[bfweaerexlqmrwkftklh] in seq 120 at 1685807404118956000
[Consesus log] 2023/06/03 15:50:04.118978 logger.go:32: commit Block[tceapekitvijatezqoiv] in seq 121 at 1685807404118977000
[Consesus log] 2023/06/03 15:50:04.118998 logger.go:32: commit Block[ggtpqwotbnswvsbywiti] in seq 122 at 1685807404118996000
[Consesus log] 2023/06/03 15:50:04.119024 logger.go:32: commit Block[ueoihvbxgcynzlkvuvij] in seq 123 at 1685807404119023000
[Consesus log] 2023/06/03 15:50:04.119045 logger.go:32: commit Block[xodgmnnyiaspobfqnvro] in seq 124 at 1685807404119044000
[Consesus log] 2023/06/03 15:50:04.119065 logger.go:32: commit Block[rovtejkkxkxqebryhwgd] in seq 125 at 1685807404119064000
[Consesus log] 2023/06/03 15:50:04.119085 logger.go:32: commit Block[dorafnxjmbltcdqqbglf] in seq 126 at 1685807404119083000
[Consesus log] 2023/06/03 15:50:04.119104 logger.go:32: commit Block[rtqxemklqgwgrdzdtjxy] in seq 127 at 1685807404119103000
[Consesus log] 2023/06/03 15:50:04.119126 logger.go:32: commit Block[vwrdqkxedkiahgaxkuhl] in seq 128 at 1685807404119125000
[Consesus log] 2023/06/03 15:50:04.119146 logger.go:32: commit Block[flkwrevvzijlupdapsan] in seq 129 at 1685807404119145000
[Consesus log] 2023/06/03 15:50:04.119166 logger.go:32: commit Block[xgnxdmnvwuvialboaojx] in seq 130 at 1685807404119165000
[Consesus log] 2023/06/03 15:50:04.119185 logger.go:32: commit Block[ulaycqkmjgnkkurrzqde] in seq 131 at 1685807404119183000
[Consesus log] 2023/06/03 15:50:04.119206 logger.go:32: commit Block[xoeielzhkfphjneluzpo] in seq 132 at 1685807404119205000
[Consesus log] 2023/06/03 15:50:04.119226 logger.go:32: commit Block[murtuxktdieggpvzgbqy] in seq 133 at 1685807404119225000
[Consesus log] 2023/06/03 15:50:04.119245 logger.go:32: commit Block[zaqfbiunosbspvfnutcr] in seq 134 at 1685807404119244000
[Consesus log] 2023/06/03 15:50:04.119264 logger.go:32: commit Block[pbfsfikullyriudirsve] in seq 135 at 1685807404119263000
[Consesus log] 2023/06/03 15:50:04.119283 logger.go:32: commit Block[qqvoygvkzexwfkrbhiux] in seq 136 at 1685807404119282000
[Consesus log] 2023/06/03 15:50:04.119302 logger.go:32: commit Block[yrnsugivwvnuagdlxxxp] in seq 137 at 1685807404119301000
[Consesus log] 2023/06/03 15:50:04.119321 logger.go:32: commit Block[isqgknkwhpfzsaazuijg] in seq 138 at 1685807404119320000
[Consesus log] 2023/06/03 15:50:04.119340 logger.go:32: commit Block[deimrvvvrfqdozesqygw] in seq 139 at 1685807404119339000
[Consesus log] 2023/06/03 15:50:04.119359 logger.go:32: commit Block[eqbvwbnelhduuhdciaof] in seq 140 at 1685807404119358000
[Consesus log] 2023/06/03 15:50:04.119378 logger.go:32: commit Block[xvwhtdflmshirxqpnkmq] in seq 141 at 1685807404119377000
[Consesus log] 2023/06/03 15:50:04.119401 logger.go:32: commit Block[fikeriohsmliyitlksmr] in seq 142 at 1685807404119400000
[Consesus log] 2023/06/03 15:50:04.119421 logger.go:32: commit Block[ihgtslnlxsnbckfwckic] in seq 143 at 1685807404119420000
[Consesus log] 2023/06/03 15:50:04.119440 logger.go:32: commit Block[pdkvxtgljfivlodokvpb] in seq 144 at 1685807404119439000
[Consesus log] 2023/06/03 15:50:04.119460 logger.go:32: commit Block[zddxaeiocgvjggtikryk] in seq 145 at 1685807404119458000
[Consesus log] 2023/06/03 15:50:04.119479 logger.go:32: commit Block[hwvhqbatgbbnjprvcscr] in seq 146 at 1685807404119477000
[Consesus log] 2023/06/03 15:50:04.119498 logger.go:32: commit Block[mvknmyqybijiqhjqhwqx] in seq 147 at 1685807404119497000
[Consesus log] 2023/06/03 15:50:04.119517 logger.go:32: commit Block[eeyhzovuucvqcmdgdlmt] in seq 148 at 1685807404119516000
[Consesus log] 2023/06/03 15:50:04.119535 logger.go:32: commit Block[alxkpvoasnabvdiepsdd] in seq 149 at 1685807404119534000
[Consesus log] 2023/06/03 15:50:04.119582 logger.go:32: commit Block[kvjtrxadcvpuseiwbuwo] in seq 150 at 1685807404119581000
[Consesus log] 2023/06/03 15:50:04.119604 logger.go:32: commit Block[popdrjnopttuvmfwvede] in seq 151 at 1685807404119602000
[Consesus log] 2023/06/03 15:50:04.119624 logger.go:32: commit Block[fnjwjuqfdudaitvprnda] in seq 152 at 1685807404119622000
[Consesus log] 2023/06/03 15:50:04.119642 logger.go:32: commit Block[ibdwjtotvuxaxqjuuurw] in seq 153 at 1685807404119641000
[Consesus log] 2023/06/03 15:50:04.119663 logger.go:32: commit Block[uescyhzwbofhlrdarelw] in seq 154 at 1685807404119662000
[Consesus log] 2023/06/03 15:50:04.119682 logger.go:32: commit Block[ewdsqottdtulwarsvuok] in seq 155 at 1685807404119681000
[Consesus log] 2023/06/03 15:50:04.119701 logger.go:32: commit Block[sgwbbixkddrqxqojnvuq] in seq 156 at 1685807404119700000
[Consesus log] 2023/06/03 15:50:04.119720 logger.go:32: commit Block[qvwkgsntcpnyoqqhmzbn] in seq 157 at 1685807404119719000
[Consesus log] 2023/06/03 15:50:04.119739 logger.go:32: commit Block[dyheecgwvxoyrdrmsagr] in seq 158 at 1685807404119737000
[Consesus log] 2023/06/03 15:50:04.119757 logger.go:32: commit Block[mnplrzmmadwkwxmmjeqk] in seq 159 at 1685807404119756000
[Consesus log] 2023/06/03 15:50:04.119776 logger.go:32: commit Block[fupgmsrzqzwjdrccwipf] in seq 160 at 1685807404119775000
[Consesus log] 2023/06/03 15:50:04.119796 logger.go:32: commit Block[fawrfqoacmublktkeovo] in seq 161 at 1685807404119795000
[Consesus log] 2023/06/03 15:50:04.119816 logger.go:32: commit Block[qprjvbtwucycoqxzcwyq] in seq 162 at 1685807404119815000
[Consesus log] 2023/06/03 15:50:04.119894 logger.go:32: commit Block[hyhyjpncsciekbuhqcmm] in seq 163 at 1685807404119891000
[Consesus log] 2023/06/03 15:50:04.119927 logger.go:32: commit Block[rqvbnagnzlfnamyeqqng] in seq 164 at 1685807404119926000
[Consesus log] 2023/06/03 15:50:04.119951 logger.go:32: commit Block[gplbjkzmqueckgthfpym] in seq 165 at 1685807404119950000
[Consesus log] 2023/06/03 15:50:04.119979 logger.go:32: commit Block[uhjqiaawtahxbumadvfp] in seq 166 at 1685807404119977000
[Consesus log] 2023/06/03 15:50:04.120005 logger.go:32: commit Block[mslgqburyxvxtvhnqepv] in seq 167 at 1685807404120000000
[Consesus log] 2023/06/03 15:50:04.120029 logger.go:32: commit Block[zulnwvprvesabcjoappg] in seq 168 at 1685807404120028000
[Consesus log] 2023/06/03 15:50:04.120051 logger.go:32: commit Block[dkiuidjopprcptzxcnnj] in seq 169 at 1685807404120049000
[Consesus log] 2023/06/03 15:50:04.120075 logger.go:32: commit Block[tjtrxeutqblfcgfwlabw] in seq 170 at 1685807404120073000
[Consesus log] 2023/06/03 15:50:04.120097 logger.go:32: commit Block[rqhrcanzggbmqtqweidc] in seq 171 at 1685807404120096000
[Consesus log] 2023/06/03 15:50:04.120118 logger.go:32: commit Block[uysvpfxdnbkootvkifmq] in seq 172 at 1685807404120116000
[Consesus log] 2023/06/03 15:50:04.120140 logger.go:32: commit Block[sqmdsroxlmoslqniljpg] in seq 173 at 1685807404120138000
[Consesus log] 2023/06/03 15:50:04.120162 logger.go:32: commit Block[vvwjvfsfnknfxiujsnpr] in seq 174 at 1685807404120161000
[Consesus log] 2023/06/03 15:50:04.120183 logger.go:32: commit Block[mlbpepccifhhmipvbckm] in seq 175 at 1685807404120182000
[Consesus log] 2023/06/03 15:50:04.120204 logger.go:32: commit Block[rhntrvpnbeuecadvgpgo] in seq 176 at 1685807404120203000
[Consesus log] 2023/06/03 15:50:04.120226 logger.go:32: commit Block[msoedwskifzbtivbmocz] in seq 177 at 1685807404120224000
[Consesus log] 2023/06/03 15:50:04.120252 logger.go:32: commit Block[pzywmpqwfufglzhvlkpe] in seq 178 at 1685807404120250000
[Consesus log] 2023/06/03 15:50:04.120276 logger.go:32: commit Block[izrvckhpuundysajvvbm] in seq 179 at 1685807404120274000
[Consesus log] 2023/06/03 15:50:04.120296 logger.go:32: commit Block[ljzcisnpcwvetpsmmetd] in seq 180 at 1685807404120295000
[Consesus log] 2023/06/03 15:50:04.120318 logger.go:32: commit Block[wmckefvypdiqjzftpyoi] in seq 181 at 1685807404120317000
[Consesus log] 2023/06/03 15:50:04.120341 logger.go:32: commit Block[wgoxpjskyqeohfezthmf] in seq 182 at 1685807404120340000
[Consesus log] 2023/06/03 15:50:04.120388 logger.go:32: commit Block[pzwuklnosmpfynftlwbp] in seq 183 at 1685807404120386000
[Consesus log] 2023/06/03 15:50:04.120409 logger.go:32: commit Block[qhuefbejfbcjbsqcjkkd] in seq 184 at 1685807404120407000
[Consesus log] 2023/06/03 15:50:04.120429 logger.go:32: commit Block[qtdyilfauechbuowgkgk] in seq 185 at 1685807404120428000
[Consesus log] 2023/06/03 15:50:04.120450 logger.go:32: commit Block[amidxbvxzetjqwmnfoya] in seq 186 at 1685807404120448000
[Consesus log] 2023/06/03 15:50:04.120473 logger.go:32: commit Block[zpvobnjsmbpscvjniiim] in seq 187 at 1685807404120471000
[Consesus log] 2023/06/03 15:50:04.120494 logger.go:32: commit Block[dodqzxecgxldqngfofxw] in seq 188 at 1685807404120492000
[Consesus log] 2023/06/03 15:50:04.120514 logger.go:32: commit Block[axqtzhfzffmzrwugqixb] in seq 189 at 1685807404120512000
[Consesus log] 2023/06/03 15:50:04.120534 logger.go:32: commit Block[nniyflxlrfdtaqnoqqyw] in seq 190 at 1685807404120532000
[Consesus log] 2023/06/03 15:50:04.120554 logger.go:32: commit Block[xezghcmsojzmqyzhxqsb] in seq 191 at 1685807404120553000
[Consesus log] 2023/06/03 15:50:04.120576 logger.go:32: commit Block[nksnauojeydbfzmmpjjg] in seq 192 at 1685807404120575000
[Consesus log] 2023/06/03 15:50:04.120597 logger.go:32: commit Block[ntpkrtndihyovdboidgk] in seq 193 at 1685807404120596000
[Consesus log] 2023/06/03 15:50:04.120618 logger.go:32: commit Block[mjmdwsfxqumrgaryzgpj] in seq 194 at 1685807404120617000
[Consesus log] 2023/06/03 15:50:04.120638 logger.go:32: commit Block[ffbhxfggjnlhsmofdbob] in seq 195 at 1685807404120637000
[Consesus log] 2023/06/03 15:50:04.120659 logger.go:32: commit Block[czinpwhnvzuzadppcsmh] in seq 196 at 1685807404120658000
[Consesus log] 2023/06/03 15:50:04.120683 logger.go:32: commit Block[plrrbzfctejveietpnzr] in seq 197 at 1685807404120682000
[Consesus log] 2023/06/03 15:50:04.120704 logger.go:32: commit Block[mowdkmvfmyoywhgjldab] in seq 198 at 1685807404120703000
[Consesus log] 2023/06/03 15:50:04.120725 logger.go:32: commit Block[ytvjuhlczvloulndawfy] in seq 199 at 1685807404120724000
[Consesus log] 2023/06/03 15:50:04.120746 logger.go:32: commit Block[jmewoinxdwtwceoliuix] in seq 200 at 1685807404120745000
[Consesus log] 2023/06/03 15:50:04.120770 logger.go:32: commit Block[glukfvmvbuajpbypbhld] in seq 201 at 1685807404120769000
[Consesus log] 2023/06/03 15:50:04.120792 logger.go:32: commit Block[nogmwyskkzfiaqumzchw] in seq 202 at 1685807404120791000
[Consesus log] 2023/06/03 15:50:04.120813 logger.go:32: commit Block[jqdyudprjlbhewsvmszn] in seq 203 at 1685807404120812000
[Consesus log] 2023/06/03 15:50:04.120835 logger.go:32: commit Block[gjukvnbvngskupequsym] in seq 204 at 1685807404120833000
[Consesus log] 2023/06/03 15:50:04.120856 logger.go:32: commit Block[okuzwhxovsfwbbouxblr] in seq 205 at 1685807404120854000
[Consesus log] 2023/06/03 15:50:04.120876 logger.go:32: commit Block[nrczcbfugnwhbzprgskw] in seq 206 at 1685807404120874000
[Consesus log] 2023/06/03 15:50:04.120897 logger.go:32: commit Block[cvkxvsrcmjqbqzyyttqg] in seq 207 at 1685807404120895000
[Consesus log] 2023/06/03 15:50:04.120917 logger.go:32: commit Block[wgturlqfqebthdphjbgt] in seq 208 at 1685807404120916000
[Consesus log] 2023/06/03 15:50:04.120954 logger.go:32: commit Block[ftalefzxfueneylfzgpc] in seq 209 at 1685807404120950000
[Consesus log] 2023/06/03 15:50:04.120980 logger.go:32: commit Block[dvwtsdblewtrmxswaaef] in seq 210 at 1685807404120979000
[Consesus log] 2023/06/03 15:50:04.121012 logger.go:32: commit Block[bdoqerugceaapauytvdf] in seq 211 at 1685807404121010000
[Consesus log] 2023/06/03 15:50:04.121036 logger.go:32: commit Block[aduujxruosxvvdswpxay] in seq 212 at 1685807404121034000
[Consesus log] 2023/06/03 15:50:04.121064 logger.go:32: commit Block[bbiyouqnvjywacqaccdj] in seq 213 at 1685807404121062000
[Consesus log] 2023/06/03 15:50:04.121092 logger.go:32: commit Block[guijeqmhqlbazxugpgvx] in seq 214 at 1685807404121091000
[Consesus log] 2023/06/03 15:50:04.121122 logger.go:32: commit Block[mpsjnfreihrsfprgphks] in seq 215 at 1685807404121120000
[Consesus log] 2023/06/03 15:50:04.121176 logger.go:32: commit Block[jeiaeayefzwjlupmqaez] in seq 216 at 1685807404121174000
[Consesus log] 2023/06/03 15:50:04.121201 logger.go:32: commit Block[eomeeqscicdgyjufuadm] in seq 217 at 1685807404121200000
[Consesus log] 2023/06/03 15:50:04.121240 logger.go:32: commit Block[eqmykjdwghkybsiuqyet] in seq 218 at 1685807404121238000
[Consesus log] 2023/06/03 15:50:04.121266 logger.go:32: commit Block[tkwttsoeancyognnhimi] in seq 219 at 1685807404121265000
[Consesus log] 2023/06/03 15:50:04.121288 logger.go:32: commit Block[zatzqxqrhtyqygvmnhwh] in seq 220 at 1685807404121287000
[Consesus log] 2023/06/03 15:50:04.121311 logger.go:32: commit Block[qpbcoyabghtpmyyokqqr] in seq 221 at 1685807404121310000
[Consesus log] 2023/06/03 15:50:04.121336 logger.go:32: commit Block[fztsubrycrhiwrtipkxb] in seq 222 at 1685807404121335000
[Consesus log] 2023/06/03 15:50:04.121360 logger.go:32: commit Block[elspguiuygmljbtppjxd] in seq 223 at 1685807404121359000
[Consesus log] 2023/06/03 15:50:04.121386 logger.go:32: commit Block[gwbdfdrhsqlbmqpqfzgc] in seq 224 at 1685807404121385000
[Consesus log] 2023/06/03 15:50:04.121412 logger.go:32: commit Block[nqdppphbookbjskhxwua] in seq 225 at 1685807404121411000
[Consesus log] 2023/06/03 15:50:04.121436 logger.go:32: commit Block[zzxjinrjskjtkzumhanu] in seq 226 at 1685807404121434000
[Consesus log] 2023/06/03 15:50:04.121459 logger.go:32: commit Block[revudrutuarruoydmjhd] in seq 227 at 1685807404121458000
[Consesus log] 2023/06/03 15:50:04.121482 logger.go:32: commit Block[yqpfqbzprrkweozyjihh] in seq 228 at 1685807404121481000
[Consesus log] 2023/06/03 15:50:04.121507 logger.go:32: commit Block[clrllqciaijkpjnpcwzn] in seq 229 at 1685807404121505000
[Consesus log] 2023/06/03 15:50:04.121530 logger.go:32: commit Block[izwpzjjrfwwfbinkmdos] in seq 230 at 1685807404121529000
[Consesus log] 2023/06/03 15:50:04.121553 logger.go:32: commit Block[xsfccswsspomuadrcxhw] in seq 231 at 1685807404121551000
[Consesus log] 2023/06/03 15:50:04.121574 logger.go:32: commit Block[vfvwcajjrjpdxmsgyacw] in seq 232 at 1685807404121573000
[Consesus log] 2023/06/03 15:50:04.121594 logger.go:32: commit Block[mcafwrooczccoibzwobs] in seq 233 at 1685807404121592000
[Consesus log] 2023/06/03 15:50:04.121617 logger.go:32: commit Block[assjqwmdyhfsdeofdagq] in seq 234 at 1685807404121615000
[Consesus log] 2023/06/03 15:50:04.121637 logger.go:32: commit Block[msxfmpxrfrlgrabpjtnu] in seq 235 at 1685807404121636000
[Consesus log] 2023/06/03 15:50:04.121660 logger.go:32: commit Block[naeqqkxqirghzdqjemsk] in seq 236 at 1685807404121658000
[Consesus log] 2023/06/03 15:50:04.989153 logger.go:32: commit Block[xldtgieetdiprsbeytnt] in seq 237 at 1685807404989147000
[Consesus log] 2023/06/03 15:50:05.401111 logger.go:32: commit Block[mhmfevxvnrdceigbetos] in seq 238 at 1685807405401105000
[Consesus log] 2023/06/03 15:50:05.401171 logger.go:32: commit Block[nluikvyralwbjtosepph] in seq 239 at 1685807405401170000
[Consesus log] 2023/06/03 15:50:05.710461 logger.go:32: commit Block[shmbmffzhiueyaxybvyr] in seq 240 at 1685807405710451000
[Consesus log] 2023/06/03 15:50:06.625764 logger.go:32: commit Block[rqoiwvxvbezajesctelu] in seq 241 at 1685807406625759000
[Consesus log] 2023/06/03 15:50:06.625818 logger.go:32: commit Block[dimigxrgvynaxyepjamn] in seq 242 at 1685807406625816000
[Consesus log] 2023/06/03 15:50:06.625855 logger.go:32: commit Block[syazttpwimjempnjovaw] in seq 243 at 1685807406625854000
[Consesus log] 2023/06/03 15:50:06.625888 logger.go:32: commit Block[eiexvurkleggluhxiktt] in seq 244 at 1685807406625886000
[Consesus log] 2023/06/03 15:50:06.625919 logger.go:32: commit Block[tsvzfvxzsrothyfxjhsi] in seq 245 at 1685807406625917000
[Consesus log] 2023/06/03 15:50:06.935051 logger.go:32: commit Block[aofursfvuqfmsoeinbqs] in seq 246 at 1685807406935045000
[Consesus log] 2023/06/03 15:50:07.548779 logger.go:32: commit Block[dfwrdhgnaxtesvlmupdn] in seq 247 at 1685807407548768000
[Consesus log] 2023/06/03 15:50:08.163645 logger.go:32: commit Block[kbimvpfefzvgxjlvzbgn] in seq 248 at 1685807408163637000
[Consesus log] 2023/06/03 15:50:08.163697 logger.go:32: commit Block[vpxnvijlqqbrhtlgoiay] in seq 249 at 1685807408163695000
[Consesus log] 2023/06/03 15:50:08.163719 logger.go:32: commit Block[cogiwnmaejifruulwmkx] in seq 250 at 1685807408163718000
[Consesus log] 2023/06/03 15:50:08.163740 logger.go:32: commit Block[mdjtzdqohthbstyfowmt] in seq 251 at 1685807408163739000
[Consesus log] 2023/06/03 15:50:08.974479 logger.go:32: commit Block[jjxuyetbbhjrbjonikhc] in seq 252 at 1685807408974469000
