[Consesus log] 2023/06/03 15:49:51.508006 logger.go:32: commit Block[wczslzcountpaoznyjfa] in seq 1 at 1685807391507995000
[Consesus log] 2023/06/03 15:49:51.508567 logger.go:32: commit Block[fqavaxyovzwconqxzvow] in seq 2 at 1685807391508564000
[Consesus log] 2023/06/03 15:49:51.508596 logger.go:32: commit Block[lhzprdpfkpaairaximot] in seq 3 at 1685807391508595000
[Consesus log] 2023/06/03 15:49:51.508613 logger.go:32: commit Block[rpsegvuunctuswxgsevj] in seq 4 at 1685807391508611000
[Consesus log] 2023/06/03 15:49:51.508673 logger.go:32: commit Block[qltrptqyjrijwlxcdiji] in seq 5 at 1685807391508672000
[Consesus log] 2023/06/03 15:49:51.967691 logger.go:32: commit Block[jzutahxkmzhovugcdlxe] in seq 6 at 1685807391967685000
[Consesus log] 2023/06/03 15:49:51.967769 logger.go:32: commit Block[vfpkseeevdokmjmzsuqt] in seq 7 at 1685807391967763000
[Consesus log] 2023/06/03 15:49:51.967804 logger.go:32: commit Block[vahjevuijqzentiehqga] in seq 8 at 1685807391967802000
[Consesus log] 2023/06/03 15:49:51.967836 logger.go:32: commit Block[jbosaibvszjntkqyybap] in seq 9 at 1685807391967834000
[Consesus log] 2023/06/03 15:49:52.685268 logger.go:32: commit Block[owzirayhmwhmigsqbqfa] in seq 10 at 1685807392685258000
[Consesus log] 2023/06/03 15:49:52.685321 logger.go:32: commit Block[xaoznzhnvqncoegrahto] in seq 11 at 1685807392685319000
[Consesus log] 2023/06/03 15:49:53.142608 logger.go:32: commit Block[esnoishsntutpucnhjlt] in seq 12 at 1685807393142600000
[Consesus log] 2023/06/03 15:49:53.142634 logger.go:32: commit Block[wzulnsrmxssufaunleao] in seq 13 at 1685807393142633000
[Consesus log] 2023/06/03 15:49:53.142658 logger.go:32: commit Block[skhoujoxwnlablynrfeo] in seq 14 at 1685807393142657000
[Consesus log] 2023/06/03 15:49:53.803416 logger.go:32: commit Block[enksdndubahxbexqndrj] in seq 15 at 1685807393803177000
[Consesus log] 2023/06/03 15:49:53.803984 logger.go:32: commit Block[yexuqgfsbiucvydyohyv] in seq 16 at 1685807393803977000
[Consesus log] 2023/06/03 15:49:53.804006 logger.go:32: commit Block[eixeefzhtsbipspldxwb] in seq 17 at 1685807393804005000
[Consesus log] 2023/06/03 15:49:53.804019 logger.go:32: commit Block[bcyhukwxxcnpcizglqkv] in seq 18 at 1685807393804019000
[Consesus log] 2023/06/03 15:49:54.416756 logger.go:32: commit Block[pvihlgqgugoqrfwqjdqf] in seq 19 at 1685807394416746000
[Consesus log] 2023/06/03 15:49:55.185945 logger.go:32: commit Block[uupjyvikvfivsavxnkve] in seq 20 at 1685807395185935000
[Consesus log] 2023/06/03 15:49:55.593477 logger.go:32: commit Block[cqexcnicvqkpdxouvaxy] in seq 21 at 1685807395593470000
[Consesus log] 2023/06/03 15:49:55.593522 logger.go:32: commit Block[wqhkvvxfqzcnczborezc] in seq 22 at 1685807395593520000
[Consesus log] 2023/06/03 15:49:55.593558 logger.go:32: commit Block[wuhahptvaxyuauekknni] in seq 23 at 1685807395593556000
[Consesus log] 2023/06/03 15:49:56.606587 logger.go:32: commit Block[scllzfhtkbatzchligck] in seq 24 at 1685807396606574000
[Consesus log] 2023/06/03 15:49:56.606672 logger.go:32: commit Block[fhfcukupfvaczkxznlrt] in seq 25 at 1685807396606669000
[Consesus log] 2023/06/03 15:49:56.606720 logger.go:32: commit Block[rtxyfpcbpjgwuzzykmaq] in seq 26 at 1685807396606718000
[Consesus log] 2023/06/03 15:49:56.606782 logger.go:32: commit Block[rlegozlbhwnbdxsmiuto] in seq 27 at 1685807396606780000
[Consesus log] 2023/06/03 15:49:56.606828 logger.go:32: commit Block[xnxakrdoiecxvftgpgwe] in seq 28 at 1685807396606826000
[Consesus log] 2023/06/03 15:49:56.606870 logger.go:32: commit Block[jndinuequckvirkguqvt] in seq 29 at 1685807396606867000
[Consesus log] 2023/06/03 15:49:56.606909 logger.go:32: commit Block[lbrjwqheryoboebaosur] in seq 30 at 1685807396606907000
[Consesus log] 2023/06/03 15:49:56.607000 logger.go:32: commit Block[aqpfddhmfbrudqvkirug] in seq 31 at 1685807396606996000
[Consesus log] 2023/06/03 15:49:56.607049 logger.go:32: commit Block[jrwvgqsyiaxjzflsoxgt] in seq 32 at 1685807396607047000
[Consesus log] 2023/06/03 15:49:56.607121 logger.go:32: commit Block[iuqitoslwgvgujxpwohf] in seq 33 at 1685807396607119000
[Consesus log] 2023/06/03 15:49:56.607162 logger.go:32: commit Block[kwshyqmurfnnlytqkogl] in seq 34 at 1685807396607160000
[Consesus log] 2023/06/03 15:49:56.607225 logger.go:32: commit Block[gqzdnruztuqjmtkqzzib] in seq 35 at 1685807396607223000
[Consesus log] 2023/06/03 15:49:56.607254 logger.go:32: commit Block[dvisihxxyamqzrrhbhtn] in seq 36 at 1685807396607253000
[Consesus log] 2023/06/03 15:49:56.607285 logger.go:32: commit Block[iyfibbqysndihrcjtuwa] in seq 37 at 1685807396607283000
[Consesus log] 2023/06/03 15:49:56.607314 logger.go:32: commit Block[uceteavtaccxavsdzsqe] in seq 38 at 1685807396607312000
[Consesus log] 2023/06/03 15:49:56.607342 logger.go:32: commit Block[yuedxdshahxhaexzhgze] in seq 39 at 1685807396607341000
[Consesus log] 2023/06/03 15:49:56.607372 logger.go:32: commit Block[sdsnztfoykavesjxkluo] in seq 40 at 1685807396607370000
[Consesus log] 2023/06/03 15:49:56.607400 logger.go:32: commit Block[emqyoooxzotryffnjagm] in seq 41 at 1685807396607398000
[Consesus log] 2023/06/03 15:49:56.607429 logger.go:32: commit Block[qncfeipexxvmqllybser] in seq 42 at 1685807396607428000
[Consesus log] 2023/06/03 15:49:56.607458 logger.go:32: commit Block[xrndygzuvrkzfhyitvkd] in seq 43 at 1685807396607456000
[Consesus log] 2023/06/03 15:49:56.607497 logger.go:32: commit Block[qciiolcdjczpbjksuhnr] in seq 44 at 1685807396607495000
[Consesus log] 2023/06/03 15:49:56.607526 logger.go:32: commit Block[xfigxgerixdnphxcmjow] in seq 45 at 1685807396607524000
[Consesus log] 2023/06/03 15:49:56.607555 logger.go:32: commit Block[kupaagxrtxyjthjnpbwg] in seq 46 at 1685807396607553000
[Consesus log] 2023/06/03 15:49:56.607584 logger.go:32: commit Block[kfbevojffgvsdznzgzku] in seq 47 at 1685807396607582000
[Consesus log] 2023/06/03 15:49:56.607614 logger.go:32: commit Block[swpaedyrusldwmlblngm] in seq 48 at 1685807396607612000
[Consesus log] 2023/06/03 15:49:56.607642 logger.go:32: commit Block[skqtdpjodjutgahwzvbj] in seq 49 at 1685807396607641000
[Consesus log] 2023/06/03 15:49:56.607673 logger.go:32: commit Block[eljxerfbxojrqtwcntxn] in seq 50 at 1685807396607671000
[Consesus log] 2023/06/03 15:49:56.607704 logger.go:32: commit Block[lpysuqhtemqtkbmlareu] in seq 51 at 1685807396607702000
[Consesus log] 2023/06/03 15:49:56.607731 logger.go:32: commit Block[shfskutefeqrxadwyhef] in seq 52 at 1685807396607729000
[Consesus log] 2023/06/03 15:49:56.607806 logger.go:32: commit Block[auvxxiohutujygbcjweb] in seq 53 at 1685807396607803000
[Consesus log] 2023/06/03 15:49:56.607840 logger.go:32: commit Block[lldkzmbhrgvlsezdyjhu] in seq 54 at 1685807396607838000
[Consesus log] 2023/06/03 15:49:56.607871 logger.go:32: commit Block[elkicvhboraqvahfegvt] in seq 55 at 1685807396607870000
[Consesus log] 2023/06/03 15:49:56.607901 logger.go:32: commit Block[dphnhzsisndcjdmtgblj] in seq 56 at 1685807396607899000
[Consesus log] 2023/06/03 15:49:56.607935 logger.go:32: commit Block[gnatvtvbxroqqwvqxbfh] in seq 57 at 1685807396607933000
[Consesus log] 2023/06/03 15:49:56.607968 logger.go:32: commit Block[hpnpirnzjlplnbujadol] in seq 58 at 1685807396607966000
[Consesus log] 2023/06/03 15:49:56.607996 logger.go:32: commit Block[pxxwmzwvbsdvnqkbennx] in seq 59 at 1685807396607994000
[Consesus log] 2023/06/03 15:49:56.608030 logger.go:32: commit Block[mrtggklmhtzmgrrfrsau] in seq 60 at 1685807396608028000
[Consesus log] 2023/06/03 15:49:56.608059 logger.go:32: commit Block[nmmaqqbznlxpkwfjtpic] in seq 61 at 1685807396608057000
[Consesus log] 2023/06/03 15:49:56.608086 logger.go:32: commit Block[zevfxxqsqsajtiaaueen] in seq 62 at 1685807396608085000
[Consesus log] 2023/06/03 15:49:56.608114 logger.go:32: commit Block[howoneijfcplgeqqinsa] in seq 63 at 1685807396608112000
[Consesus log] 2023/06/03 15:49:56.608144 logger.go:32: commit Block[ieplfccfqdmkcasvfpvt] in seq 64 at 1685807396608142000
[Consesus log] 2023/06/03 15:49:56.608181 logger.go:32: commit Block[wqepqjrzstzbgnqryfgr] in seq 65 at 1685807396608179000
[Consesus log] 2023/06/03 15:49:56.608211 logger.go:32: commit Block[cvhzwywdulgntrxdbrgq] in seq 66 at 1685807396608210000
[Consesus log] 2023/06/03 15:49:56.608241 logger.go:32: commit Block[sxaxlctuikmxnrudoiua] in seq 67 at 1685807396608239000
[Consesus log] 2023/06/03 15:49:56.608302 logger.go:32: commit Block[ohjbtxqyrcrpqdsuysok] in seq 68 at 1685807396608300000
[Consesus log] 2023/06/03 15:49:56.608335 logger.go:32: commit Block[thmmiedagvihmglhzaax] in seq 69 at 1685807396608333000
[Consesus log] 2023/06/03 15:49:56.608364 logger.go:32: commit Block[ryfqyghqibqbjwvxgkgx] in seq 70 at 1685807396608362000
[Consesus log] 2023/06/03 15:49:56.608394 logger.go:32: commit Block[ycxvnuulzaekvnjklria] in seq 71 at 1685807396608392000
[Consesus log] 2023/06/03 15:49:56.608424 logger.go:32: commit Block[kcxjymxsjnlfdoxbzpkd] in seq 72 at 1685807396608422000
[Consesus log] 2023/06/03 15:49:56.608458 logger.go:32: commit Block[ulixgtllzsuqbsmixgem] in seq 73 at 1685807396608456000
[Consesus log] 2023/06/03 15:49:56.608501 logger.go:32: commit Block[knrwjkhkihjvkhhqdzyh] in seq 74 at 1685807396608499000
[Consesus log] 2023/06/03 15:49:56.608543 logger.go:32: commit Block[xnbralumjguegncfezbp] in seq 75 at 1685807396608541000
[Consesus log] 2023/06/03 15:49:56.608577 logger.go:32: commit Block[qnguqrjvzbzocapxizyn] in seq 76 at 1685807396608575000
[Consesus log] 2023/06/03 15:49:56.608609 logger.go:32: commit Block[vruocwrypoibeydukqpi] in seq 77 at 1685807396608607000
[Consesus log] 2023/06/03 15:49:56.608637 logger.go:32: commit Block[ewvzjkovicvdzbwmgktt] in seq 78 at 1685807396608635000
[Consesus log] 2023/06/03 15:49:56.608662 logger.go:32: commit Block[nlopvfenqfiggydeoqzv] in seq 79 at 1685807396608661000
[Consesus log] 2023/06/03 15:49:56.608683 logger.go:32: commit Block[wougubroirtkbbxqmair] in seq 80 at 1685807396608682000
[Consesus log] 2023/06/03 15:49:56.608705 logger.go:32: commit Block[lohcajmahjultocfikxc] in seq 81 at 1685807396608704000
[Consesus log] 2023/06/03 15:49:56.608726 logger.go:32: commit Block[hesmbckoelcvumgmzrgp] in seq 82 at 1685807396608725000
[Consesus log] 2023/06/03 15:49:56.608749 logger.go:32: commit Block[ktqbietumaqdborxsczg] in seq 83 at 1685807396608748000
[Consesus log] 2023/06/03 15:49:56.608770 logger.go:32: commit Block[fagamisujiqtvdgjprew] in seq 84 at 1685807396608769000
[Consesus log] 2023/06/03 15:49:56.608792 logger.go:32: commit Block[ekielmpuuzsakxraseqo] in seq 85 at 1685807396608790000
[Consesus log] 2023/06/03 15:49:56.608814 logger.go:32: commit Block[dleeasyihxasdnwqghws] in seq 86 at 1685807396608813000
[Consesus log] 2023/06/03 15:49:56.608837 logger.go:32: commit Block[mtgsiqyopkhmelyxmlmy] in seq 87 at 1685807396608836000
[Consesus log] 2023/06/03 15:49:56.608861 logger.go:32: commit Block[xpxvancdakqxmnjlbbdc] in seq 88 at 1685807396608860000
[Consesus log] 2023/06/03 15:49:56.608882 logger.go:32: commit Block[qnhxgmrvyijdjeirduhv] in seq 89 at 1685807396608880000
[Consesus log] 2023/06/03 15:49:56.608903 logger.go:32: commit Block[rqspkoyzymhyqyqpvvyw] in seq 90 at 1685807396608902000
[Consesus log] 2023/06/03 15:49:56.608922 logger.go:32: commit Block[mlntnwkizwtqaagzpnbh] in seq 91 at 1685807396608921000
[Consesus log] 2023/06/03 15:49:56.608943 logger.go:32: commit Block[znkrtqlfnunqbbfxxbkb] in seq 92 at 1685807396608941000
[Consesus log] 2023/06/03 15:49:56.608963 logger.go:32: commit Block[zmqhhtrmqumclfzhkxbb] in seq 93 at 1685807396608962000
[Consesus log] 2023/06/03 15:49:56.608987 logger.go:32: commit Block[lammmfllfrcrabgopwfp] in seq 94 at 1685807396608985000
[Consesus log] 2023/06/03 15:49:57.014423 logger.go:32: commit Block[dfeapjnysqmwnrkuvvqr] in seq 95 at 1685807397014420000
[Consesus log] 2023/06/03 15:49:57.014537 logger.go:32: commit Block[yyegczhvdnfmdmjtxulo] in seq 96 at 1685807397014535000
[Consesus log] 2023/06/03 15:49:57.014563 logger.go:32: commit Block[eucmmrvfbkdxphohzuqe] in seq 97 at 1685807397014562000
[Consesus log] 2023/06/03 15:49:57.014582 logger.go:32: commit Block[geswfcsjiycbxdwdgomr] in seq 98 at 1685807397014581000
[Consesus log] 2023/06/03 15:49:57.014602 logger.go:32: commit Block[xpjzgkqyqihsyglccklv] in seq 99 at 1685807397014601000
[Consesus log] 2023/06/03 15:49:57.783117 logger.go:32: commit Block[bmteifnwgffpgyrbukrj] in seq 100 at 1685807397783105000
[Consesus log] 2023/06/03 15:49:58.090830 logger.go:32: commit Block[lifqjozhsuwibypsbhea] in seq 101 at 1685807398090825000
[Consesus log] 2023/06/03 15:49:58.090882 logger.go:32: commit Block[pghluwemvhjwxkutpknn] in seq 102 at 1685807398090879000
[Consesus log] 2023/06/03 15:49:58.952798 logger.go:32: commit Block[gpoathwcjypiilshkzhu] in seq 103 at 1685807398952792000
[Consesus log] 2023/06/03 15:49:59.466911 logger.go:32: commit Block[mrcspbykaiutnxyjzflo] in seq 104 at 1685807399466906000
[Consesus log] 2023/06/03 15:50:00.282485 logger.go:32: commit Block[wjjezdsnlrylatkprdfu] in seq 105 at 1685807400282474000
[Consesus log] 2023/06/03 15:50:00.282537 logger.go:32: commit Block[ffozkpzdfjknatsbittk] in seq 106 at 1685807400282534000
[Consesus log] 2023/06/03 15:50:00.795802 logger.go:32: commit Block[khekjujqpgnxcwdcvcib] in seq 107 at 1685807400795795000
[Consesus log] 2023/06/03 15:50:00.795865 logger.go:32: commit Block[vbifxyixokhkvfjkqbjd] in seq 108 at 1685807400795863000
[Consesus log] 2023/06/03 15:50:00.795902 logger.go:32: commit Block[lntptcvwpiaqudpiihmk] in seq 109 at 1685807400795900000
[Consesus log] 2023/06/03 15:50:01.405800 logger.go:32: commit Block[kizzsblhofvqjraoxmdz] in seq 110 at 1685807401405795000
[Consesus log] 2023/06/03 15:50:01.405871 logger.go:32: commit Block[xysndzdodxrdsdznnlxh] in seq 111 at 1685807401405869000
[Consesus log] 2023/06/03 15:50:01.866174 logger.go:32: commit Block[mtoguconuotdkctyuruo] in seq 112 at 1685807401866163000
[Consesus log] 2023/06/03 15:50:01.866260 logger.go:32: commit Block[nufsnxklocppznbbnquc] in seq 113 at 1685807401866259000
[Consesus log] 2023/06/03 15:50:01.866287 logger.go:32: commit Block[bxtnbjrgqdpjqrcsrtdm] in seq 114 at 1685807401866286000
[Consesus log] 2023/06/03 15:50:02.789163 logger.go:32: commit Block[jjcntnfwlufueajhpvet] in seq 115 at 1685807402789152000
[Consesus log] 2023/06/03 15:50:04.118882 logger.go:32: commit Block[rhveibrmtdoxuelfswrs] in seq 116 at 1685807404118875000
[Consesus log] 2023/06/03 15:50:04.119845 logger.go:32: commit Block[hxggiwdyolbmlcemgoyh] in seq 117 at 1685807404119842000
[Consesus log] 2023/06/03 15:50:04.119889 logger.go:32: commit Block[xpklvewhsuwlntasvjsy] in seq 118 at 1685807404119887000
[Consesus log] 2023/06/03 15:50:04.119920 logger.go:32: commit Block[efmnjkeaozurcwfcxyoc] in seq 119 at 1685807404119918000
[Consesus log] 2023/06/03 15:50:04.119949 logger.go:32: commit Block[bfweaerexlqmrwkftklh] in seq 120 at 1685807404119948000
[Consesus log] 2023/06/03 15:50:04.119980 logger.go:32: commit Block[tceapekitvijatezqoiv] in seq 121 at 1685807404119978000
[Consesus log] 2023/06/03 15:50:04.120011 logger.go:32: commit Block[ggtpqwotbnswvsbywiti] in seq 122 at 1685807404120010000
[Consesus log] 2023/06/03 15:50:04.120045 logger.go:32: commit Block[ueoihvbxgcynzlkvuvij] in seq 123 at 1685807404120044000
[Consesus log] 2023/06/03 15:50:04.120076 logger.go:32: commit Block[xodgmnnyiaspobfqnvro] in seq 124 at 1685807404120074000
[Consesus log] 2023/06/03 15:50:04.120106 logger.go:32: commit Block[rovtejkkxkxqebryhwgd] in seq 125 at 1685807404120105000
[Consesus log] 2023/06/03 15:50:04.120136 logger.go:32: commit Block[dorafnxjmbltcdqqbglf] in seq 126 at 1685807404120135000
[Consesus log] 2023/06/03 15:50:04.120166 logger.go:32: commit Block[rtqxemklqgwgrdzdtjxy] in seq 127 at 1685807404120165000
[Consesus log] 2023/06/03 15:50:04.120196 logger.go:32: commit Block[vwrdqkxedkiahgaxkuhl] in seq 128 at 1685807404120195000
[Consesus log] 2023/06/03 15:50:04.120224 logger.go:32: commit Block[flkwrevvzijlupdapsan] in seq 129 at 1685807404120223000
[Consesus log] 2023/06/03 15:50:04.120253 logger.go:32: commit Block[xgnxdmnvwuvialboaojx] in seq 130 at 1685807404120252000
[Consesus log] 2023/06/03 15:50:04.120283 logger.go:32: commit Block[ulaycqkmjgnkkurrzqde] in seq 131 at 1685807404120282000
[Consesus log] 2023/06/03 15:50:04.120312 logger.go:32: commit Block[xoeielzhkfphjneluzpo] in seq 132 at 1685807404120311000
[Consesus log] 2023/06/03 15:50:04.120375 logger.go:32: commit Block[murtuxktdieggpvzgbqy] in seq 133 at 1685807404120373000
[Consesus log] 2023/06/03 15:50:04.120400 logger.go:32: commit Block[zaqfbiunosbspvfnutcr] in seq 134 at 1685807404120398000
[Consesus log] 2023/06/03 15:50:04.120422 logger.go:32: commit Block[pbfsfikullyriudirsve] in seq 135 at 1685807404120421000
[Consesus log] 2023/06/03 15:50:04.120443 logger.go:32: commit Block[qqvoygvkzexwfkrbhiux] in seq 136 at 1685807404120442000
[Consesus log] 2023/06/03 15:50:04.120464 logger.go:32: commit Block[yrnsugivwvnuagdlxxxp] in seq 137 at 1685807404120463000
[Consesus log] 2023/06/03 15:50:04.120485 logger.go:32: commit Block[isqgknkwhpfzsaazuijg] in seq 138 at 1685807404120484000
[Consesus log] 2023/06/03 15:50:04.120509 logger.go:32: commit Block[deimrvvvrfqdozesqygw] in seq 139 at 1685807404120508000
[Consesus log] 2023/06/03 15:50:04.120529 logger.go:32: commit Block[eqbvwbnelhduuhdciaof] in seq 140 at 1685807404120528000
[Consesus log] 2023/06/03 15:50:04.120551 logger.go:32: commit Block[xvwhtdflmshirxqpnkmq] in seq 141 at 1685807404120549000
[Consesus log] 2023/06/03 15:50:04.120572 logger.go:32: commit Block[fikeriohsmliyitlksmr] in seq 142 at 1685807404120571000
[Consesus log] 2023/06/03 15:50:04.120592 logger.go:32: commit Block[ihgtslnlxsnbckfwckic] in seq 143 at 1685807404120591000
[Consesus log] 2023/06/03 15:50:04.120613 logger.go:32: commit Block[pdkvxtgljfivlodokvpb] in seq 144 at 1685807404120612000
[Consesus log] 2023/06/03 15:50:04.120635 logger.go:32: commit Block[zddxaeiocgvjggtikryk] in seq 145 at 1685807404120633000
[Consesus log] 2023/06/03 15:50:04.120657 logger.go:32: commit Block[hwvhqbatgbbnjprvcscr] in seq 146 at 1685807404120656000
[Consesus log] 2023/06/03 15:50:04.120677 logger.go:32: commit Block[mvknmyqybijiqhjqhwqx] in seq 147 at 1685807404120676000
[Consesus log] 2023/06/03 15:50:04.120697 logger.go:32: commit Block[eeyhzovuucvqcmdgdlmt] in seq 148 at 1685807404120696000
[Consesus log] 2023/06/03 15:50:04.120718 logger.go:32: commit Block[alxkpvoasnabvdiepsdd] in seq 149 at 1685807404120716000
[Consesus log] 2023/06/03 15:50:04.120743 logger.go:32: commit Block[kvjtrxadcvpuseiwbuwo] in seq 150 at 1685807404120741000
[Consesus log] 2023/06/03 15:50:04.120766 logger.go:32: commit Block[popdrjnopttuvmfwvede] in seq 151 at 1685807404120764000
[Consesus log] 2023/06/03 15:50:04.120786 logger.go:32: commit Block[fnjwjuqfdudaitvprnda] in seq 152 at 1685807404120784000
[Consesus log] 2023/06/03 15:50:04.120808 logger.go:32: commit Block[ibdwjtotvuxaxqjuuurw] in seq 153 at 1685807404120805000
[Consesus log] 2023/06/03 15:50:04.120827 logger.go:32: commit Block[uescyhzwbofhlrdarelw] in seq 154 at 1685807404120826000
[Consesus log] 2023/06/03 15:50:04.120848 logger.go:32: commit Block[ewdsqottdtulwarsvuok] in seq 155 at 1685807404120847000
[Consesus log] 2023/06/03 15:50:04.120868 logger.go:32: commit Block[sgwbbixkddrqxqojnvuq] in seq 156 at 1685807404120867000
[Consesus log] 2023/06/03 15:50:04.120889 logger.go:32: commit Block[qvwkgsntcpnyoqqhmzbn] in seq 157 at 1685807404120888000
[Consesus log] 2023/06/03 15:50:04.120910 logger.go:32: commit Block[dyheecgwvxoyrdrmsagr] in seq 158 at 1685807404120909000
[Consesus log] 2023/06/03 15:50:04.120931 logger.go:32: commit Block[mnplrzmmadwkwxmmjeqk] in seq 159 at 1685807404120930000
[Consesus log] 2023/06/03 15:50:04.120953 logger.go:32: commit Block[fupgmsrzqzwjdrccwipf] in seq 160 at 1685807404120952000
[Consesus log] 2023/06/03 15:50:04.120975 logger.go:32: commit Block[fawrfqoacmublktkeovo] in seq 161 at 1685807404120973000
[Consesus log] 2023/06/03 15:50:04.120995 logger.go:32: commit Block[qprjvbtwucycoqxzcwyq] in seq 162 at 1685807404120994000
[Consesus log] 2023/06/03 15:50:04.121017 logger.go:32: commit Block[hyhyjpncsciekbuhqcmm] in seq 163 at 1685807404121016000
[Consesus log] 2023/06/03 15:50:04.121038 logger.go:32: commit Block[rqvbnagnzlfnamyeqqng] in seq 164 at 1685807404121037000
[Consesus log] 2023/06/03 15:50:04.121064 logger.go:32: commit Block[gplbjkzmqueckgthfpym] in seq 165 at 1685807404121063000
[Consesus log] 2023/06/03 15:50:04.121116 logger.go:32: commit Block[uhjqiaawtahxbumadvfp] in seq 166 at 1685807404121114000
[Consesus log] 2023/06/03 15:50:04.121148 logger.go:32: commit Block[mslgqburyxvxtvhnqepv] in seq 167 at 1685807404121147000
[Consesus log] 2023/06/03 15:50:04.121172 logger.go:32: commit Block[zulnwvprvesabcjoappg] in seq 168 at 1685807404121171000
[Consesus log] 2023/06/03 15:50:04.121196 logger.go:32: commit Block[dkiuidjopprcptzxcnnj] in seq 169 at 1685807404121194000
[Consesus log] 2023/06/03 15:50:04.121217 logger.go:32: commit Block[tjtrxeutqblfcgfwlabw] in seq 170 at 1685807404121216000
[Consesus log] 2023/06/03 15:50:04.121237 logger.go:32: commit Block[rqhrcanzggbmqtqweidc] in seq 171 at 1685807404121236000
[Consesus log] 2023/06/03 15:50:04.121260 logger.go:32: commit Block[uysvpfxdnbkootvkifmq] in seq 172 at 1685807404121258000
[Consesus log] 2023/06/03 15:50:04.121280 logger.go:32: commit Block[sqmdsroxlmoslqniljpg] in seq 173 at 1685807404121279000
[Consesus log] 2023/06/03 15:50:04.121303 logger.go:32: commit Block[vvwjvfsfnknfxiujsnpr] in seq 174 at 1685807404121302000
[Consesus log] 2023/06/03 15:50:04.121323 logger.go:32: commit Block[mlbpepccifhhmipvbckm] in seq 175 at 1685807404121322000
[Consesus log] 2023/06/03 15:50:04.121344 logger.go:32: commit Block[rhntrvpnbeuecadvgpgo] in seq 176 at 1685807404121343000
[Consesus log] 2023/06/03 15:50:04.121365 logger.go:32: commit Block[msoedwskifzbtivbmocz] in seq 177 at 1685807404121364000
[Consesus log] 2023/06/03 15:50:04.121385 logger.go:32: commit Block[pzywmpqwfufglzhvlkpe] in seq 178 at 1685807404121384000
[Consesus log] 2023/06/03 15:50:04.121410 logger.go:32: commit Block[izrvckhpuundysajvvbm] in seq 179 at 1685807404121409000
[Consesus log] 2023/06/03 15:50:04.121431 logger.go:32: commit Block[ljzcisnpcwvetpsmmetd] in seq 180 at 1685807404121430000
[Consesus log] 2023/06/03 15:50:04.121464 logger.go:32: commit Block[wmckefvypdiqjzftpyoi] in seq 181 at 1685807404121462000
[Consesus log] 2023/06/03 15:50:04.121486 logger.go:32: commit Block[wgoxpjskyqeohfezthmf] in seq 182 at 1685807404121485000
[Consesus log] 2023/06/03 15:50:04.121508 logger.go:32: commit Block[pzwuklnosmpfynftlwbp] in seq 183 at 1685807404121507000
[Consesus log] 2023/06/03 15:50:04.121531 logger.go:32: commit Block[qhuefbejfbcjbsqcjkkd] in seq 184 at 1685807404121530000
[Consesus log] 2023/06/03 15:50:04.121555 logger.go:32: commit Block[qtdyilfauechbuowgkgk] in seq 185 at 1685807404121553000
[Consesus log] 2023/06/03 15:50:04.121577 logger.go:32: commit Block[amidxbvxzetjqwmnfoya] in seq 186 at 1685807404121576000
[Consesus log] 2023/06/03 15:50:04.121599 logger.go:32: commit Block[zpvobnjsmbpscvjniiim] in seq 187 at 1685807404121598000
[Consesus log] 2023/06/03 15:50:04.121620 logger.go:32: commit Block[dodqzxecgxldqngfofxw] in seq 188 at 1685807404121619000
[Consesus log] 2023/06/03 15:50:04.121642 logger.go:32: commit Block[axqtzhfzffmzrwugqixb] in seq 189 at 1685807404121640000
[Consesus log] 2023/06/03 15:50:04.121662 logger.go:32: commit Block[nniyflxlrfdtaqnoqqyw] in seq 190 at 1685807404121661000
[Consesus log] 2023/06/03 15:50:04.121685 logger.go:32: commit Block[xezghcmsojzmqyzhxqsb] in seq 191 at 1685807404121684000
[Consesus log] 2023/06/03 15:50:04.121707 logger.go:32: commit Block[nksnauojeydbfzmmpjjg] in seq 192 at 1685807404121705000
[Consesus log] 2023/06/03 15:50:04.121729 logger.go:32: commit Block[ntpkrtndihyovdboidgk] in seq 193 at 1685807404121727000
[Consesus log] 2023/06/03 15:50:04.121749 logger.go:32: commit Block[mjmdwsfxqumrgaryzgpj] in seq 194 at 1685807404121748000
[Consesus log] 2023/06/03 15:50:04.121773 logger.go:32: commit Block[ffbhxfggjnlhsmofdbob] in seq 195 at 1685807404121772000
[Consesus log] 2023/06/03 15:50:04.122065 logger.go:32: commit Block[czinpwhnvzuzadppcsmh] in seq 196 at 1685807404122061000
[Consesus log] 2023/06/03 15:50:04.122108 logger.go:32: commit Block[plrrbzfctejveietpnzr] in seq 197 at 1685807404122105000
[Consesus log] 2023/06/03 15:50:04.122139 logger.go:32: commit Block[mowdkmvfmyoywhgjldab] in seq 198 at 1685807404122137000
[Consesus log] 2023/06/03 15:50:04.122203 logger.go:32: commit Block[ytvjuhlczvloulndawfy] in seq 199 at 1685807404122198000
[Consesus log] 2023/06/03 15:50:04.122235 logger.go:32: commit Block[jmewoinxdwtwceoliuix] in seq 200 at 1685807404122233000
[Consesus log] 2023/06/03 15:50:04.122265 logger.go:32: commit Block[glukfvmvbuajpbypbhld] in seq 201 at 1685807404122262000
[Consesus log] 2023/06/03 15:50:04.122294 logger.go:32: commit Block[nogmwyskkzfiaqumzchw] in seq 202 at 1685807404122292000
[Consesus log] 2023/06/03 15:50:04.122331 logger.go:32: commit Block[jqdyudprjlbhewsvmszn] in seq 203 at 1685807404122329000
[Consesus log] 2023/06/03 15:50:04.122361 logger.go:32: commit Block[gjukvnbvngskupequsym] in seq 204 at 1685807404122359000
[Consesus log] 2023/06/03 15:50:04.122391 logger.go:32: commit Block[okuzwhxovsfwbbouxblr] in seq 205 at 1685807404122389000
[Consesus log] 2023/06/03 15:50:04.122420 logger.go:32: commit Block[nrczcbfugnwhbzprgskw] in seq 206 at 1685807404122418000
[Consesus log] 2023/06/03 15:50:04.122448 logger.go:32: commit Block[cvkxvsrcmjqbqzyyttqg] in seq 207 at 1685807404122446000
[Consesus log] 2023/06/03 15:50:04.122476 logger.go:32: commit Block[wgturlqfqebthdphjbgt] in seq 208 at 1685807404122475000
[Consesus log] 2023/06/03 15:50:04.122538 logger.go:32: commit Block[ftalefzxfueneylfzgpc] in seq 209 at 1685807404122536000
[Consesus log] 2023/06/03 15:50:04.122575 logger.go:32: commit Block[dvwtsdblewtrmxswaaef] in seq 210 at 1685807404122573000
[Consesus log] 2023/06/03 15:50:04.122621 logger.go:32: commit Block[bdoqerugceaapauytvdf] in seq 211 at 1685807404122608000
[Consesus log] 2023/06/03 15:50:04.122658 logger.go:32: commit Block[aduujxruosxvvdswpxay] in seq 212 at 1685807404122656000
[Consesus log] 2023/06/03 15:50:04.122691 logger.go:32: commit Block[bbiyouqnvjywacqaccdj] in seq 213 at 1685807404122689000
[Consesus log] 2023/06/03 15:50:04.122723 logger.go:32: commit Block[guijeqmhqlbazxugpgvx] in seq 214 at 1685807404122722000
[Consesus log] 2023/06/03 15:50:04.122757 logger.go:32: commit Block[mpsjnfreihrsfprgphks] in seq 215 at 1685807404122755000
[Consesus log] 2023/06/03 15:50:04.122791 logger.go:32: commit Block[jeiaeayefzwjlupmqaez] in seq 216 at 1685807404122789000
[Consesus log] 2023/06/03 15:50:04.122824 logger.go:32: commit Block[eomeeqscicdgyjufuadm] in seq 217 at 1685807404122822000
[Consesus log] 2023/06/03 15:50:04.122856 logger.go:32: commit Block[eqmykjdwghkybsiuqyet] in seq 218 at 1685807404122855000
[Consesus log] 2023/06/03 15:50:04.122895 logger.go:32: commit Block[tkwttsoeancyognnhimi] in seq 219 at 1685807404122894000
[Consesus log] 2023/06/03 15:50:04.122929 logger.go:32: commit Block[zatzqxqrhtyqygvmnhwh] in seq 220 at 1685807404122927000
[Consesus log] 2023/06/03 15:50:04.122959 logger.go:32: commit Block[qpbcoyabghtpmyyokqqr] in seq 221 at 1685807404122958000
[Consesus log] 2023/06/03 15:50:04.122990 logger.go:32: commit Block[fztsubrycrhiwrtipkxb] in seq 222 at 1685807404122988000
[Consesus log] 2023/06/03 15:50:04.123022 logger.go:32: commit Block[elspguiuygmljbtppjxd] in seq 223 at 1685807404123020000
[Consesus log] 2023/06/03 15:50:04.123052 logger.go:32: commit Block[gwbdfdrhsqlbmqpqfzgc] in seq 224 at 1685807404123050000
[Consesus log] 2023/06/03 15:50:04.123082 logger.go:32: commit Block[nqdppphbookbjskhxwua] in seq 225 at 1685807404123080000
[Consesus log] 2023/06/03 15:50:04.123112 logger.go:32: commit Block[zzxjinrjskjtkzumhanu] in seq 226 at 1685807404123111000
[Consesus log] 2023/06/03 15:50:04.123143 logger.go:32: commit Block[revudrutuarruoydmjhd] in seq 227 at 1685807404123141000
[Consesus log] 2023/06/03 15:50:04.123183 logger.go:32: commit Block[yqpfqbzprrkweozyjihh] in seq 228 at 1685807404123181000
[Consesus log] 2023/06/03 15:50:04.123216 logger.go:32: commit Block[clrllqciaijkpjnpcwzn] in seq 229 at 1685807404123215000
[Consesus log] 2023/06/03 15:50:04.123248 logger.go:32: commit Block[izwpzjjrfwwfbinkmdos] in seq 230 at 1685807404123247000
[Consesus log] 2023/06/03 15:50:04.123279 logger.go:32: commit Block[xsfccswsspomuadrcxhw] in seq 231 at 1685807404123278000
[Consesus log] 2023/06/03 15:50:04.123338 logger.go:32: commit Block[vfvwcajjrjpdxmsgyacw] in seq 232 at 1685807404123336000
[Consesus log] 2023/06/03 15:50:04.123367 logger.go:32: commit Block[mcafwrooczccoibzwobs] in seq 233 at 1685807404123365000
[Consesus log] 2023/06/03 15:50:04.123394 logger.go:32: commit Block[assjqwmdyhfsdeofdagq] in seq 234 at 1685807404123393000
[Consesus log] 2023/06/03 15:50:04.123424 logger.go:32: commit Block[msxfmpxrfrlgrabpjtnu] in seq 235 at 1685807404123422000
[Consesus log] 2023/06/03 15:50:04.123451 logger.go:32: commit Block[naeqqkxqirghzdqjemsk] in seq 236 at 1685807404123449000
[Consesus log] 2023/06/03 15:50:04.989629 logger.go:32: commit Block[xldtgieetdiprsbeytnt] in seq 237 at 1685807404989616000
[Consesus log] 2023/06/03 15:50:05.402159 logger.go:32: commit Block[mhmfevxvnrdceigbetos] in seq 238 at 1685807405402155000
[Consesus log] 2023/06/03 15:50:05.402216 logger.go:32: commit Block[nluikvyralwbjtosepph] in seq 239 at 1685807405402215000
[Consesus log] 2023/06/03 15:50:05.708513 logger.go:32: commit Block[shmbmffzhiueyaxybvyr] in seq 240 at 1685807405708508000
[Consesus log] 2023/06/03 15:50:06.625731 logger.go:32: commit Block[rqoiwvxvbezajesctelu] in seq 241 at 1685807406625724000
[Consesus log] 2023/06/03 15:50:06.625814 logger.go:32: commit Block[dimigxrgvynaxyepjamn] in seq 242 at 1685807406625812000
[Consesus log] 2023/06/03 15:50:06.625848 logger.go:32: commit Block[syazttpwimjempnjovaw] in seq 243 at 1685807406625846000
[Consesus log] 2023/06/03 15:50:06.625880 logger.go:32: commit Block[eiexvurkleggluhxiktt] in seq 244 at 1685807406625878000
[Consesus log] 2023/06/03 15:50:06.625910 logger.go:32: commit Block[tsvzfvxzsrothyfxjhsi] in seq 245 at 1685807406625908000
[Consesus log] 2023/06/03 15:50:06.935082 logger.go:32: commit Block[aofursfvuqfmsoeinbqs] in seq 246 at 1685807406935079000
[Consesus log] 2023/06/03 15:50:07.547206 logger.go:32: commit Block[dfwrdhgnaxtesvlmupdn] in seq 247 at 1685807407547190000
[Consesus log] 2023/06/03 15:50:08.162781 logger.go:32: commit Block[kbimvpfefzvgxjlvzbgn] in seq 248 at 1685807408162777000
[Consesus log] 2023/06/03 15:50:08.162827 logger.go:32: commit Block[vpxnvijlqqbrhtlgoiay] in seq 249 at 1685807408162826000
[Consesus log] 2023/06/03 15:50:08.162857 logger.go:32: commit Block[cogiwnmaejifruulwmkx] in seq 250 at 1685807408162856000
[Consesus log] 2023/06/03 15:50:08.162879 logger.go:32: commit Block[mdjtzdqohthbstyfowmt] in seq 251 at 1685807408162877000
[Consesus log] 2023/06/03 15:50:08.974745 logger.go:32: commit Block[jjxuyetbbhjrbjonikhc] in seq 252 at 1685807408974734000
