[Consesus log] 2023/06/03 15:49:51.506875 logger.go:32: commit Block[wczslzcountpaoznyjfa] in seq 1 at 1685807391506865000
[Consesus log] 2023/06/03 15:49:51.506935 logger.go:32: commit Block[fqavaxyovzwconqxzvow] in seq 2 at 1685807391506933000
[Consesus log] 2023/06/03 15:49:51.506956 logger.go:32: commit Block[lhzprdpfkpaairaximot] in seq 3 at 1685807391506955000
[Consesus log] 2023/06/03 15:49:51.506973 logger.go:32: commit Block[rpsegvuunctuswxgsevj] in seq 4 at 1685807391506972000
[Consesus log] 2023/06/03 15:49:51.506991 logger.go:32: commit Block[qltrptqyjrijwlxcdiji] in seq 5 at 1685807391506990000
[Consesus log] 2023/06/03 15:49:51.967507 logger.go:32: commit Block[jzutahxkmzhovugcdlxe] in seq 6 at 1685807391967501000
[Consesus log] 2023/06/03 15:49:51.967579 logger.go:32: commit Block[vfpkseeevdokmjmzsuqt] in seq 7 at 1685807391967575000
[Consesus log] 2023/06/03 15:49:51.967623 logger.go:32: commit Block[vahjevuijqzentiehqga] in seq 8 at 1685807391967619000
[Consesus log] 2023/06/03 15:49:51.967657 logger.go:32: commit Block[jbosaibvszjntkqyybap] in seq 9 at 1685807391967655000
[Consesus log] 2023/06/03 15:49:52.684385 logger.go:32: commit Block[owzirayhmwhmigsqbqfa] in seq 10 at 1685807392684379000
[Consesus log] 2023/06/03 15:49:52.684463 logger.go:32: commit Block[xaoznzhnvqncoegrahto] in seq 11 at 1685807392684461000
[Consesus log] 2023/06/03 15:49:53.142307 logger.go:32: commit Block[esnoishsntutpucnhjlt] in seq 12 at 1685807393142302000
[Consesus log] 2023/06/03 15:49:53.142342 logger.go:32: commit Block[wzulnsrmxssufaunleao] in seq 13 at 1685807393142341000
[Consesus log] 2023/06/03 15:49:53.142361 logger.go:32: commit Block[skhoujoxwnlablynrfeo] in seq 14 at 1685807393142360000
[Consesus log] 2023/06/03 15:49:53.802833 logger.go:32: commit Block[enksdndubahxbexqndrj] in seq 15 at 1685807393802821000
[Consesus log] 2023/06/03 15:49:53.802861 logger.go:32: commit Block[yexuqgfsbiucvydyohyv] in seq 16 at 1685807393802860000
[Consesus log] 2023/06/03 15:49:53.802876 logger.go:32: commit Block[eixeefzhtsbipspldxwb] in seq 17 at 1685807393802875000
[Consesus log] 2023/06/03 15:49:53.802894 logger.go:32: commit Block[bcyhukwxxcnpcizglqkv] in seq 18 at 1685807393802893000
[Consesus log] 2023/06/03 15:49:54.417266 logger.go:32: commit Block[pvihlgqgugoqrfwqjdqf] in seq 19 at 1685807394417232000
[Consesus log] 2023/06/03 15:49:55.185603 logger.go:32: commit Block[uupjyvikvfivsavxnkve] in seq 20 at 1685807395185572000
[Consesus log] 2023/06/03 15:49:55.592575 logger.go:32: commit Block[cqexcnicvqkpdxouvaxy] in seq 21 at 1685807395592568000
[Consesus log] 2023/06/03 15:49:55.592671 logger.go:32: commit Block[wqhkvvxfqzcnczborezc] in seq 22 at 1685807395592669000
[Consesus log] 2023/06/03 15:49:55.592701 logger.go:32: commit Block[wuhahptvaxyuauekknni] in seq 23 at 1685807395592699000
[Consesus log] 2023/06/03 15:49:56.606588 logger.go:32: commit Block[scllzfhtkbatzchligck] in seq 24 at 1685807396606574000
[Consesus log] 2023/06/03 15:49:56.606654 logger.go:32: commit Block[fhfcukupfvaczkxznlrt] in seq 25 at 1685807396606651000
[Consesus log] 2023/06/03 15:49:56.606698 logger.go:32: commit Block[rtxyfpcbpjgwuzzykmaq] in seq 26 at 1685807396606695000
[Consesus log] 2023/06/03 15:49:56.606754 logger.go:32: commit Block[rlegozlbhwnbdxsmiuto] in seq 27 at 1685807396606752000
[Consesus log] 2023/06/03 15:49:56.606803 logger.go:32: commit Block[xnxakrdoiecxvftgpgwe] in seq 28 at 1685807396606801000
[Consesus log] 2023/06/03 15:49:56.606845 logger.go:32: commit Block[jndinuequckvirkguqvt] in seq 29 at 1685807396606843000
[Consesus log] 2023/06/03 15:49:56.606885 logger.go:32: commit Block[lbrjwqheryoboebaosur] in seq 30 at 1685807396606883000
[Consesus log] 2023/06/03 15:49:56.606923 logger.go:32: commit Block[aqpfddhmfbrudqvkirug] in seq 31 at 1685807396606921000
[Consesus log] 2023/06/03 15:49:56.606967 logger.go:32: commit Block[jrwvgqsyiaxjzflsoxgt] in seq 32 at 1685807396606965000
[Consesus log] 2023/06/03 15:49:56.607003 logger.go:32: commit Block[iuqitoslwgvgujxpwohf] in seq 33 at 1685807396607001000
[Consesus log] 2023/06/03 15:49:56.607044 logger.go:32: commit Block[kwshyqmurfnnlytqkogl] in seq 34 at 1685807396607042000
[Consesus log] 2023/06/03 15:49:56.607117 logger.go:32: commit Block[gqzdnruztuqjmtkqzzib] in seq 35 at 1685807396607115000
[Consesus log] 2023/06/03 15:49:56.607146 logger.go:32: commit Block[dvisihxxyamqzrrhbhtn] in seq 36 at 1685807396607144000
[Consesus log] 2023/06/03 15:49:56.607177 logger.go:32: commit Block[iyfibbqysndihrcjtuwa] in seq 37 at 1685807396607175000
[Consesus log] 2023/06/03 15:49:56.607207 logger.go:32: commit Block[uceteavtaccxavsdzsqe] in seq 38 at 1685807396607205000
[Consesus log] 2023/06/03 15:49:56.607236 logger.go:32: commit Block[yuedxdshahxhaexzhgze] in seq 39 at 1685807396607234000
[Consesus log] 2023/06/03 15:49:56.607270 logger.go:32: commit Block[sdsnztfoykavesjxkluo] in seq 40 at 1685807396607267000
[Consesus log] 2023/06/03 15:49:56.607299 logger.go:32: commit Block[emqyoooxzotryffnjagm] in seq 41 at 1685807396607298000
[Consesus log] 2023/06/03 15:49:56.607328 logger.go:32: commit Block[qncfeipexxvmqllybser] in seq 42 at 1685807396607325000
[Consesus log] 2023/06/03 15:49:56.607357 logger.go:32: commit Block[xrndygzuvrkzfhyitvkd] in seq 43 at 1685807396607355000
[Consesus log] 2023/06/03 15:49:56.607385 logger.go:32: commit Block[qciiolcdjczpbjksuhnr] in seq 44 at 1685807396607384000
[Consesus log] 2023/06/03 15:49:56.607414 logger.go:32: commit Block[xfigxgerixdnphxcmjow] in seq 45 at 1685807396607412000
[Consesus log] 2023/06/03 15:49:56.607442 logger.go:32: commit Block[kupaagxrtxyjthjnpbwg] in seq 46 at 1685807396607440000
[Consesus log] 2023/06/03 15:49:56.607471 logger.go:32: commit Block[kfbevojffgvsdznzgzku] in seq 47 at 1685807396607469000
[Consesus log] 2023/06/03 15:49:56.607505 logger.go:32: commit Block[swpaedyrusldwmlblngm] in seq 48 at 1685807396607503000
[Consesus log] 2023/06/03 15:49:56.607536 logger.go:32: commit Block[skqtdpjodjutgahwzvbj] in seq 49 at 1685807396607535000
[Consesus log] 2023/06/03 15:49:56.607565 logger.go:32: commit Block[eljxerfbxojrqtwcntxn] in seq 50 at 1685807396607563000
[Consesus log] 2023/06/03 15:49:56.607592 logger.go:32: commit Block[lpysuqhtemqtkbmlareu] in seq 51 at 1685807396607590000
[Consesus log] 2023/06/03 15:49:56.607642 logger.go:32: commit Block[shfskutefeqrxadwyhef] in seq 52 at 1685807396607640000
[Consesus log] 2023/06/03 15:49:56.607695 logger.go:32: commit Block[auvxxiohutujygbcjweb] in seq 53 at 1685807396607693000
[Consesus log] 2023/06/03 15:49:56.607728 logger.go:32: commit Block[lldkzmbhrgvlsezdyjhu] in seq 54 at 1685807396607726000
[Consesus log] 2023/06/03 15:49:56.607758 logger.go:32: commit Block[elkicvhboraqvahfegvt] in seq 55 at 1685807396607757000
[Consesus log] 2023/06/03 15:49:56.607791 logger.go:32: commit Block[dphnhzsisndcjdmtgblj] in seq 56 at 1685807396607789000
[Consesus log] 2023/06/03 15:49:56.607822 logger.go:32: commit Block[gnatvtvbxroqqwvqxbfh] in seq 57 at 1685807396607820000
[Consesus log] 2023/06/03 15:49:56.607868 logger.go:32: commit Block[hpnpirnzjlplnbujadol] in seq 58 at 1685807396607866000
[Consesus log] 2023/06/03 15:49:56.607898 logger.go:32: commit Block[pxxwmzwvbsdvnqkbennx] in seq 59 at 1685807396607896000
[Consesus log] 2023/06/03 15:49:56.607928 logger.go:32: commit Block[mrtggklmhtzmgrrfrsau] in seq 60 at 1685807396607926000
[Consesus log] 2023/06/03 15:49:56.607955 logger.go:32: commit Block[nmmaqqbznlxpkwfjtpic] in seq 61 at 1685807396607954000
[Consesus log] 2023/06/03 15:49:56.607983 logger.go:32: commit Block[zevfxxqsqsajtiaaueen] in seq 62 at 1685807396607982000
[Consesus log] 2023/06/03 15:49:56.608012 logger.go:32: commit Block[howoneijfcplgeqqinsa] in seq 63 at 1685807396608010000
[Consesus log] 2023/06/03 15:49:56.608040 logger.go:32: commit Block[ieplfccfqdmkcasvfpvt] in seq 64 at 1685807396608038000
[Consesus log] 2023/06/03 15:49:56.608069 logger.go:32: commit Block[wqepqjrzstzbgnqryfgr] in seq 65 at 1685807396608067000
[Consesus log] 2023/06/03 15:49:56.608097 logger.go:32: commit Block[cvhzwywdulgntrxdbrgq] in seq 66 at 1685807396608095000
[Consesus log] 2023/06/03 15:49:56.608126 logger.go:32: commit Block[sxaxlctuikmxnrudoiua] in seq 67 at 1685807396608124000
[Consesus log] 2023/06/03 15:49:56.608188 logger.go:32: commit Block[ohjbtxqyrcrpqdsuysok] in seq 68 at 1685807396608186000
[Consesus log] 2023/06/03 15:49:56.608218 logger.go:32: commit Block[thmmiedagvihmglhzaax] in seq 69 at 1685807396608216000
[Consesus log] 2023/06/03 15:49:56.608247 logger.go:32: commit Block[ryfqyghqibqbjwvxgkgx] in seq 70 at 1685807396608245000
[Consesus log] 2023/06/03 15:49:56.608276 logger.go:32: commit Block[ycxvnuulzaekvnjklria] in seq 71 at 1685807396608274000
[Consesus log] 2023/06/03 15:49:56.608308 logger.go:32: commit Block[kcxjymxsjnlfdoxbzpkd] in seq 72 at 1685807396608306000
[Consesus log] 2023/06/03 15:49:56.608340 logger.go:32: commit Block[ulixgtllzsuqbsmixgem] in seq 73 at 1685807396608338000
[Consesus log] 2023/06/03 15:49:56.608368 logger.go:32: commit Block[knrwjkhkihjvkhhqdzyh] in seq 74 at 1685807396608365000
[Consesus log] 2023/06/03 15:49:56.608396 logger.go:32: commit Block[xnbralumjguegncfezbp] in seq 75 at 1685807396608394000
[Consesus log] 2023/06/03 15:49:56.608429 logger.go:32: commit Block[qnguqrjvzbzocapxizyn] in seq 76 at 1685807396608428000
[Consesus log] 2023/06/03 15:49:56.608461 logger.go:32: commit Block[vruocwrypoibeydukqpi] in seq 77 at 1685807396608459000
[Consesus log] 2023/06/03 15:49:56.608501 logger.go:32: commit Block[ewvzjkovicvdzbwmgktt] in seq 78 at 1685807396608500000
[Consesus log] 2023/06/03 15:49:56.608535 logger.go:32: commit Block[nlopvfenqfiggydeoqzv] in seq 79 at 1685807396608533000
[Consesus log] 2023/06/03 15:49:56.608597 logger.go:32: commit Block[wougubroirtkbbxqmair] in seq 80 at 1685807396608593000
[Consesus log] 2023/06/03 15:49:56.608633 logger.go:32: commit Block[lohcajmahjultocfikxc] in seq 81 at 1685807396608631000
[Consesus log] 2023/06/03 15:49:56.608660 logger.go:32: commit Block[hesmbckoelcvumgmzrgp] in seq 82 at 1685807396608658000
[Consesus log] 2023/06/03 15:49:56.608682 logger.go:32: commit Block[ktqbietumaqdborxsczg] in seq 83 at 1685807396608680000
[Consesus log] 2023/06/03 15:49:56.608704 logger.go:32: commit Block[fagamisujiqtvdgjprew] in seq 84 at 1685807396608702000
[Consesus log] 2023/06/03 15:49:56.608724 logger.go:32: commit Block[ekielmpuuzsakxraseqo] in seq 85 at 1685807396608723000
[Consesus log] 2023/06/03 15:49:56.608758 logger.go:32: commit Block[dleeasyihxasdnwqghws] in seq 86 at 1685807396608746000
[Consesus log] 2023/06/03 15:49:56.608781 logger.go:32: commit Block[mtgsiqyopkhmelyxmlmy] in seq 87 at 1685807396608779000
[Consesus log] 2023/06/03 15:49:56.608804 logger.go:32: commit Block[xpxvancdakqxmnjlbbdc] in seq 88 at 1685807396608802000
[Consesus log] 2023/06/03 15:49:56.608825 logger.go:32: commit Block[qnhxgmrvyijdjeirduhv] in seq 89 at 1685807396608824000
[Consesus log] 2023/06/03 15:49:56.608848 logger.go:32: commit Block[rqspkoyzymhyqyqpvvyw] in seq 90 at 1685807396608847000
[Consesus log] 2023/06/03 15:49:56.608869 logger.go:32: commit Block[mlntnwkizwtqaagzpnbh] in seq 91 at 1685807396608868000
[Consesus log] 2023/06/03 15:49:56.608895 logger.go:32: commit Block[znkrtqlfnunqbbfxxbkb] in seq 92 at 1685807396608893000
[Consesus log] 2023/06/03 15:49:56.608915 logger.go:32: commit Block[zmqhhtrmqumclfzhkxbb] in seq 93 at 1685807396608914000
[Consesus log] 2023/06/03 15:49:56.608936 logger.go:32: commit Block[lammmfllfrcrabgopwfp] in seq 94 at 1685807396608935000
[Consesus log] 2023/06/03 15:49:57.014818 logger.go:32: commit Block[dfeapjnysqmwnrkuvvqr] in seq 95 at 1685807397014815000
[Consesus log] 2023/06/03 15:49:57.014892 logger.go:32: commit Block[yyegczhvdnfmdmjtxulo] in seq 96 at 1685807397014891000
[Consesus log] 2023/06/03 15:49:57.014913 logger.go:32: commit Block[eucmmrvfbkdxphohzuqe] in seq 97 at 1685807397014912000
[Consesus log] 2023/06/03 15:49:57.014931 logger.go:32: commit Block[geswfcsjiycbxdwdgomr] in seq 98 at 1685807397014930000
[Consesus log] 2023/06/03 15:49:57.014948 logger.go:32: commit Block[xpjzgkqyqihsyglccklv] in seq 99 at 1685807397014947000
[Consesus log] 2023/06/03 15:49:57.783075 logger.go:32: commit Block[bmteifnwgffpgyrbukrj] in seq 100 at 1685807397783056000
[Consesus log] 2023/06/03 15:49:58.091184 logger.go:32: commit Block[lifqjozhsuwibypsbhea] in seq 101 at 1685807398091181000
[Consesus log] 2023/06/03 15:49:58.091214 logger.go:32: commit Block[pghluwemvhjwxkutpknn] in seq 102 at 1685807398091212000
[Consesus log] 2023/06/03 15:49:58.952792 logger.go:32: commit Block[gpoathwcjypiilshkzhu] in seq 103 at 1685807398952781000
[Consesus log] 2023/06/03 15:49:59.464851 logger.go:32: commit Block[mrcspbykaiutnxyjzflo] in seq 104 at 1685807399464291000
[Consesus log] 2023/06/03 15:50:00.281863 logger.go:32: commit Block[wjjezdsnlrylatkprdfu] in seq 105 at 1685807400281847000
[Consesus log] 2023/06/03 15:50:00.281963 logger.go:32: commit Block[ffozkpzdfjknatsbittk] in seq 106 at 1685807400281960000
[Consesus log] 2023/06/03 15:50:00.795289 logger.go:32: commit Block[khekjujqpgnxcwdcvcib] in seq 107 at 1685807400795278000
[Consesus log] 2023/06/03 15:50:00.795350 logger.go:32: commit Block[vbifxyixokhkvfjkqbjd] in seq 108 at 1685807400795347000
[Consesus log] 2023/06/03 15:50:00.795389 logger.go:32: commit Block[lntptcvwpiaqudpiihmk] in seq 109 at 1685807400795387000
[Consesus log] 2023/06/03 15:50:01.405911 logger.go:32: commit Block[kizzsblhofvqjraoxmdz] in seq 110 at 1685807401405908000
[Consesus log] 2023/06/03 15:50:01.405974 logger.go:32: commit Block[xysndzdodxrdsdznnlxh] in seq 111 at 1685807401405972000
[Consesus log] 2023/06/03 15:50:01.866678 logger.go:32: commit Block[mtoguconuotdkctyuruo] in seq 112 at 1685807401866669000
[Consesus log] 2023/06/03 15:50:01.866714 logger.go:32: commit Block[nufsnxklocppznbbnquc] in seq 113 at 1685807401866713000
[Consesus log] 2023/06/03 15:50:01.866738 logger.go:32: commit Block[bxtnbjrgqdpjqrcsrtdm] in seq 114 at 1685807401866737000
[Consesus log] 2023/06/03 15:50:02.789168 logger.go:32: commit Block[jjcntnfwlufueajhpvet] in seq 115 at 1685807402789156000
[Consesus log] 2023/06/03 15:50:03.246038 logger.go:32: commit Block[rhveibrmtdoxuelfswrs] in seq 116 at 1685807403246027000
[Consesus log] 2023/06/03 15:50:04.119559 logger.go:32: commit Block[hxggiwdyolbmlcemgoyh] in seq 117 at 1685807404119551000
[Consesus log] 2023/06/03 15:50:04.119896 logger.go:32: commit Block[xpklvewhsuwlntasvjsy] in seq 118 at 1685807404119893000
[Consesus log] 2023/06/03 15:50:04.119931 logger.go:32: commit Block[efmnjkeaozurcwfcxyoc] in seq 119 at 1685807404119929000
[Consesus log] 2023/06/03 15:50:04.119959 logger.go:32: commit Block[bfweaerexlqmrwkftklh] in seq 120 at 1685807404119958000
[Consesus log] 2023/06/03 15:50:04.119985 logger.go:32: commit Block[tceapekitvijatezqoiv] in seq 121 at 1685807404119984000
[Consesus log] 2023/06/03 15:50:04.120013 logger.go:32: commit Block[ggtpqwotbnswvsbywiti] in seq 122 at 1685807404120012000
[Consesus log] 2023/06/03 15:50:04.120043 logger.go:32: commit Block[ueoihvbxgcynzlkvuvij] in seq 123 at 1685807404120042000
[Consesus log] 2023/06/03 15:50:04.120073 logger.go:32: commit Block[xodgmnnyiaspobfqnvro] in seq 124 at 1685807404120072000
[Consesus log] 2023/06/03 15:50:04.120104 logger.go:32: commit Block[rovtejkkxkxqebryhwgd] in seq 125 at 1685807404120102000
[Consesus log] 2023/06/03 15:50:04.120133 logger.go:32: commit Block[dorafnxjmbltcdqqbglf] in seq 126 at 1685807404120131000
[Consesus log] 2023/06/03 15:50:04.120160 logger.go:32: commit Block[rtqxemklqgwgrdzdtjxy] in seq 127 at 1685807404120158000
[Consesus log] 2023/06/03 15:50:04.120188 logger.go:32: commit Block[vwrdqkxedkiahgaxkuhl] in seq 128 at 1685807404120187000
[Consesus log] 2023/06/03 15:50:04.120214 logger.go:32: commit Block[flkwrevvzijlupdapsan] in seq 129 at 1685807404120212000
[Consesus log] 2023/06/03 15:50:04.120239 logger.go:32: commit Block[xgnxdmnvwuvialboaojx] in seq 130 at 1685807404120238000
[Consesus log] 2023/06/03 15:50:04.120265 logger.go:32: commit Block[ulaycqkmjgnkkurrzqde] in seq 131 at 1685807404120263000
[Consesus log] 2023/06/03 15:50:04.120291 logger.go:32: commit Block[xoeielzhkfphjneluzpo] in seq 132 at 1685807404120290000
[Consesus log] 2023/06/03 15:50:04.120352 logger.go:32: commit Block[murtuxktdieggpvzgbqy] in seq 133 at 1685807404120350000
[Consesus log] 2023/06/03 15:50:04.120376 logger.go:32: commit Block[zaqfbiunosbspvfnutcr] in seq 134 at 1685807404120374000
[Consesus log] 2023/06/03 15:50:04.120398 logger.go:32: commit Block[pbfsfikullyriudirsve] in seq 135 at 1685807404120397000
[Consesus log] 2023/06/03 15:50:04.120420 logger.go:32: commit Block[qqvoygvkzexwfkrbhiux] in seq 136 at 1685807404120418000
[Consesus log] 2023/06/03 15:50:04.120441 logger.go:32: commit Block[yrnsugivwvnuagdlxxxp] in seq 137 at 1685807404120440000
[Consesus log] 2023/06/03 15:50:04.120463 logger.go:32: commit Block[isqgknkwhpfzsaazuijg] in seq 138 at 1685807404120462000
[Consesus log] 2023/06/03 15:50:04.120484 logger.go:32: commit Block[deimrvvvrfqdozesqygw] in seq 139 at 1685807404120482000
[Consesus log] 2023/06/03 15:50:04.120506 logger.go:32: commit Block[eqbvwbnelhduuhdciaof] in seq 140 at 1685807404120505000
[Consesus log] 2023/06/03 15:50:04.120526 logger.go:32: commit Block[xvwhtdflmshirxqpnkmq] in seq 141 at 1685807404120525000
[Consesus log] 2023/06/03 15:50:04.120547 logger.go:32: commit Block[fikeriohsmliyitlksmr] in seq 142 at 1685807404120546000
[Consesus log] 2023/06/03 15:50:04.120567 logger.go:32: commit Block[ihgtslnlxsnbckfwckic] in seq 143 at 1685807404120566000
[Consesus log] 2023/06/03 15:50:04.120589 logger.go:32: commit Block[pdkvxtgljfivlodokvpb] in seq 144 at 1685807404120588000
[Consesus log] 2023/06/03 15:50:04.120611 logger.go:32: commit Block[zddxaeiocgvjggtikryk] in seq 145 at 1685807404120610000
[Consesus log] 2023/06/03 15:50:04.120632 logger.go:32: commit Block[hwvhqbatgbbnjprvcscr] in seq 146 at 1685807404120631000
[Consesus log] 2023/06/03 15:50:04.120653 logger.go:32: commit Block[mvknmyqybijiqhjqhwqx] in seq 147 at 1685807404120652000
[Consesus log] 2023/06/03 15:50:04.120673 logger.go:32: commit Block[eeyhzovuucvqcmdgdlmt] in seq 148 at 1685807404120672000
[Consesus log] 2023/06/03 15:50:04.120694 logger.go:32: commit Block[alxkpvoasnabvdiepsdd] in seq 149 at 1685807404120693000
[Consesus log] 2023/06/03 15:50:04.120714 logger.go:32: commit Block[kvjtrxadcvpuseiwbuwo] in seq 150 at 1685807404120713000
[Consesus log] 2023/06/03 15:50:04.120736 logger.go:32: commit Block[popdrjnopttuvmfwvede] in seq 151 at 1685807404120734000
[Consesus log] 2023/06/03 15:50:04.120756 logger.go:32: commit Block[fnjwjuqfdudaitvprnda] in seq 152 at 1685807404120755000
[Consesus log] 2023/06/03 15:50:04.120776 logger.go:32: commit Block[ibdwjtotvuxaxqjuuurw] in seq 153 at 1685807404120775000
[Consesus log] 2023/06/03 15:50:04.120796 logger.go:32: commit Block[uescyhzwbofhlrdarelw] in seq 154 at 1685807404120795000
[Consesus log] 2023/06/03 15:50:04.120817 logger.go:32: commit Block[ewdsqottdtulwarsvuok] in seq 155 at 1685807404120815000
[Consesus log] 2023/06/03 15:50:04.120838 logger.go:32: commit Block[sgwbbixkddrqxqojnvuq] in seq 156 at 1685807404120837000
[Consesus log] 2023/06/03 15:50:04.120865 logger.go:32: commit Block[qvwkgsntcpnyoqqhmzbn] in seq 157 at 1685807404120863000
[Consesus log] 2023/06/03 15:50:04.120887 logger.go:32: commit Block[dyheecgwvxoyrdrmsagr] in seq 158 at 1685807404120886000
[Consesus log] 2023/06/03 15:50:04.120908 logger.go:32: commit Block[mnplrzmmadwkwxmmjeqk] in seq 159 at 1685807404120906000
[Consesus log] 2023/06/03 15:50:04.120928 logger.go:32: commit Block[fupgmsrzqzwjdrccwipf] in seq 160 at 1685807404120927000
[Consesus log] 2023/06/03 15:50:04.120949 logger.go:32: commit Block[fawrfqoacmublktkeovo] in seq 161 at 1685807404120948000
[Consesus log] 2023/06/03 15:50:04.120970 logger.go:32: commit Block[qprjvbtwucycoqxzcwyq] in seq 162 at 1685807404120969000
[Consesus log] 2023/06/03 15:50:04.120990 logger.go:32: commit Block[hyhyjpncsciekbuhqcmm] in seq 163 at 1685807404120988000
[Consesus log] 2023/06/03 15:50:04.121009 logger.go:32: commit Block[rqvbnagnzlfnamyeqqng] in seq 164 at 1685807404121008000
[Consesus log] 2023/06/03 15:50:04.121031 logger.go:32: commit Block[gplbjkzmqueckgthfpym] in seq 165 at 1685807404121029000
[Consesus log] 2023/06/03 15:50:04.121073 logger.go:32: commit Block[uhjqiaawtahxbumadvfp] in seq 166 at 1685807404121071000
[Consesus log] 2023/06/03 15:50:04.121095 logger.go:32: commit Block[mslgqburyxvxtvhnqepv] in seq 167 at 1685807404121094000
[Consesus log] 2023/06/03 15:50:04.121120 logger.go:32: commit Block[zulnwvprvesabcjoappg] in seq 168 at 1685807404121118000
[Consesus log] 2023/06/03 15:50:04.121146 logger.go:32: commit Block[dkiuidjopprcptzxcnnj] in seq 169 at 1685807404121140000
[Consesus log] 2023/06/03 15:50:04.121170 logger.go:32: commit Block[tjtrxeutqblfcgfwlabw] in seq 170 at 1685807404121168000
[Consesus log] 2023/06/03 15:50:04.121190 logger.go:32: commit Block[rqhrcanzggbmqtqweidc] in seq 171 at 1685807404121189000
[Consesus log] 2023/06/03 15:50:04.121210 logger.go:32: commit Block[uysvpfxdnbkootvkifmq] in seq 172 at 1685807404121209000
[Consesus log] 2023/06/03 15:50:04.121232 logger.go:32: commit Block[sqmdsroxlmoslqniljpg] in seq 173 at 1685807404121230000
[Consesus log] 2023/06/03 15:50:04.121252 logger.go:32: commit Block[vvwjvfsfnknfxiujsnpr] in seq 174 at 1685807404121251000
[Consesus log] 2023/06/03 15:50:04.121274 logger.go:32: commit Block[mlbpepccifhhmipvbckm] in seq 175 at 1685807404121272000
[Consesus log] 2023/06/03 15:50:04.121293 logger.go:32: commit Block[rhntrvpnbeuecadvgpgo] in seq 176 at 1685807404121292000
[Consesus log] 2023/06/03 15:50:04.121315 logger.go:32: commit Block[msoedwskifzbtivbmocz] in seq 177 at 1685807404121313000
[Consesus log] 2023/06/03 15:50:04.121336 logger.go:32: commit Block[pzywmpqwfufglzhvlkpe] in seq 178 at 1685807404121335000
[Consesus log] 2023/06/03 15:50:04.121359 logger.go:32: commit Block[izrvckhpuundysajvvbm] in seq 179 at 1685807404121357000
[Consesus log] 2023/06/03 15:50:04.121379 logger.go:32: commit Block[ljzcisnpcwvetpsmmetd] in seq 180 at 1685807404121378000
[Consesus log] 2023/06/03 15:50:04.121400 logger.go:32: commit Block[wmckefvypdiqjzftpyoi] in seq 181 at 1685807404121399000
[Consesus log] 2023/06/03 15:50:04.121420 logger.go:32: commit Block[wgoxpjskyqeohfezthmf] in seq 182 at 1685807404121419000
[Consesus log] 2023/06/03 15:50:04.121445 logger.go:32: commit Block[pzwuklnosmpfynftlwbp] in seq 183 at 1685807404121444000
[Consesus log] 2023/06/03 15:50:04.121466 logger.go:32: commit Block[qhuefbejfbcjbsqcjkkd] in seq 184 at 1685807404121465000
[Consesus log] 2023/06/03 15:50:04.121487 logger.go:32: commit Block[qtdyilfauechbuowgkgk] in seq 185 at 1685807404121485000
[Consesus log] 2023/06/03 15:50:04.121510 logger.go:32: commit Block[amidxbvxzetjqwmnfoya] in seq 186 at 1685807404121509000
[Consesus log] 2023/06/03 15:50:04.121533 logger.go:32: commit Block[zpvobnjsmbpscvjniiim] in seq 187 at 1685807404121532000
[Consesus log] 2023/06/03 15:50:04.121555 logger.go:32: commit Block[dodqzxecgxldqngfofxw] in seq 188 at 1685807404121554000
[Consesus log] 2023/06/03 15:50:04.121578 logger.go:32: commit Block[axqtzhfzffmzrwugqixb] in seq 189 at 1685807404121577000
[Consesus log] 2023/06/03 15:50:04.121602 logger.go:32: commit Block[nniyflxlrfdtaqnoqqyw] in seq 190 at 1685807404121600000
[Consesus log] 2023/06/03 15:50:04.121623 logger.go:32: commit Block[xezghcmsojzmqyzhxqsb] in seq 191 at 1685807404121622000
[Consesus log] 2023/06/03 15:50:04.121645 logger.go:32: commit Block[nksnauojeydbfzmmpjjg] in seq 192 at 1685807404121644000
[Consesus log] 2023/06/03 15:50:04.121667 logger.go:32: commit Block[ntpkrtndihyovdboidgk] in seq 193 at 1685807404121665000
[Consesus log] 2023/06/03 15:50:04.121688 logger.go:32: commit Block[mjmdwsfxqumrgaryzgpj] in seq 194 at 1685807404121687000
[Consesus log] 2023/06/03 15:50:04.121710 logger.go:32: commit Block[ffbhxfggjnlhsmofdbob] in seq 195 at 1685807404121709000
[Consesus log] 2023/06/03 15:50:04.121734 logger.go:32: commit Block[czinpwhnvzuzadppcsmh] in seq 196 at 1685807404121733000
[Consesus log] 2023/06/03 15:50:04.121756 logger.go:32: commit Block[plrrbzfctejveietpnzr] in seq 197 at 1685807404121755000
[Consesus log] 2023/06/03 15:50:04.121779 logger.go:32: commit Block[mowdkmvfmyoywhgjldab] in seq 198 at 1685807404121777000
[Consesus log] 2023/06/03 15:50:04.121816 logger.go:32: commit Block[ytvjuhlczvloulndawfy] in seq 199 at 1685807404121814000
[Consesus log] 2023/06/03 15:50:04.121840 logger.go:32: commit Block[jmewoinxdwtwceoliuix] in seq 200 at 1685807404121838000
[Consesus log] 2023/06/03 15:50:04.121860 logger.go:32: commit Block[glukfvmvbuajpbypbhld] in seq 201 at 1685807404121859000
[Consesus log] 2023/06/03 15:50:04.121879 logger.go:32: commit Block[nogmwyskkzfiaqumzchw] in seq 202 at 1685807404121878000
[Consesus log] 2023/06/03 15:50:04.121898 logger.go:32: commit Block[jqdyudprjlbhewsvmszn] in seq 203 at 1685807404121897000
[Consesus log] 2023/06/03 15:50:04.121918 logger.go:32: commit Block[gjukvnbvngskupequsym] in seq 204 at 1685807404121917000
[Consesus log] 2023/06/03 15:50:04.121942 logger.go:32: commit Block[okuzwhxovsfwbbouxblr] in seq 205 at 1685807404121940000
[Consesus log] 2023/06/03 15:50:04.121969 logger.go:32: commit Block[nrczcbfugnwhbzprgskw] in seq 206 at 1685807404121967000
[Consesus log] 2023/06/03 15:50:04.121996 logger.go:32: commit Block[cvkxvsrcmjqbqzyyttqg] in seq 207 at 1685807404121994000
[Consesus log] 2023/06/03 15:50:04.122024 logger.go:32: commit Block[wgturlqfqebthdphjbgt] in seq 208 at 1685807404122022000
[Consesus log] 2023/06/03 15:50:04.122089 logger.go:32: commit Block[ftalefzxfueneylfzgpc] in seq 209 at 1685807404122087000
[Consesus log] 2023/06/03 15:50:04.122125 logger.go:32: commit Block[dvwtsdblewtrmxswaaef] in seq 210 at 1685807404122123000
[Consesus log] 2023/06/03 15:50:04.122160 logger.go:32: commit Block[bdoqerugceaapauytvdf] in seq 211 at 1685807404122157000
[Consesus log] 2023/06/03 15:50:04.122193 logger.go:32: commit Block[aduujxruosxvvdswpxay] in seq 212 at 1685807404122191000
[Consesus log] 2023/06/03 15:50:04.122225 logger.go:32: commit Block[bbiyouqnvjywacqaccdj] in seq 213 at 1685807404122224000
[Consesus log] 2023/06/03 15:50:04.122255 logger.go:32: commit Block[guijeqmhqlbazxugpgvx] in seq 214 at 1685807404122254000
[Consesus log] 2023/06/03 15:50:04.122286 logger.go:32: commit Block[mpsjnfreihrsfprgphks] in seq 215 at 1685807404122284000
[Consesus log] 2023/06/03 15:50:04.122333 logger.go:32: commit Block[jeiaeayefzwjlupmqaez] in seq 216 at 1685807404122319000
[Consesus log] 2023/06/03 15:50:04.122369 logger.go:32: commit Block[eomeeqscicdgyjufuadm] in seq 217 at 1685807404122366000
[Consesus log] 2023/06/03 15:50:04.122400 logger.go:32: commit Block[eqmykjdwghkybsiuqyet] in seq 218 at 1685807404122398000
[Consesus log] 2023/06/03 15:50:04.122433 logger.go:32: commit Block[tkwttsoeancyognnhimi] in seq 219 at 1685807404122431000
[Consesus log] 2023/06/03 15:50:04.122470 logger.go:32: commit Block[zatzqxqrhtyqygvmnhwh] in seq 220 at 1685807404122469000
[Consesus log] 2023/06/03 15:50:04.122500 logger.go:32: commit Block[qpbcoyabghtpmyyokqqr] in seq 221 at 1685807404122498000
[Consesus log] 2023/06/03 15:50:04.122535 logger.go:32: commit Block[fztsubrycrhiwrtipkxb] in seq 222 at 1685807404122533000
[Consesus log] 2023/06/03 15:50:04.122568 logger.go:32: commit Block[elspguiuygmljbtppjxd] in seq 223 at 1685807404122567000
[Consesus log] 2023/06/03 15:50:04.122598 logger.go:32: commit Block[gwbdfdrhsqlbmqpqfzgc] in seq 224 at 1685807404122596000
[Consesus log] 2023/06/03 15:50:04.122629 logger.go:32: commit Block[nqdppphbookbjskhxwua] in seq 225 at 1685807404122627000
[Consesus log] 2023/06/03 15:50:04.122661 logger.go:32: commit Block[zzxjinrjskjtkzumhanu] in seq 226 at 1685807404122659000
[Consesus log] 2023/06/03 15:50:04.122694 logger.go:32: commit Block[revudrutuarruoydmjhd] in seq 227 at 1685807404122692000
[Consesus log] 2023/06/03 15:50:04.122725 logger.go:32: commit Block[yqpfqbzprrkweozyjihh] in seq 228 at 1685807404122723000
[Consesus log] 2023/06/03 15:50:04.122757 logger.go:32: commit Block[clrllqciaijkpjnpcwzn] in seq 229 at 1685807404122754000
[Consesus log] 2023/06/03 15:50:04.122789 logger.go:32: commit Block[izwpzjjrfwwfbinkmdos] in seq 230 at 1685807404122787000
[Consesus log] 2023/06/03 15:50:04.122818 logger.go:32: commit Block[xsfccswsspomuadrcxhw] in seq 231 at 1685807404122817000
[Consesus log] 2023/06/03 15:50:04.122875 logger.go:32: commit Block[vfvwcajjrjpdxmsgyacw] in seq 232 at 1685807404122872000
[Consesus log] 2023/06/03 15:50:04.122904 logger.go:32: commit Block[mcafwrooczccoibzwobs] in seq 233 at 1685807404122902000
[Consesus log] 2023/06/03 15:50:04.122933 logger.go:32: commit Block[assjqwmdyhfsdeofdagq] in seq 234 at 1685807404122931000
[Consesus log] 2023/06/03 15:50:04.122962 logger.go:32: commit Block[msxfmpxrfrlgrabpjtnu] in seq 235 at 1685807404122960000
[Consesus log] 2023/06/03 15:50:04.122990 logger.go:32: commit Block[naeqqkxqirghzdqjemsk] in seq 236 at 1685807404122988000
[Consesus log] 2023/06/03 15:50:04.989989 logger.go:32: commit Block[xldtgieetdiprsbeytnt] in seq 237 at 1685807404989983000
[Consesus log] 2023/06/03 15:50:05.403157 logger.go:32: commit Block[mhmfevxvnrdceigbetos] in seq 238 at 1685807405403148000
[Consesus log] 2023/06/03 15:50:05.403212 logger.go:32: commit Block[nluikvyralwbjtosepph] in seq 239 at 1685807405403211000
[Consesus log] 2023/06/03 15:50:05.709204 logger.go:32: commit Block[shmbmffzhiueyaxybvyr] in seq 240 at 1685807405709199000
[Consesus log] 2023/06/03 15:50:06.626851 logger.go:32: commit Block[rqoiwvxvbezajesctelu] in seq 241 at 1685807406626836000
[Consesus log] 2023/06/03 15:50:06.626921 logger.go:32: commit Block[dimigxrgvynaxyepjamn] in seq 242 at 1685807406626918000
[Consesus log] 2023/06/03 15:50:06.626951 logger.go:32: commit Block[syazttpwimjempnjovaw] in seq 243 at 1685807406626949000
[Consesus log] 2023/06/03 15:50:06.626979 logger.go:32: commit Block[eiexvurkleggluhxiktt] in seq 244 at 1685807406626977000
[Consesus log] 2023/06/03 15:50:06.627005 logger.go:32: commit Block[tsvzfvxzsrothyfxjhsi] in seq 245 at 1685807406627004000
[Consesus log] 2023/06/03 15:50:06.935158 logger.go:32: commit Block[aofursfvuqfmsoeinbqs] in seq 246 at 1685807406935150000
[Consesus log] 2023/06/03 15:50:07.548120 logger.go:32: commit Block[dfwrdhgnaxtesvlmupdn] in seq 247 at 1685807407548105000
[Consesus log] 2023/06/03 15:50:08.162648 logger.go:32: commit Block[kbimvpfefzvgxjlvzbgn] in seq 248 at 1685807408162629000
[Consesus log] 2023/06/03 15:50:08.162788 logger.go:32: commit Block[vpxnvijlqqbrhtlgoiay] in seq 249 at 1685807408162786000
[Consesus log] 2023/06/03 15:50:08.162818 logger.go:32: commit Block[cogiwnmaejifruulwmkx] in seq 250 at 1685807408162817000
[Consesus log] 2023/06/03 15:50:08.162840 logger.go:32: commit Block[mdjtzdqohthbstyfowmt] in seq 251 at 1685807408162839000
[Consesus log] 2023/06/03 15:50:08.974480 logger.go:32: commit Block[jjxuyetbbhjrbjonikhc] in seq 252 at 1685807408974470000
