[Consesus log] 2023/06/03 15:49:51.507697 logger.go:32: commit Block[wczslzcountpaoznyjfa] in seq 1 at 1685807391507692000
[Consesus log] 2023/06/03 15:49:51.507757 logger.go:32: commit Block[fqavaxyovzwconqxzvow] in seq 2 at 1685807391507756000
[Consesus log] 2023/06/03 15:49:51.509827 logger.go:32: commit Block[lhzprdpfkpaairaximot] in seq 3 at 1685807391509822000
[Consesus log] 2023/06/03 15:49:51.509905 logger.go:32: commit Block[rpsegvuunctuswxgsevj] in seq 4 at 1685807391509903000
[Consesus log] 2023/06/03 15:49:51.509922 logger.go:32: commit Block[qltrptqyjrijwlxcdiji] in seq 5 at 1685807391509921000
[Consesus log] 2023/06/03 15:49:51.966995 logger.go:32: commit Block[jzutahxkmzhovugcdlxe] in seq 6 at 1685807391966986000
[Consesus log] 2023/06/03 15:49:51.967051 logger.go:32: commit Block[vfpkseeevdokmjmzsuqt] in seq 7 at 1685807391967049000
[Consesus log] 2023/06/03 15:49:51.967084 logger.go:32: commit Block[vahjevuijqzentiehqga] in seq 8 at 1685807391967082000
[Consesus log] 2023/06/03 15:49:51.967148 logger.go:32: commit Block[jbosaibvszjntkqyybap] in seq 9 at 1685807391967118000
[Consesus log] 2023/06/03 15:49:52.684776 logger.go:32: commit Block[owzirayhmwhmigsqbqfa] in seq 10 at 1685807392684735000
[Consesus log] 2023/06/03 15:49:52.684829 logger.go:32: commit Block[xaoznzhnvqncoegrahto] in seq 11 at 1685807392684826000
[Consesus log] 2023/06/03 15:49:53.142442 logger.go:32: commit Block[esnoishsntutpucnhjlt] in seq 12 at 1685807393142439000
[Consesus log] 2023/06/03 15:49:53.142464 logger.go:32: commit Block[wzulnsrmxssufaunleao] in seq 13 at 1685807393142463000
[Consesus log] 2023/06/03 15:49:53.142484 logger.go:32: commit Block[skhoujoxwnlablynrfeo] in seq 14 at 1685807393142483000
[Consesus log] 2023/06/03 15:49:53.802757 logger.go:32: commit Block[enksdndubahxbexqndrj] in seq 15 at 1685807393802752000
[Consesus log] 2023/06/03 15:49:53.802794 logger.go:32: commit Block[yexuqgfsbiucvydyohyv] in seq 16 at 1685807393802793000
[Consesus log] 2023/06/03 15:49:53.802811 logger.go:32: commit Block[eixeefzhtsbipspldxwb] in seq 17 at 1685807393802810000
[Consesus log] 2023/06/03 15:49:53.802826 logger.go:32: commit Block[bcyhukwxxcnpcizglqkv] in seq 18 at 1685807393802825000
[Consesus log] 2023/06/03 15:49:54.416764 logger.go:32: commit Block[pvihlgqgugoqrfwqjdqf] in seq 19 at 1685807394416749000
[Consesus log] 2023/06/03 15:49:55.185478 logger.go:32: commit Block[uupjyvikvfivsavxnkve] in seq 20 at 1685807395185473000
[Consesus log] 2023/06/03 15:49:56.398493 logger.go:32: commit Block[cqexcnicvqkpdxouvaxy] in seq 21 at 1685807396398478000
[Consesus log] 2023/06/03 15:49:56.398582 logger.go:32: commit Block[wqhkvvxfqzcnczborezc] in seq 22 at 1685807396398580000
[Consesus log] 2023/06/03 15:49:56.398610 logger.go:32: commit Block[wuhahptvaxyuauekknni] in seq 23 at 1685807396398609000
[Consesus log] 2023/06/03 15:49:56.606411 logger.go:32: commit Block[scllzfhtkbatzchligck] in seq 24 at 1685807396606404000
[Consesus log] 2023/06/03 15:49:56.606478 logger.go:32: commit Block[fhfcukupfvaczkxznlrt] in seq 25 at 1685807396606475000
[Consesus log] 2023/06/03 15:49:56.606521 logger.go:32: commit Block[rtxyfpcbpjgwuzzykmaq] in seq 26 at 1685807396606519000
[Consesus log] 2023/06/03 15:49:56.606583 logger.go:32: commit Block[rlegozlbhwnbdxsmiuto] in seq 27 at 1685807396606581000
[Consesus log] 2023/06/03 15:49:56.606629 logger.go:32: commit Block[xnxakrdoiecxvftgpgwe] in seq 28 at 1685807396606628000
[Consesus log] 2023/06/03 15:49:56.606669 logger.go:32: commit Block[jndinuequckvirkguqvt] in seq 29 at 1685807396606667000
[Consesus log] 2023/06/03 15:49:56.606712 logger.go:32: commit Block[lbrjwqheryoboebaosur] in seq 30 at 1685807396606710000
[Consesus log] 2023/06/03 15:49:56.606756 logger.go:32: commit Block[aqpfddhmfbrudqvkirug] in seq 31 at 1685807396606754000
[Consesus log] 2023/06/03 15:49:56.606799 logger.go:32: commit Block[jrwvgqsyiaxjzflsoxgt] in seq 32 at 1685807396606798000
[Consesus log] 2023/06/03 15:49:56.606838 logger.go:32: commit Block[iuqitoslwgvgujxpwohf] in seq 33 at 1685807396606835000
[Consesus log] 2023/06/03 15:49:56.606879 logger.go:32: commit Block[kwshyqmurfnnlytqkogl] in seq 34 at 1685807396606876000
[Consesus log] 2023/06/03 15:49:56.606975 logger.go:32: commit Block[gqzdnruztuqjmtkqzzib] in seq 35 at 1685807396606973000
[Consesus log] 2023/06/03 15:49:56.607006 logger.go:32: commit Block[dvisihxxyamqzrrhbhtn] in seq 36 at 1685807396607004000
[Consesus log] 2023/06/03 15:49:56.607035 logger.go:32: commit Block[iyfibbqysndihrcjtuwa] in seq 37 at 1685807396607033000
[Consesus log] 2023/06/03 15:49:56.607062 logger.go:32: commit Block[uceteavtaccxavsdzsqe] in seq 38 at 1685807396607060000
[Consesus log] 2023/06/03 15:49:56.607096 logger.go:32: commit Block[yuedxdshahxhaexzhgze] in seq 39 at 1685807396607094000
[Consesus log] 2023/06/03 15:49:56.607124 logger.go:32: commit Block[sdsnztfoykavesjxkluo] in seq 40 at 1685807396607123000
[Consesus log] 2023/06/03 15:49:56.607154 logger.go:32: commit Block[emqyoooxzotryffnjagm] in seq 41 at 1685807396607152000
[Consesus log] 2023/06/03 15:49:56.607182 logger.go:32: commit Block[qncfeipexxvmqllybser] in seq 42 at 1685807396607180000
[Consesus log] 2023/06/03 15:49:56.607211 logger.go:32: commit Block[xrndygzuvrkzfhyitvkd] in seq 43 at 1685807396607210000
[Consesus log] 2023/06/03 15:49:56.607240 logger.go:32: commit Block[qciiolcdjczpbjksuhnr] in seq 44 at 1685807396607238000
[Consesus log] 2023/06/03 15:49:56.607270 logger.go:32: commit Block[xfigxgerixdnphxcmjow] in seq 45 at 1685807396607269000
[Consesus log] 2023/06/03 15:49:56.607301 logger.go:32: commit Block[kupaagxrtxyjthjnpbwg] in seq 46 at 1685807396607299000
[Consesus log] 2023/06/03 15:49:56.607331 logger.go:32: commit Block[kfbevojffgvsdznzgzku] in seq 47 at 1685807396607329000
[Consesus log] 2023/06/03 15:49:56.607361 logger.go:32: commit Block[swpaedyrusldwmlblngm] in seq 48 at 1685807396607360000
[Consesus log] 2023/06/03 15:49:56.607390 logger.go:32: commit Block[skqtdpjodjutgahwzvbj] in seq 49 at 1685807396607388000
[Consesus log] 2023/06/03 15:49:56.607418 logger.go:32: commit Block[eljxerfbxojrqtwcntxn] in seq 50 at 1685807396607416000
[Consesus log] 2023/06/03 15:49:56.607468 logger.go:32: commit Block[lpysuqhtemqtkbmlareu] in seq 51 at 1685807396607466000
[Consesus log] 2023/06/03 15:49:56.607505 logger.go:32: commit Block[shfskutefeqrxadwyhef] in seq 52 at 1685807396607503000
[Consesus log] 2023/06/03 15:49:56.607546 logger.go:32: commit Block[auvxxiohutujygbcjweb] in seq 53 at 1685807396607544000
[Consesus log] 2023/06/03 15:49:56.607579 logger.go:32: commit Block[lldkzmbhrgvlsezdyjhu] in seq 54 at 1685807396607577000
[Consesus log] 2023/06/03 15:49:56.607608 logger.go:32: commit Block[elkicvhboraqvahfegvt] in seq 55 at 1685807396607607000
[Consesus log] 2023/06/03 15:49:56.607642 logger.go:32: commit Block[dphnhzsisndcjdmtgblj] in seq 56 at 1685807396607640000
[Consesus log] 2023/06/03 15:49:56.607676 logger.go:32: commit Block[gnatvtvbxroqqwvqxbfh] in seq 57 at 1685807396607675000
[Consesus log] 2023/06/03 15:49:56.607708 logger.go:32: commit Block[hpnpirnzjlplnbujadol] in seq 58 at 1685807396607707000
[Consesus log] 2023/06/03 15:49:56.607735 logger.go:32: commit Block[pxxwmzwvbsdvnqkbennx] in seq 59 at 1685807396607734000
[Consesus log] 2023/06/03 15:49:56.607764 logger.go:32: commit Block[mrtggklmhtzmgrrfrsau] in seq 60 at 1685807396607762000
[Consesus log] 2023/06/03 15:49:56.607792 logger.go:32: commit Block[nmmaqqbznlxpkwfjtpic] in seq 61 at 1685807396607790000
[Consesus log] 2023/06/03 15:49:56.607822 logger.go:32: commit Block[zevfxxqsqsajtiaaueen] in seq 62 at 1685807396607820000
[Consesus log] 2023/06/03 15:49:56.607849 logger.go:32: commit Block[howoneijfcplgeqqinsa] in seq 63 at 1685807396607847000
[Consesus log] 2023/06/03 15:49:56.607877 logger.go:32: commit Block[ieplfccfqdmkcasvfpvt] in seq 64 at 1685807396607875000
[Consesus log] 2023/06/03 15:49:56.607917 logger.go:32: commit Block[wqepqjrzstzbgnqryfgr] in seq 65 at 1685807396607915000
[Consesus log] 2023/06/03 15:49:56.607945 logger.go:32: commit Block[cvhzwywdulgntrxdbrgq] in seq 66 at 1685807396607942000
[Consesus log] 2023/06/03 15:49:56.607972 logger.go:32: commit Block[sxaxlctuikmxnrudoiua] in seq 67 at 1685807396607971000
[Consesus log] 2023/06/03 15:49:56.608034 logger.go:32: commit Block[ohjbtxqyrcrpqdsuysok] in seq 68 at 1685807396608032000
[Consesus log] 2023/06/03 15:49:56.608064 logger.go:32: commit Block[thmmiedagvihmglhzaax] in seq 69 at 1685807396608062000
[Consesus log] 2023/06/03 15:49:56.608092 logger.go:32: commit Block[ryfqyghqibqbjwvxgkgx] in seq 70 at 1685807396608091000
[Consesus log] 2023/06/03 15:49:56.608119 logger.go:32: commit Block[ycxvnuulzaekvnjklria] in seq 71 at 1685807396608117000
[Consesus log] 2023/06/03 15:49:56.608148 logger.go:32: commit Block[kcxjymxsjnlfdoxbzpkd] in seq 72 at 1685807396608146000
[Consesus log] 2023/06/03 15:49:56.608180 logger.go:32: commit Block[ulixgtllzsuqbsmixgem] in seq 73 at 1685807396608177000
[Consesus log] 2023/06/03 15:49:56.608210 logger.go:32: commit Block[knrwjkhkihjvkhhqdzyh] in seq 74 at 1685807396608207000
[Consesus log] 2023/06/03 15:49:56.608237 logger.go:32: commit Block[xnbralumjguegncfezbp] in seq 75 at 1685807396608235000
[Consesus log] 2023/06/03 15:49:56.608266 logger.go:32: commit Block[qnguqrjvzbzocapxizyn] in seq 76 at 1685807396608264000
[Consesus log] 2023/06/03 15:49:56.608300 logger.go:32: commit Block[vruocwrypoibeydukqpi] in seq 77 at 1685807396608298000
[Consesus log] 2023/06/03 15:49:56.608331 logger.go:32: commit Block[ewvzjkovicvdzbwmgktt] in seq 78 at 1685807396608328000
[Consesus log] 2023/06/03 15:49:56.608359 logger.go:32: commit Block[nlopvfenqfiggydeoqzv] in seq 79 at 1685807396608357000
[Consesus log] 2023/06/03 15:49:56.608390 logger.go:32: commit Block[wougubroirtkbbxqmair] in seq 80 at 1685807396608388000
[Consesus log] 2023/06/03 15:49:56.608419 logger.go:32: commit Block[lohcajmahjultocfikxc] in seq 81 at 1685807396608417000
[Consesus log] 2023/06/03 15:49:56.608459 logger.go:32: commit Block[hesmbckoelcvumgmzrgp] in seq 82 at 1685807396608456000
[Consesus log] 2023/06/03 15:49:56.608496 logger.go:32: commit Block[ktqbietumaqdborxsczg] in seq 83 at 1685807396608495000
[Consesus log] 2023/06/03 15:49:56.608534 logger.go:32: commit Block[fagamisujiqtvdgjprew] in seq 84 at 1685807396608531000
[Consesus log] 2023/06/03 15:49:56.608561 logger.go:32: commit Block[ekielmpuuzsakxraseqo] in seq 85 at 1685807396608559000
[Consesus log] 2023/06/03 15:49:56.608670 logger.go:32: commit Block[dleeasyihxasdnwqghws] in seq 86 at 1685807396608668000
[Consesus log] 2023/06/03 15:49:56.608693 logger.go:32: commit Block[mtgsiqyopkhmelyxmlmy] in seq 87 at 1685807396608691000
[Consesus log] 2023/06/03 15:49:56.608717 logger.go:32: commit Block[xpxvancdakqxmnjlbbdc] in seq 88 at 1685807396608715000
[Consesus log] 2023/06/03 15:49:56.608750 logger.go:32: commit Block[qnhxgmrvyijdjeirduhv] in seq 89 at 1685807396608749000
[Consesus log] 2023/06/03 15:49:56.608772 logger.go:32: commit Block[rqspkoyzymhyqyqpvvyw] in seq 90 at 1685807396608771000
[Consesus log] 2023/06/03 15:49:56.608793 logger.go:32: commit Block[mlntnwkizwtqaagzpnbh] in seq 91 at 1685807396608792000
[Consesus log] 2023/06/03 15:49:56.608815 logger.go:32: commit Block[znkrtqlfnunqbbfxxbkb] in seq 92 at 1685807396608814000
[Consesus log] 2023/06/03 15:49:56.608837 logger.go:32: commit Block[zmqhhtrmqumclfzhkxbb] in seq 93 at 1685807396608836000
[Consesus log] 2023/06/03 15:49:56.608860 logger.go:32: commit Block[lammmfllfrcrabgopwfp] in seq 94 at 1685807396608858000
[Consesus log] 2023/06/03 15:49:57.014748 logger.go:32: commit Block[dfeapjnysqmwnrkuvvqr] in seq 95 at 1685807397014744000
[Consesus log] 2023/06/03 15:49:57.014836 logger.go:32: commit Block[yyegczhvdnfmdmjtxulo] in seq 96 at 1685807397014834000
[Consesus log] 2023/06/03 15:49:57.014859 logger.go:32: commit Block[eucmmrvfbkdxphohzuqe] in seq 97 at 1685807397014858000
[Consesus log] 2023/06/03 15:49:57.014885 logger.go:32: commit Block[geswfcsjiycbxdwdgomr] in seq 98 at 1685807397014884000
[Consesus log] 2023/06/03 15:49:57.014903 logger.go:32: commit Block[xpjzgkqyqihsyglccklv] in seq 99 at 1685807397014902000
[Consesus log] 2023/06/03 15:49:57.783093 logger.go:32: commit Block[bmteifnwgffpgyrbukrj] in seq 100 at 1685807397783077000
[Consesus log] 2023/06/03 15:49:58.090789 logger.go:32: commit Block[lifqjozhsuwibypsbhea] in seq 101 at 1685807398090784000
[Consesus log] 2023/06/03 15:49:58.090838 logger.go:32: commit Block[pghluwemvhjwxkutpknn] in seq 102 at 1685807398090836000
[Consesus log] 2023/06/03 15:49:58.952892 logger.go:32: commit Block[gpoathwcjypiilshkzhu] in seq 103 at 1685807398952873000
[Consesus log] 2023/06/03 15:49:59.466472 logger.go:32: commit Block[mrcspbykaiutnxyjzflo] in seq 104 at 1685807399466464000
[Consesus log] 2023/06/03 15:50:00.281934 logger.go:32: commit Block[wjjezdsnlrylatkprdfu] in seq 105 at 1685807400281924000
[Consesus log] 2023/06/03 15:50:00.281999 logger.go:32: commit Block[ffozkpzdfjknatsbittk] in seq 106 at 1685807400281997000
[Consesus log] 2023/06/03 15:50:00.795209 logger.go:32: commit Block[khekjujqpgnxcwdcvcib] in seq 107 at 1685807400795199000
[Consesus log] 2023/06/03 15:50:00.795294 logger.go:32: commit Block[vbifxyixokhkvfjkqbjd] in seq 108 at 1685807400795292000
[Consesus log] 2023/06/03 15:50:00.795335 logger.go:32: commit Block[lntptcvwpiaqudpiihmk] in seq 109 at 1685807400795333000
[Consesus log] 2023/06/03 15:50:01.405853 logger.go:32: commit Block[kizzsblhofvqjraoxmdz] in seq 110 at 1685807401405849000
[Consesus log] 2023/06/03 15:50:01.405893 logger.go:32: commit Block[xysndzdodxrdsdznnlxh] in seq 111 at 1685807401405891000
[Consesus log] 2023/06/03 15:50:01.866604 logger.go:32: commit Block[mtoguconuotdkctyuruo] in seq 112 at 1685807401866592000
[Consesus log] 2023/06/03 15:50:01.866652 logger.go:32: commit Block[nufsnxklocppznbbnquc] in seq 113 at 1685807401866651000
[Consesus log] 2023/06/03 15:50:01.866678 logger.go:32: commit Block[bxtnbjrgqdpjqrcsrtdm] in seq 114 at 1685807401866677000
[Consesus log] 2023/06/03 15:50:02.789703 logger.go:32: commit Block[jjcntnfwlufueajhpvet] in seq 115 at 1685807402789691000
[Consesus log] 2023/06/03 15:50:03.246674 logger.go:32: commit Block[rhveibrmtdoxuelfswrs] in seq 116 at 1685807403246663000
[Consesus log] 2023/06/03 15:50:03.711664 logger.go:32: generate Block[xldtgieetdiprsbeytnt] in seq 237 at 1685807403711656000
[Consesus log] 2023/06/03 15:50:03.762251 logger.go:32: generate Block[mhmfevxvnrdceigbetos] in seq 238 at 1685807403762235000
[Consesus log] 2023/06/03 15:50:03.812589 logger.go:32: generate Block[nluikvyralwbjtosepph] in seq 239 at 1685807403812553000
[Consesus log] 2023/06/03 15:50:03.863019 logger.go:32: generate Block[shmbmffzhiueyaxybvyr] in seq 240 at 1685807403862994000
[Consesus log] 2023/06/03 15:50:03.913551 logger.go:32: generate Block[rqoiwvxvbezajesctelu] in seq 241 at 1685807403913525000
[Consesus log] 2023/06/03 15:50:03.964024 logger.go:32: generate Block[dimigxrgvynaxyepjamn] in seq 242 at 1685807403964014000
[Consesus log] 2023/06/03 15:50:04.014669 logger.go:32: generate Block[syazttpwimjempnjovaw] in seq 243 at 1685807404014657000
[Consesus log] 2023/06/03 15:50:04.065293 logger.go:32: generate Block[eiexvurkleggluhxiktt] in seq 244 at 1685807404065286000
[Consesus log] 2023/06/03 15:50:04.065392 logger.go:32: commit Block[hxggiwdyolbmlcemgoyh] in seq 117 at 1685807404065391000
[Consesus log] 2023/06/03 15:50:04.065413 logger.go:32: commit Block[xpklvewhsuwlntasvjsy] in seq 118 at 1685807404065413000
[Consesus log] 2023/06/03 15:50:04.065460 logger.go:32: commit Block[efmnjkeaozurcwfcxyoc] in seq 119 at 1685807404065459000
[Consesus log] 2023/06/03 15:50:04.065480 logger.go:32: commit Block[bfweaerexlqmrwkftklh] in seq 120 at 1685807404065479000
[Consesus log] 2023/06/03 15:50:04.065496 logger.go:32: commit Block[tceapekitvijatezqoiv] in seq 121 at 1685807404065495000
[Consesus log] 2023/06/03 15:50:04.065512 logger.go:32: commit Block[ggtpqwotbnswvsbywiti] in seq 122 at 1685807404065511000
[Consesus log] 2023/06/03 15:50:04.065530 logger.go:32: commit Block[ueoihvbxgcynzlkvuvij] in seq 123 at 1685807404065529000
[Consesus log] 2023/06/03 15:50:04.065546 logger.go:32: commit Block[xodgmnnyiaspobfqnvro] in seq 124 at 1685807404065545000
[Consesus log] 2023/06/03 15:50:04.065602 logger.go:32: commit Block[rovtejkkxkxqebryhwgd] in seq 125 at 1685807404065601000
[Consesus log] 2023/06/03 15:50:04.065616 logger.go:32: commit Block[dorafnxjmbltcdqqbglf] in seq 126 at 1685807404065615000
[Consesus log] 2023/06/03 15:50:04.065629 logger.go:32: commit Block[rtqxemklqgwgrdzdtjxy] in seq 127 at 1685807404065628000
[Consesus log] 2023/06/03 15:50:04.065641 logger.go:32: commit Block[vwrdqkxedkiahgaxkuhl] in seq 128 at 1685807404065641000
[Consesus log] 2023/06/03 15:50:04.065655 logger.go:32: commit Block[flkwrevvzijlupdapsan] in seq 129 at 1685807404065654000
[Consesus log] 2023/06/03 15:50:04.065667 logger.go:32: commit Block[xgnxdmnvwuvialboaojx] in seq 130 at 1685807404065666000
[Consesus log] 2023/06/03 15:50:04.065680 logger.go:32: commit Block[ulaycqkmjgnkkurrzqde] in seq 131 at 1685807404065679000
[Consesus log] 2023/06/03 15:50:04.065693 logger.go:32: commit Block[xoeielzhkfphjneluzpo] in seq 132 at 1685807404065692000
[Consesus log] 2023/06/03 15:50:04.065705 logger.go:32: commit Block[murtuxktdieggpvzgbqy] in seq 133 at 1685807404065704000
[Consesus log] 2023/06/03 15:50:04.065717 logger.go:32: commit Block[zaqfbiunosbspvfnutcr] in seq 134 at 1685807404065716000
[Consesus log] 2023/06/03 15:50:04.065730 logger.go:32: commit Block[pbfsfikullyriudirsve] in seq 135 at 1685807404065729000
[Consesus log] 2023/06/03 15:50:04.065743 logger.go:32: commit Block[qqvoygvkzexwfkrbhiux] in seq 136 at 1685807404065742000
[Consesus log] 2023/06/03 15:50:04.065755 logger.go:32: commit Block[yrnsugivwvnuagdlxxxp] in seq 137 at 1685807404065754000
[Consesus log] 2023/06/03 15:50:04.065767 logger.go:32: commit Block[isqgknkwhpfzsaazuijg] in seq 138 at 1685807404065767000
[Consesus log] 2023/06/03 15:50:04.065779 logger.go:32: commit Block[deimrvvvrfqdozesqygw] in seq 139 at 1685807404065779000
[Consesus log] 2023/06/03 15:50:04.065792 logger.go:32: commit Block[eqbvwbnelhduuhdciaof] in seq 140 at 1685807404065791000
[Consesus log] 2023/06/03 15:50:04.065804 logger.go:32: commit Block[xvwhtdflmshirxqpnkmq] in seq 141 at 1685807404065803000
[Consesus log] 2023/06/03 15:50:04.065817 logger.go:32: commit Block[fikeriohsmliyitlksmr] in seq 142 at 1685807404065816000
[Consesus log] 2023/06/03 15:50:04.065829 logger.go:32: commit Block[ihgtslnlxsnbckfwckic] in seq 143 at 1685807404065828000
[Consesus log] 2023/06/03 15:50:04.065842 logger.go:32: commit Block[pdkvxtgljfivlodokvpb] in seq 144 at 1685807404065841000
[Consesus log] 2023/06/03 15:50:04.065868 logger.go:32: commit Block[zddxaeiocgvjggtikryk] in seq 145 at 1685807404065867000
[Consesus log] 2023/06/03 15:50:04.065884 logger.go:32: commit Block[hwvhqbatgbbnjprvcscr] in seq 146 at 1685807404065883000
[Consesus log] 2023/06/03 15:50:04.065898 logger.go:32: commit Block[mvknmyqybijiqhjqhwqx] in seq 147 at 1685807404065897000
[Consesus log] 2023/06/03 15:50:04.065911 logger.go:32: commit Block[eeyhzovuucvqcmdgdlmt] in seq 148 at 1685807404065910000
[Consesus log] 2023/06/03 15:50:04.065923 logger.go:32: commit Block[alxkpvoasnabvdiepsdd] in seq 149 at 1685807404065922000
[Consesus log] 2023/06/03 15:50:04.065938 logger.go:32: commit Block[kvjtrxadcvpuseiwbuwo] in seq 150 at 1685807404065938000
[Consesus log] 2023/06/03 15:50:04.065951 logger.go:32: commit Block[popdrjnopttuvmfwvede] in seq 151 at 1685807404065950000
[Consesus log] 2023/06/03 15:50:04.065964 logger.go:32: commit Block[fnjwjuqfdudaitvprnda] in seq 152 at 1685807404065963000
[Consesus log] 2023/06/03 15:50:04.065976 logger.go:32: commit Block[ibdwjtotvuxaxqjuuurw] in seq 153 at 1685807404065975000
[Consesus log] 2023/06/03 15:50:04.065989 logger.go:32: commit Block[uescyhzwbofhlrdarelw] in seq 154 at 1685807404065988000
[Consesus log] 2023/06/03 15:50:04.066001 logger.go:32: commit Block[ewdsqottdtulwarsvuok] in seq 155 at 1685807404066000000
[Consesus log] 2023/06/03 15:50:04.066014 logger.go:32: commit Block[sgwbbixkddrqxqojnvuq] in seq 156 at 1685807404066013000
[Consesus log] 2023/06/03 15:50:04.066034 logger.go:32: commit Block[qvwkgsntcpnyoqqhmzbn] in seq 157 at 1685807404066033000
[Consesus log] 2023/06/03 15:50:04.066059 logger.go:32: commit Block[dyheecgwvxoyrdrmsagr] in seq 158 at 1685807404066058000
[Consesus log] 2023/06/03 15:50:04.066072 logger.go:32: commit Block[mnplrzmmadwkwxmmjeqk] in seq 159 at 1685807404066071000
[Consesus log] 2023/06/03 15:50:04.066084 logger.go:32: commit Block[fupgmsrzqzwjdrccwipf] in seq 160 at 1685807404066084000
[Consesus log] 2023/06/03 15:50:04.066097 logger.go:32: commit Block[fawrfqoacmublktkeovo] in seq 161 at 1685807404066096000
[Consesus log] 2023/06/03 15:50:04.066109 logger.go:32: commit Block[qprjvbtwucycoqxzcwyq] in seq 162 at 1685807404066108000
[Consesus log] 2023/06/03 15:50:04.066122 logger.go:32: commit Block[hyhyjpncsciekbuhqcmm] in seq 163 at 1685807404066121000
[Consesus log] 2023/06/03 15:50:04.066134 logger.go:32: commit Block[rqvbnagnzlfnamyeqqng] in seq 164 at 1685807404066133000
[Consesus log] 2023/06/03 15:50:04.066147 logger.go:32: commit Block[gplbjkzmqueckgthfpym] in seq 165 at 1685807404066146000
[Consesus log] 2023/06/03 15:50:04.066159 logger.go:32: commit Block[uhjqiaawtahxbumadvfp] in seq 166 at 1685807404066158000
[Consesus log] 2023/06/03 15:50:04.066172 logger.go:32: commit Block[mslgqburyxvxtvhnqepv] in seq 167 at 1685807404066171000
[Consesus log] 2023/06/03 15:50:04.066184 logger.go:32: commit Block[zulnwvprvesabcjoappg] in seq 168 at 1685807404066183000
[Consesus log] 2023/06/03 15:50:04.066196 logger.go:32: commit Block[dkiuidjopprcptzxcnnj] in seq 169 at 1685807404066195000
[Consesus log] 2023/06/03 15:50:04.066210 logger.go:32: commit Block[tjtrxeutqblfcgfwlabw] in seq 170 at 1685807404066209000
[Consesus log] 2023/06/03 15:50:04.066223 logger.go:32: commit Block[rqhrcanzggbmqtqweidc] in seq 171 at 1685807404066222000
[Consesus log] 2023/06/03 15:50:04.066235 logger.go:32: commit Block[uysvpfxdnbkootvkifmq] in seq 172 at 1685807404066234000
[Consesus log] 2023/06/03 15:50:04.066278 logger.go:32: commit Block[sqmdsroxlmoslqniljpg] in seq 173 at 1685807404066277000
[Consesus log] 2023/06/03 15:50:04.066292 logger.go:32: commit Block[vvwjvfsfnknfxiujsnpr] in seq 174 at 1685807404066291000
[Consesus log] 2023/06/03 15:50:04.066305 logger.go:32: commit Block[mlbpepccifhhmipvbckm] in seq 175 at 1685807404066304000
[Consesus log] 2023/06/03 15:50:04.066318 logger.go:32: commit Block[rhntrvpnbeuecadvgpgo] in seq 176 at 1685807404066316000
[Consesus log] 2023/06/03 15:50:04.066335 logger.go:32: commit Block[msoedwskifzbtivbmocz] in seq 177 at 1685807404066334000
[Consesus log] 2023/06/03 15:50:04.066349 logger.go:32: commit Block[pzywmpqwfufglzhvlkpe] in seq 178 at 1685807404066348000
[Consesus log] 2023/06/03 15:50:04.066363 logger.go:32: commit Block[izrvckhpuundysajvvbm] in seq 179 at 1685807404066362000
[Consesus log] 2023/06/03 15:50:04.066376 logger.go:32: commit Block[ljzcisnpcwvetpsmmetd] in seq 180 at 1685807404066375000
[Consesus log] 2023/06/03 15:50:04.066388 logger.go:32: commit Block[wmckefvypdiqjzftpyoi] in seq 181 at 1685807404066388000
[Consesus log] 2023/06/03 15:50:04.066401 logger.go:32: commit Block[wgoxpjskyqeohfezthmf] in seq 182 at 1685807404066401000
[Consesus log] 2023/06/03 15:50:04.066414 logger.go:32: commit Block[pzwuklnosmpfynftlwbp] in seq 183 at 1685807404066413000
[Consesus log] 2023/06/03 15:50:04.066427 logger.go:32: commit Block[qhuefbejfbcjbsqcjkkd] in seq 184 at 1685807404066426000
[Consesus log] 2023/06/03 15:50:04.066440 logger.go:32: commit Block[qtdyilfauechbuowgkgk] in seq 185 at 1685807404066439000
[Consesus log] 2023/06/03 15:50:04.066453 logger.go:32: commit Block[amidxbvxzetjqwmnfoya] in seq 186 at 1685807404066452000
[Consesus log] 2023/06/03 15:50:04.066467 logger.go:32: commit Block[zpvobnjsmbpscvjniiim] in seq 187 at 1685807404066466000
[Consesus log] 2023/06/03 15:50:04.066480 logger.go:32: commit Block[dodqzxecgxldqngfofxw] in seq 188 at 1685807404066479000
[Consesus log] 2023/06/03 15:50:04.066493 logger.go:32: commit Block[axqtzhfzffmzrwugqixb] in seq 189 at 1685807404066492000
[Consesus log] 2023/06/03 15:50:04.066506 logger.go:32: commit Block[nniyflxlrfdtaqnoqqyw] in seq 190 at 1685807404066505000
[Consesus log] 2023/06/03 15:50:04.066530 logger.go:32: commit Block[xezghcmsojzmqyzhxqsb] in seq 191 at 1685807404066529000
[Consesus log] 2023/06/03 15:50:04.066543 logger.go:32: commit Block[nksnauojeydbfzmmpjjg] in seq 192 at 1685807404066542000
[Consesus log] 2023/06/03 15:50:04.066556 logger.go:32: commit Block[ntpkrtndihyovdboidgk] in seq 193 at 1685807404066555000
[Consesus log] 2023/06/03 15:50:04.066569 logger.go:32: commit Block[mjmdwsfxqumrgaryzgpj] in seq 194 at 1685807404066568000
[Consesus log] 2023/06/03 15:50:04.066581 logger.go:32: commit Block[ffbhxfggjnlhsmofdbob] in seq 195 at 1685807404066580000
[Consesus log] 2023/06/03 15:50:04.066594 logger.go:32: commit Block[czinpwhnvzuzadppcsmh] in seq 196 at 1685807404066593000
[Consesus log] 2023/06/03 15:50:04.066606 logger.go:32: commit Block[plrrbzfctejveietpnzr] in seq 197 at 1685807404066605000
[Consesus log] 2023/06/03 15:50:04.066618 logger.go:32: commit Block[mowdkmvfmyoywhgjldab] in seq 198 at 1685807404066618000
[Consesus log] 2023/06/03 15:50:04.066631 logger.go:32: commit Block[ytvjuhlczvloulndawfy] in seq 199 at 1685807404066630000
[Consesus log] 2023/06/03 15:50:04.066643 logger.go:32: commit Block[jmewoinxdwtwceoliuix] in seq 200 at 1685807404066642000
[Consesus log] 2023/06/03 15:50:04.066656 logger.go:32: commit Block[glukfvmvbuajpbypbhld] in seq 201 at 1685807404066655000
[Consesus log] 2023/06/03 15:50:04.066668 logger.go:32: commit Block[nogmwyskkzfiaqumzchw] in seq 202 at 1685807404066668000
[Consesus log] 2023/06/03 15:50:04.066681 logger.go:32: commit Block[jqdyudprjlbhewsvmszn] in seq 203 at 1685807404066680000
[Consesus log] 2023/06/03 15:50:04.066696 logger.go:32: commit Block[gjukvnbvngskupequsym] in seq 204 at 1685807404066695000
[Consesus log] 2023/06/03 15:50:04.066709 logger.go:32: commit Block[okuzwhxovsfwbbouxblr] in seq 205 at 1685807404066708000
[Consesus log] 2023/06/03 15:50:04.066722 logger.go:32: commit Block[nrczcbfugnwhbzprgskw] in seq 206 at 1685807404066721000
[Consesus log] 2023/06/03 15:50:04.066734 logger.go:32: commit Block[cvkxvsrcmjqbqzyyttqg] in seq 207 at 1685807404066734000
[Consesus log] 2023/06/03 15:50:04.066747 logger.go:32: commit Block[wgturlqfqebthdphjbgt] in seq 208 at 1685807404066746000
[Consesus log] 2023/06/03 15:50:04.066785 logger.go:32: commit Block[ftalefzxfueneylfzgpc] in seq 209 at 1685807404066784000
[Consesus log] 2023/06/03 15:50:04.066803 logger.go:32: commit Block[dvwtsdblewtrmxswaaef] in seq 210 at 1685807404066802000
[Consesus log] 2023/06/03 15:50:04.066819 logger.go:32: commit Block[bdoqerugceaapauytvdf] in seq 211 at 1685807404066818000
[Consesus log] 2023/06/03 15:50:04.066833 logger.go:32: commit Block[aduujxruosxvvdswpxay] in seq 212 at 1685807404066832000
[Consesus log] 2023/06/03 15:50:04.066848 logger.go:32: commit Block[bbiyouqnvjywacqaccdj] in seq 213 at 1685807404066848000
[Consesus log] 2023/06/03 15:50:04.066862 logger.go:32: commit Block[guijeqmhqlbazxugpgvx] in seq 214 at 1685807404066861000
[Consesus log] 2023/06/03 15:50:04.066877 logger.go:32: commit Block[mpsjnfreihrsfprgphks] in seq 215 at 1685807404066875000
[Consesus log] 2023/06/03 15:50:04.066891 logger.go:32: commit Block[jeiaeayefzwjlupmqaez] in seq 216 at 1685807404066890000
[Consesus log] 2023/06/03 15:50:04.066906 logger.go:32: commit Block[eomeeqscicdgyjufuadm] in seq 217 at 1685807404066905000
[Consesus log] 2023/06/03 15:50:04.066919 logger.go:32: commit Block[eqmykjdwghkybsiuqyet] in seq 218 at 1685807404066918000
[Consesus log] 2023/06/03 15:50:04.066933 logger.go:32: commit Block[tkwttsoeancyognnhimi] in seq 219 at 1685807404066933000
[Consesus log] 2023/06/03 15:50:04.066948 logger.go:32: commit Block[zatzqxqrhtyqygvmnhwh] in seq 220 at 1685807404066947000
[Consesus log] 2023/06/03 15:50:04.066962 logger.go:32: commit Block[qpbcoyabghtpmyyokqqr] in seq 221 at 1685807404066961000
[Consesus log] 2023/06/03 15:50:04.067085 logger.go:32: commit Block[fztsubrycrhiwrtipkxb] in seq 222 at 1685807404067083000
[Consesus log] 2023/06/03 15:50:04.067104 logger.go:32: commit Block[elspguiuygmljbtppjxd] in seq 223 at 1685807404067103000
[Consesus log] 2023/06/03 15:50:04.067137 logger.go:32: commit Block[gwbdfdrhsqlbmqpqfzgc] in seq 224 at 1685807404067135000
[Consesus log] 2023/06/03 15:50:04.067152 logger.go:32: commit Block[nqdppphbookbjskhxwua] in seq 225 at 1685807404067151000
[Consesus log] 2023/06/03 15:50:04.067169 logger.go:32: commit Block[zzxjinrjskjtkzumhanu] in seq 226 at 1685807404067168000
[Consesus log] 2023/06/03 15:50:04.067182 logger.go:32: commit Block[revudrutuarruoydmjhd] in seq 227 at 1685807404067181000
[Consesus log] 2023/06/03 15:50:04.067196 logger.go:32: commit Block[yqpfqbzprrkweozyjihh] in seq 228 at 1685807404067195000
[Consesus log] 2023/06/03 15:50:04.067209 logger.go:32: commit Block[clrllqciaijkpjnpcwzn] in seq 229 at 1685807404067208000
[Consesus log] 2023/06/03 15:50:04.067223 logger.go:32: commit Block[izwpzjjrfwwfbinkmdos] in seq 230 at 1685807404067222000
[Consesus log] 2023/06/03 15:50:04.067236 logger.go:32: commit Block[xsfccswsspomuadrcxhw] in seq 231 at 1685807404067235000
[Consesus log] 2023/06/03 15:50:04.067249 logger.go:32: commit Block[vfvwcajjrjpdxmsgyacw] in seq 232 at 1685807404067248000
[Consesus log] 2023/06/03 15:50:04.067262 logger.go:32: commit Block[mcafwrooczccoibzwobs] in seq 233 at 1685807404067261000
[Consesus log] 2023/06/03 15:50:04.067276 logger.go:32: commit Block[assjqwmdyhfsdeofdagq] in seq 234 at 1685807404067275000
[Consesus log] 2023/06/03 15:50:04.067288 logger.go:32: commit Block[msxfmpxrfrlgrabpjtnu] in seq 235 at 1685807404067288000
[Consesus log] 2023/06/03 15:50:04.067301 logger.go:32: commit Block[naeqqkxqirghzdqjemsk] in seq 236 at 1685807404067300000
[Consesus log] 2023/06/03 15:50:04.118242 logger.go:32: generate Block[tsvzfvxzsrothyfxjhsi] in seq 245 at 1685807404118227000
[Consesus log] 2023/06/03 15:50:04.169190 logger.go:32: generate Block[aofursfvuqfmsoeinbqs] in seq 246 at 1685807404169165000
[Consesus log] 2023/06/03 15:50:04.220508 logger.go:32: generate Block[dfwrdhgnaxtesvlmupdn] in seq 247 at 1685807404220494000
[Consesus log] 2023/06/03 15:50:04.271854 logger.go:32: generate Block[kbimvpfefzvgxjlvzbgn] in seq 248 at 1685807404271838000
[Consesus log] 2023/06/03 15:50:04.322277 logger.go:32: generate Block[vpxnvijlqqbrhtlgoiay] in seq 249 at 1685807404322264000
[Consesus log] 2023/06/03 15:50:04.373591 logger.go:32: generate Block[cogiwnmaejifruulwmkx] in seq 250 at 1685807404373570000
[Consesus log] 2023/06/03 15:50:04.424876 logger.go:32: generate Block[mdjtzdqohthbstyfowmt] in seq 251 at 1685807404424862000
[Consesus log] 2023/06/03 15:50:04.476106 logger.go:32: generate Block[jjxuyetbbhjrbjonikhc] in seq 252 at 1685807404476093000
[Consesus log] 2023/06/03 15:50:04.526842 logger.go:32: generate Block[erviqxootejuduivtjjh] in seq 253 at 1685807404526834000
[Consesus log] 2023/06/03 15:50:04.578902 logger.go:32: generate Block[hbggdxzmmozcskyqpgcq] in seq 254 at 1685807404578893000
[Consesus log] 2023/06/03 15:50:04.630482 logger.go:32: generate Block[jvzeiggjchllgdlzfhjd] in seq 255 at 1685807404630474000
[Consesus log] 2023/06/03 15:50:04.681816 logger.go:32: generate Block[gjcpcjnhnrjlrsjsmiob] in seq 256 at 1685807404681784000
[Consesus log] 2023/06/03 15:50:04.733027 logger.go:32: generate Block[xjjwciqcailgnbvzeguk] in seq 257 at 1685807404733020000
[Consesus log] 2023/06/03 15:50:04.784315 logger.go:32: generate Block[jafupxnueticfqvigvoz] in seq 258 at 1685807404784307000
[Consesus log] 2023/06/03 15:50:04.784411 logger.go:32: commit Block[xldtgieetdiprsbeytnt] in seq 237 at 1685807404784409000
[Consesus log] 2023/06/03 15:50:04.834938 logger.go:32: generate Block[alzhyufvbpwsfixhhhvx] in seq 259 at 1685807404834926000
[Consesus log] 2023/06/03 15:50:04.886196 logger.go:32: generate Block[oazuffclaydbusherrgw] in seq 260 at 1685807404886181000
[Consesus log] 2023/06/03 15:50:04.937486 logger.go:32: generate Block[smcwugftumhtwahywugg] in seq 261 at 1685807404937470000
[Consesus log] 2023/06/03 15:50:04.988168 logger.go:32: generate Block[gdnlqfvhdwsnoauixrln] in seq 262 at 1685807404988152000
[Consesus log] 2023/06/03 15:50:05.039191 logger.go:32: generate Block[vhtdzndhdvqlvdigdcfg] in seq 263 at 1685807405039175000
[Consesus log] 2023/06/03 15:50:05.090591 logger.go:32: generate Block[eufxsoyglxzlwgmdnhjq] in seq 264 at 1685807405090574000
[Consesus log] 2023/06/03 15:50:05.142044 logger.go:32: generate Block[krscwbuztdcvfrucmcfv] in seq 265 at 1685807405142029000
[Consesus log] 2023/06/03 15:50:05.193359 logger.go:32: generate Block[acfvajazogpuxjpmtvlm] in seq 266 at 1685807405193344000
[Consesus log] 2023/06/03 15:50:05.244688 logger.go:32: generate Block[xhbscltlpkncstpqlslx] in seq 267 at 1685807405244672000
[Consesus log] 2023/06/03 15:50:05.244946 logger.go:32: commit Block[mhmfevxvnrdceigbetos] in seq 238 at 1685807405244942000
[Consesus log] 2023/06/03 15:50:05.244986 logger.go:32: commit Block[nluikvyralwbjtosepph] in seq 239 at 1685807405244984000
[Consesus log] 2023/06/03 15:50:05.297792 logger.go:32: generate Block[vcudrulqsfrywrbqupgg] in seq 268 at 1685807405297781000
[Consesus log] 2023/06/03 15:50:05.349103 logger.go:32: generate Block[mojxmksncjvrgansxmfb] in seq 269 at 1685807405349089000
[Consesus log] 2023/06/03 15:50:05.400323 logger.go:32: generate Block[gctzjfmtmepgjitdiowt] in seq 270 at 1685807405400307000
[Consesus log] 2023/06/03 15:50:05.451644 logger.go:32: generate Block[rdgprjyamhofhbfbpwkj] in seq 271 at 1685807405451619000
[Consesus log] 2023/06/03 15:50:05.502967 logger.go:32: generate Block[xorgczcrsqpnudmpzwhz] in seq 272 at 1685807405502952000
[Consesus log] 2023/06/03 15:50:05.554204 logger.go:32: generate Block[bxxxegvzxrtiyyoaivut] in seq 273 at 1685807405554196000
[Consesus log] 2023/06/03 15:50:05.605541 logger.go:32: generate Block[kzmrckhgymrtsmdifvch] in seq 274 at 1685807405605517000
[Consesus log] 2023/06/03 15:50:05.656494 logger.go:32: generate Block[nozlofkwayxuqrcghdfc] in seq 275 at 1685807405656481000
[Consesus log] 2023/06/03 15:50:05.656704 logger.go:32: commit Block[shmbmffzhiueyaxybvyr] in seq 240 at 1685807405656701000
[Consesus log] 2023/06/03 15:50:05.707862 logger.go:32: generate Block[hiviepmxeaanppxaogmg] in seq 276 at 1685807405707847000
[Consesus log] 2023/06/03 15:50:05.758756 logger.go:32: generate Block[htgqlgcwvbirhkpkqalb] in seq 277 at 1685807405758743000
[Consesus log] 2023/06/03 15:50:05.810018 logger.go:32: generate Block[oxbjeswfcledhqtkqzfu] in seq 278 at 1685807405810005000
[Consesus log] 2023/06/03 15:50:05.861314 logger.go:32: generate Block[nkhnslnjolujzljogsqf] in seq 279 at 1685807405861296000
[Consesus log] 2023/06/03 15:50:05.911580 logger.go:32: generate Block[zuraradvxefoykwpcfhg] in seq 280 at 1685807405911565000
[Consesus log] 2023/06/03 15:50:05.962185 logger.go:32: generate Block[loongaucvdsabpdrzlsr] in seq 281 at 1685807405962172000
[Consesus log] 2023/06/03 15:50:06.012828 logger.go:32: generate Block[ugoiiedrddxsnvomxzzc] in seq 282 at 1685807406012814000
[Consesus log] 2023/06/03 15:50:06.063305 logger.go:32: generate Block[xnaoqmdejlghfndlnsoz] in seq 283 at 1685807406063290000
[Consesus log] 2023/06/03 15:50:06.113676 logger.go:32: generate Block[tagfebmmltwturwjocrh] in seq 284 at 1685807406113662000
[Consesus log] 2023/06/03 15:50:06.164300 logger.go:32: generate Block[mredkzcikvhadpvuladb] in seq 285 at 1685807406164287000
[Consesus log] 2023/06/03 15:50:06.215319 logger.go:32: generate Block[tgzlsqvbeputwzamnizd] in seq 286 at 1685807406215305000
[Consesus log] 2023/06/03 15:50:06.266109 logger.go:32: generate Block[xpehothvsgtjthvyaznc] in seq 287 at 1685807406266095000
[Consesus log] 2023/06/03 15:50:06.316969 logger.go:32: generate Block[votgnbtckangikhodgxx] in seq 288 at 1685807406316955000
[Consesus log] 2023/06/03 15:50:06.368033 logger.go:32: generate Block[rpvzzvauwqqiwczatiot] in seq 289 at 1685807406368021000
[Consesus log] 2023/06/03 15:50:06.419195 logger.go:32: generate Block[aromwcegdlwvsoobdqux] in seq 290 at 1685807406419181000
[Consesus log] 2023/06/03 15:50:06.419346 logger.go:32: commit Block[rqoiwvxvbezajesctelu] in seq 241 at 1685807406419344000
[Consesus log] 2023/06/03 15:50:06.419398 logger.go:32: commit Block[dimigxrgvynaxyepjamn] in seq 242 at 1685807406419397000
[Consesus log] 2023/06/03 15:50:06.419417 logger.go:32: commit Block[syazttpwimjempnjovaw] in seq 243 at 1685807406419416000
[Consesus log] 2023/06/03 15:50:06.419432 logger.go:32: commit Block[eiexvurkleggluhxiktt] in seq 244 at 1685807406419431000
[Consesus log] 2023/06/03 15:50:06.419447 logger.go:32: commit Block[tsvzfvxzsrothyfxjhsi] in seq 245 at 1685807406419446000
[Consesus log] 2023/06/03 15:50:06.470597 logger.go:32: generate Block[pqjllsytmxsjolfstcwk] in seq 291 at 1685807406470582000
[Consesus log] 2023/06/03 15:50:06.522136 logger.go:32: generate Block[ssclwfwkbsucdtryxbbq] in seq 292 at 1685807406522120000
[Consesus log] 2023/06/03 15:50:06.573500 logger.go:32: generate Block[ydeuhfemlqfuvilobowg] in seq 293 at 1685807406573484000
[Consesus log] 2023/06/03 15:50:06.624832 logger.go:32: generate Block[psjohpqxiyltkznguvfp] in seq 294 at 1685807406624816000
[Consesus log] 2023/06/03 15:50:06.676207 logger.go:32: generate Block[jisifktseutoyhcgataz] in seq 295 at 1685807406676193000
[Consesus log] 2023/06/03 15:50:06.726592 logger.go:32: generate Block[wpprvszhmstwvgbstrpi] in seq 296 at 1685807406726576000
[Consesus log] 2023/06/03 15:50:06.777849 logger.go:32: generate Block[oelctaouaqtqghthsumh] in seq 297 at 1685807406777836000
[Consesus log] 2023/06/03 15:50:06.828571 logger.go:32: generate Block[blgfnpnhtthyigkerccn] in seq 298 at 1685807406828557000
[Consesus log] 2023/06/03 15:50:06.880138 logger.go:32: generate Block[gctssfecgtulxtoemkms] in seq 299 at 1685807406880125000
[Consesus log] 2023/06/03 15:50:06.880297 logger.go:32: commit Block[aofursfvuqfmsoeinbqs] in seq 246 at 1685807406880294000
[Consesus log] 2023/06/03 15:50:06.932388 logger.go:32: generate Block[fzczrbtaynqroyhswnvh] in seq 300 at 1685807406932375000
[Consesus log] 2023/06/03 15:50:06.983688 logger.go:32: generate Block[trkrrpfooeeynmrwmqpu] in seq 301 at 1685807406983676000
[Consesus log] 2023/06/03 15:50:07.034663 logger.go:32: generate Block[fpddloehwuresaayircd] in seq 302 at 1685807407034647000
[Consesus log] 2023/06/03 15:50:07.085960 logger.go:32: generate Block[jrsfwokvewyivtonkazu] in seq 303 at 1685807407085951000
[Consesus log] 2023/06/03 15:50:07.136210 logger.go:32: generate Block[fkocgdjyhzofzmkfaack] in seq 304 at 1685807407136202000
[Consesus log] 2023/06/03 15:50:07.186878 logger.go:32: generate Block[xlatwfsrwsgqobmqddwf] in seq 305 at 1685807407186849000
[Consesus log] 2023/06/03 15:50:07.238078 logger.go:32: generate Block[mudlmqodscnkrgofvzvu] in seq 306 at 1685807407238071000
[Consesus log] 2023/06/03 15:50:07.289307 logger.go:32: generate Block[cnxppjfuhcbntowsitgb] in seq 307 at 1685807407289292000
[Consesus log] 2023/06/03 15:50:07.340617 logger.go:32: generate Block[agsatbonpuxsoatufvzg] in seq 308 at 1685807407340599000
[Consesus log] 2023/06/03 15:50:07.392064 logger.go:32: generate Block[muonxcowpapisqxeeefs] in seq 309 at 1685807407392050000
[Consesus log] 2023/06/03 15:50:07.443381 logger.go:32: generate Block[etmftvqrlqxjjkjctszq] in seq 310 at 1685807407443367000
[Consesus log] 2023/06/03 15:50:07.443546 logger.go:32: commit Block[dfwrdhgnaxtesvlmupdn] in seq 247 at 1685807407443542000
[Consesus log] 2023/06/03 15:50:07.494808 logger.go:32: generate Block[rqtarsczbapmgdwjiffe] in seq 311 at 1685807407494793000
[Consesus log] 2023/06/03 15:50:07.546164 logger.go:32: generate Block[njazpaxmcuzaahqipdyq] in seq 312 at 1685807407546149000
[Consesus log] 2023/06/03 15:50:07.597602 logger.go:32: generate Block[qlehjpxwugbojrdmkvaa] in seq 313 at 1685807407597586000
[Consesus log] 2023/06/03 15:50:07.648899 logger.go:32: generate Block[nxcsoprksiqovtleqkrt] in seq 314 at 1685807407648881000
[Consesus log] 2023/06/03 15:50:07.700348 logger.go:32: generate Block[lmkhcfqlfycbgxtwemjc] in seq 315 at 1685807407700332000
[Consesus log] 2023/06/03 15:50:07.751679 logger.go:32: generate Block[akefjemhwdlodkkzwfxl] in seq 316 at 1685807407751668000
[Consesus log] 2023/06/03 15:50:07.802936 logger.go:32: generate Block[hukdcxmepausrcwvlkkv] in seq 317 at 1685807407802922000
[Consesus log] 2023/06/03 15:50:07.854357 logger.go:32: generate Block[clhofzjniggjucmvqxgp] in seq 318 at 1685807407854345000
[Consesus log] 2023/06/03 15:50:07.905102 logger.go:32: generate Block[yznkohsedqkgsqammpds] in seq 319 at 1685807407905078000
[Consesus log] 2023/06/03 15:50:07.956504 logger.go:32: generate Block[eduuryeunvwdrytlcvyp] in seq 320 at 1685807407956491000
[Consesus log] 2023/06/03 15:50:08.007976 logger.go:32: generate Block[rklcqblmrfucgzoojvae] in seq 321 at 1685807408007961000
[Consesus log] 2023/06/03 15:50:08.059291 logger.go:32: generate Block[cwvbluphgvqnrvnkxvkt] in seq 322 at 1685807408059276000
[Consesus log] 2023/06/03 15:50:08.110641 logger.go:32: generate Block[lzblqqxdbkrvgigdpyiy] in seq 323 at 1685807408110610000
[Consesus log] 2023/06/03 15:50:08.110803 logger.go:32: commit Block[kbimvpfefzvgxjlvzbgn] in seq 248 at 1685807408110799000
[Consesus log] 2023/06/03 15:50:08.110832 logger.go:32: commit Block[vpxnvijlqqbrhtlgoiay] in seq 249 at 1685807408110830000
[Consesus log] 2023/06/03 15:50:08.110873 logger.go:32: commit Block[cogiwnmaejifruulwmkx] in seq 250 at 1685807408110871000
[Consesus log] 2023/06/03 15:50:08.110895 logger.go:32: commit Block[mdjtzdqohthbstyfowmt] in seq 251 at 1685807408110894000
[Consesus log] 2023/06/03 15:50:08.161359 logger.go:32: generate Block[sgxpnhhtgvvzqkyyqquz] in seq 324 at 1685807408161344000
[Consesus log] 2023/06/03 15:50:08.211776 logger.go:32: generate Block[bolrgwgnlzsgazengpte] in seq 325 at 1685807408211760000
[Consesus log] 2023/06/03 15:50:08.262068 logger.go:32: generate Block[zutwolcaytosrwrrasbm] in seq 326 at 1685807408262059000
[Consesus log] 2023/06/03 15:50:08.312418 logger.go:32: generate Block[bntoyuibybdkbdlxcoet] in seq 327 at 1685807408312405000
[Consesus log] 2023/06/03 15:50:08.362761 logger.go:32: generate Block[idzktdrmmxbwxiiaymxg] in seq 328 at 1685807408362748000
[Consesus log] 2023/06/03 15:50:08.413743 logger.go:32: generate Block[jekhbhegneohovkukuep] in seq 329 at 1685807408413730000
[Consesus log] 2023/06/03 15:50:08.464389 logger.go:32: generate Block[vqyugkkqvktshcwiyour] in seq 330 at 1685807408464376000
[Consesus log] 2023/06/03 15:50:08.515066 logger.go:32: generate Block[pufhacowghxqfomhzrko] in seq 331 at 1685807408515058000
[Consesus log] 2023/06/03 15:50:08.565726 logger.go:32: generate Block[cziyqnvavpquhuioneuc] in seq 332 at 1685807408565716000
[Consesus log] 2023/06/03 15:50:08.616409 logger.go:32: generate Block[npgrrgxwsbfwtzrnakah] in seq 333 at 1685807408616401000
[Consesus log] 2023/06/03 15:50:08.667428 logger.go:32: generate Block[oqgujdrxocgudajikzcn] in seq 334 at 1685807408667419000
[Consesus log] 2023/06/03 15:50:08.718420 logger.go:32: generate Block[tfgjjzxatflhgetyarhy] in seq 335 at 1685807408718412000
[Consesus log] 2023/06/03 15:50:08.769422 logger.go:32: generate Block[gbtqluavpmvxnuruoxri] in seq 336 at 1685807408769415000
[Consesus log] 2023/06/03 15:50:08.820662 logger.go:32: generate Block[vzexyfehiibqpwcmezdg] in seq 337 at 1685807408820652000
[Consesus log] 2023/06/03 15:50:08.820829 logger.go:32: commit Block[jjxuyetbbhjrbjonikhc] in seq 252 at 1685807408820826000
[Consesus log] 2023/06/03 15:50:08.872015 logger.go:32: generate Block[icnqqldwutxbjbyzjrov] in seq 338 at 1685807408872000000
[Consesus log] 2023/06/03 15:50:08.922532 logger.go:32: generate Block[kahuqdbkdajeudyietzm] in seq 339 at 1685807408922516000
[Consesus log] 2023/06/03 15:50:08.973703 logger.go:32: generate Block[lgjekqzaqdetaguoapgs] in seq 340 at 1685807408973689000
[Consesus log] 2023/06/03 15:50:09.025091 logger.go:32: generate Block[nlakirovqyboilixtmsg] in seq 341 at 1685807409025077000
[Consesus log] 2023/06/03 15:50:09.076436 logger.go:32: generate Block[ejzqkbtujcuiunuzmzhn] in seq 342 at 1685807409076424000
[Consesus log] 2023/06/03 15:50:09.127648 logger.go:32: generate Block[qnoxcunytabhydhhkiya] in seq 343 at 1685807409127640000
[Consesus log] 2023/06/03 15:50:09.179015 logger.go:32: generate Block[sjpzobkremqpezpdcbtg] in seq 344 at 1685807409178970000
[Consesus log] 2023/06/03 15:50:09.230195 logger.go:32: generate Block[icotqqkoqycmmaachudd] in seq 345 at 1685807409230182000
[Consesus log] 2023/06/03 15:50:09.281428 logger.go:32: generate Block[atymrmrccwrzfpvgzpml] in seq 346 at 1685807409281413000
[Consesus log] 2023/06/03 15:50:09.332285 logger.go:32: generate Block[pvxwzgbalpsxniyckmrq] in seq 347 at 1685807409332270000
[Consesus log] 2023/06/03 15:50:09.383110 logger.go:32: generate Block[cggmnthgmffrhiafclhe] in seq 348 at 1685807409383096000
