[Consesus log] 2023/06/03 15:49:50.841364 logger.go:32: generate Block[wczslzcountpaoznyjfa] in seq 1 at 1685807390841358000
[Consesus log] 2023/06/03 15:49:50.891682 logger.go:32: generate Block[fqavaxyovzwconqxzvow] in seq 2 at 1685807390891673000
[Consesus log] 2023/06/03 15:49:50.942089 logger.go:32: generate Block[lhzprdpfkpaairaximot] in seq 3 at 1685807390942070000
[Consesus log] 2023/06/03 15:49:50.992467 logger.go:32: generate Block[rpsegvuunctuswxgsevj] in seq 4 at 1685807390992451000
[Consesus log] 2023/06/03 15:49:51.043027 logger.go:32: generate Block[qltrptqyjrijwlxcdiji] in seq 5 at 1685807391043012000
[Consesus log] 2023/06/03 15:49:51.093696 logger.go:32: generate Block[jzutahxkmzhovugcdlxe] in seq 6 at 1685807391093664000
[Consesus log] 2023/06/03 15:49:51.144380 logger.go:32: generate Block[vfpkseeevdokmjmzsuqt] in seq 7 at 1685807391144368000
[Consesus log] 2023/06/03 15:49:51.195115 logger.go:32: generate Block[vahjevuijqzentiehqga] in seq 8 at 1685807391195102000
[Consesus log] 2023/06/03 15:49:51.245534 logger.go:32: generate Block[jbosaibvszjntkqyybap] in seq 9 at 1685807391245520000
[Consesus log] 2023/06/03 15:49:51.301500 logger.go:32: generate Block[owzirayhmwhmigsqbqfa] in seq 10 at 1685807391301484000
[Consesus log] 2023/06/03 15:49:51.352742 logger.go:32: generate Block[xaoznzhnvqncoegrahto] in seq 11 at 1685807391352726000
[Consesus log] 2023/06/03 15:49:51.403116 logger.go:32: generate Block[esnoishsntutpucnhjlt] in seq 12 at 1685807391403104000
[Consesus log] 2023/06/03 15:49:51.403647 logger.go:32: commit Block[wczslzcountpaoznyjfa] in seq 1 at 1685807391403644000
[Consesus log] 2023/06/03 15:49:51.403673 logger.go:32: commit Block[fqavaxyovzwconqxzvow] in seq 2 at 1685807391403672000
[Consesus log] 2023/06/03 15:49:51.403695 logger.go:32: commit Block[lhzprdpfkpaairaximot] in seq 3 at 1685807391403694000
[Consesus log] 2023/06/03 15:49:51.403713 logger.go:32: commit Block[rpsegvuunctuswxgsevj] in seq 4 at 1685807391403712000
[Consesus log] 2023/06/03 15:49:51.403756 logger.go:32: commit Block[qltrptqyjrijwlxcdiji] in seq 5 at 1685807391403755000
[Consesus log] 2023/06/03 15:49:51.454999 logger.go:32: generate Block[wzulnsrmxssufaunleao] in seq 13 at 1685807391454984000
[Consesus log] 2023/06/03 15:49:51.506292 logger.go:32: generate Block[skhoujoxwnlablynrfeo] in seq 14 at 1685807391506277000
[Consesus log] 2023/06/03 15:49:51.556728 logger.go:32: generate Block[enksdndubahxbexqndrj] in seq 15 at 1685807391556720000
[Consesus log] 2023/06/03 15:49:51.607927 logger.go:32: generate Block[yexuqgfsbiucvydyohyv] in seq 16 at 1685807391607912000
[Consesus log] 2023/06/03 15:49:51.659262 logger.go:32: generate Block[eixeefzhtsbipspldxwb] in seq 17 at 1685807391659247000
[Consesus log] 2023/06/03 15:49:51.710574 logger.go:32: generate Block[bcyhukwxxcnpcizglqkv] in seq 18 at 1685807391710561000
[Consesus log] 2023/06/03 15:49:51.761304 logger.go:32: generate Block[pvihlgqgugoqrfwqjdqf] in seq 19 at 1685807391761293000
[Consesus log] 2023/06/03 15:49:51.812223 logger.go:32: generate Block[uupjyvikvfivsavxnkve] in seq 20 at 1685807391812195000
[Consesus log] 2023/06/03 15:49:51.863528 logger.go:32: generate Block[cqexcnicvqkpdxouvaxy] in seq 21 at 1685807391863514000
[Consesus log] 2023/06/03 15:49:51.914739 logger.go:32: generate Block[wqhkvvxfqzcnczborezc] in seq 22 at 1685807391914724000
[Consesus log] 2023/06/03 15:49:51.914895 logger.go:32: commit Block[jzutahxkmzhovugcdlxe] in seq 6 at 1685807391914892000
[Consesus log] 2023/06/03 15:49:51.914931 logger.go:32: commit Block[vfpkseeevdokmjmzsuqt] in seq 7 at 1685807391914929000
[Consesus log] 2023/06/03 15:49:51.914961 logger.go:32: commit Block[vahjevuijqzentiehqga] in seq 8 at 1685807391914959000
[Consesus log] 2023/06/03 15:49:51.914997 logger.go:32: commit Block[jbosaibvszjntkqyybap] in seq 9 at 1685807391914995000
[Consesus log] 2023/06/03 15:49:51.966268 logger.go:32: generate Block[wuhahptvaxyuauekknni] in seq 23 at 1685807391966258000
[Consesus log] 2023/06/03 15:49:52.017652 logger.go:32: generate Block[scllzfhtkbatzchligck] in seq 24 at 1685807392017638000
[Consesus log] 2023/06/03 15:49:52.069495 logger.go:32: generate Block[fhfcukupfvaczkxznlrt] in seq 25 at 1685807392069482000
[Consesus log] 2023/06/03 15:49:52.120781 logger.go:32: generate Block[rtxyfpcbpjgwuzzykmaq] in seq 26 at 1685807392120769000
[Consesus log] 2023/06/03 15:49:52.172082 logger.go:32: generate Block[rlegozlbhwnbdxsmiuto] in seq 27 at 1685807392172069000
[Consesus log] 2023/06/03 15:49:52.223408 logger.go:32: generate Block[xnxakrdoiecxvftgpgwe] in seq 28 at 1685807392223391000
[Consesus log] 2023/06/03 15:49:52.274862 logger.go:32: generate Block[jndinuequckvirkguqvt] in seq 29 at 1685807392274849000
[Consesus log] 2023/06/03 15:49:52.326198 logger.go:32: generate Block[lbrjwqheryoboebaosur] in seq 30 at 1685807392326184000
[Consesus log] 2023/06/03 15:49:52.376701 logger.go:32: generate Block[aqpfddhmfbrudqvkirug] in seq 31 at 1685807392376685000
[Consesus log] 2023/06/03 15:49:52.427950 logger.go:32: generate Block[jrwvgqsyiaxjzflsoxgt] in seq 32 at 1685807392427941000
[Consesus log] 2023/06/03 15:49:52.479265 logger.go:32: generate Block[iuqitoslwgvgujxpwohf] in seq 33 at 1685807392479255000
[Consesus log] 2023/06/03 15:49:52.529957 logger.go:32: generate Block[kwshyqmurfnnlytqkogl] in seq 34 at 1685807392529949000
[Consesus log] 2023/06/03 15:49:52.581178 logger.go:32: generate Block[gqzdnruztuqjmtkqzzib] in seq 35 at 1685807392581159000
[Consesus log] 2023/06/03 15:49:52.632312 logger.go:32: generate Block[dvisihxxyamqzrrhbhtn] in seq 36 at 1685807392632306000
[Consesus log] 2023/06/03 15:49:52.632415 logger.go:32: commit Block[owzirayhmwhmigsqbqfa] in seq 10 at 1685807392632413000
[Consesus log] 2023/06/03 15:49:52.632433 logger.go:32: commit Block[xaoznzhnvqncoegrahto] in seq 11 at 1685807392632432000
[Consesus log] 2023/06/03 15:49:52.683573 logger.go:32: generate Block[iyfibbqysndihrcjtuwa] in seq 37 at 1685807392683563000
[Consesus log] 2023/06/03 15:49:52.734829 logger.go:32: generate Block[uceteavtaccxavsdzsqe] in seq 38 at 1685807392734822000
[Consesus log] 2023/06/03 15:49:52.785971 logger.go:32: generate Block[yuedxdshahxhaexzhgze] in seq 39 at 1685807392785963000
[Consesus log] 2023/06/03 15:49:52.836691 logger.go:32: generate Block[sdsnztfoykavesjxkluo] in seq 40 at 1685807392836678000
[Consesus log] 2023/06/03 15:49:52.887535 logger.go:32: generate Block[emqyoooxzotryffnjagm] in seq 41 at 1685807392887520000
[Consesus log] 2023/06/03 15:49:52.938858 logger.go:32: generate Block[qncfeipexxvmqllybser] in seq 42 at 1685807392938831000
[Consesus log] 2023/06/03 15:49:52.990018 logger.go:32: generate Block[xrndygzuvrkzfhyitvkd] in seq 43 at 1685807392990010000
[Consesus log] 2023/06/03 15:49:53.041269 logger.go:32: generate Block[qciiolcdjczpbjksuhnr] in seq 44 at 1685807393041248000
[Consesus log] 2023/06/03 15:49:53.091491 logger.go:32: generate Block[xfigxgerixdnphxcmjow] in seq 45 at 1685807393091479000
[Consesus log] 2023/06/03 15:49:53.091650 logger.go:32: commit Block[esnoishsntutpucnhjlt] in seq 12 at 1685807393091648000
[Consesus log] 2023/06/03 15:49:53.091680 logger.go:32: commit Block[wzulnsrmxssufaunleao] in seq 13 at 1685807393091678000
[Consesus log] 2023/06/03 15:49:53.091731 logger.go:32: commit Block[skhoujoxwnlablynrfeo] in seq 14 at 1685807393091729000
[Consesus log] 2023/06/03 15:49:53.141886 logger.go:32: generate Block[kupaagxrtxyjthjnpbwg] in seq 46 at 1685807393141880000
[Consesus log] 2023/06/03 15:49:53.192278 logger.go:32: generate Block[kfbevojffgvsdznzgzku] in seq 47 at 1685807393192268000
[Consesus log] 2023/06/03 15:49:53.242738 logger.go:32: generate Block[swpaedyrusldwmlblngm] in seq 48 at 1685807393242723000
[Consesus log] 2023/06/03 15:49:53.293390 logger.go:32: generate Block[skqtdpjodjutgahwzvbj] in seq 49 at 1685807393293376000
[Consesus log] 2023/06/03 15:49:53.343942 logger.go:32: generate Block[eljxerfbxojrqtwcntxn] in seq 50 at 1685807393343930000
[Consesus log] 2023/06/03 15:49:53.394595 logger.go:32: generate Block[lpysuqhtemqtkbmlareu] in seq 51 at 1685807393394579000
[Consesus log] 2023/06/03 15:49:53.445390 logger.go:32: generate Block[shfskutefeqrxadwyhef] in seq 52 at 1685807393445375000
[Consesus log] 2023/06/03 15:49:53.496345 logger.go:32: generate Block[auvxxiohutujygbcjweb] in seq 53 at 1685807393496331000
[Consesus log] 2023/06/03 15:49:53.547317 logger.go:32: generate Block[lldkzmbhrgvlsezdyjhu] in seq 54 at 1685807393547302000
[Consesus log] 2023/06/03 15:49:53.598029 logger.go:32: generate Block[elkicvhboraqvahfegvt] in seq 55 at 1685807393598014000
[Consesus log] 2023/06/03 15:49:53.649169 logger.go:32: generate Block[dphnhzsisndcjdmtgblj] in seq 56 at 1685807393649161000
[Consesus log] 2023/06/03 15:49:53.700500 logger.go:32: generate Block[gnatvtvbxroqqwvqxbfh] in seq 57 at 1685807393700475000
[Consesus log] 2023/06/03 15:49:53.751233 logger.go:32: generate Block[hpnpirnzjlplnbujadol] in seq 58 at 1685807393751216000
[Consesus log] 2023/06/03 15:49:53.751435 logger.go:32: commit Block[enksdndubahxbexqndrj] in seq 15 at 1685807393751431000
[Consesus log] 2023/06/03 15:49:53.751495 logger.go:32: commit Block[yexuqgfsbiucvydyohyv] in seq 16 at 1685807393751492000
[Consesus log] 2023/06/03 15:49:53.751522 logger.go:32: commit Block[eixeefzhtsbipspldxwb] in seq 17 at 1685807393751521000
[Consesus log] 2023/06/03 15:49:53.751537 logger.go:32: commit Block[bcyhukwxxcnpcizglqkv] in seq 18 at 1685807393751536000
[Consesus log] 2023/06/03 15:49:53.802122 logger.go:32: generate Block[pxxwmzwvbsdvnqkbennx] in seq 59 at 1685807393802109000
[Consesus log] 2023/06/03 15:49:53.852613 logger.go:32: generate Block[mrtggklmhtzmgrrfrsau] in seq 60 at 1685807393852599000
[Consesus log] 2023/06/03 15:49:53.904051 logger.go:32: generate Block[nmmaqqbznlxpkwfjtpic] in seq 61 at 1685807393903988000
[Consesus log] 2023/06/03 15:49:53.955379 logger.go:32: generate Block[zevfxxqsqsajtiaaueen] in seq 62 at 1685807393955367000
[Consesus log] 2023/06/03 15:49:54.006729 logger.go:32: generate Block[howoneijfcplgeqqinsa] in seq 63 at 1685807394006717000
[Consesus log] 2023/06/03 15:49:54.057427 logger.go:32: generate Block[ieplfccfqdmkcasvfpvt] in seq 64 at 1685807394057413000
[Consesus log] 2023/06/03 15:49:54.108901 logger.go:32: generate Block[wqepqjrzstzbgnqryfgr] in seq 65 at 1685807394108887000
[Consesus log] 2023/06/03 15:49:54.160214 logger.go:32: generate Block[cvhzwywdulgntrxdbrgq] in seq 66 at 1685807394160203000
[Consesus log] 2023/06/03 15:49:54.211583 logger.go:32: generate Block[sxaxlctuikmxnrudoiua] in seq 67 at 1685807394211570000
[Consesus log] 2023/06/03 15:49:54.262837 logger.go:32: generate Block[ohjbtxqyrcrpqdsuysok] in seq 68 at 1685807394262823000
[Consesus log] 2023/06/03 15:49:54.314086 logger.go:32: generate Block[thmmiedagvihmglhzaax] in seq 69 at 1685807394314074000
[Consesus log] 2023/06/03 15:49:54.365327 logger.go:32: generate Block[ryfqyghqibqbjwvxgkgx] in seq 70 at 1685807394365314000
[Consesus log] 2023/06/03 15:49:54.365492 logger.go:32: commit Block[pvihlgqgugoqrfwqjdqf] in seq 19 at 1685807394365489000
[Consesus log] 2023/06/03 15:49:54.416010 logger.go:32: generate Block[ycxvnuulzaekvnjklria] in seq 71 at 1685807394415910000
[Consesus log] 2023/06/03 15:49:54.466506 logger.go:32: generate Block[kcxjymxsjnlfdoxbzpkd] in seq 72 at 1685807394466459000
[Consesus log] 2023/06/03 15:49:54.517881 logger.go:32: generate Block[ulixgtllzsuqbsmixgem] in seq 73 at 1685807394517868000
[Consesus log] 2023/06/03 15:49:54.569228 logger.go:32: generate Block[knrwjkhkihjvkhhqdzyh] in seq 74 at 1685807394569213000
[Consesus log] 2023/06/03 15:49:54.620628 logger.go:32: generate Block[xnbralumjguegncfezbp] in seq 75 at 1685807394620605000
[Consesus log] 2023/06/03 15:49:54.672111 logger.go:32: generate Block[qnguqrjvzbzocapxizyn] in seq 76 at 1685807394672076000
[Consesus log] 2023/06/03 15:49:54.723432 logger.go:32: generate Block[vruocwrypoibeydukqpi] in seq 77 at 1685807394723416000
[Consesus log] 2023/06/03 15:49:54.774802 logger.go:32: generate Block[ewvzjkovicvdzbwmgktt] in seq 78 at 1685807394774790000
[Consesus log] 2023/06/03 15:49:54.826128 logger.go:32: generate Block[nlopvfenqfiggydeoqzv] in seq 79 at 1685807394826115000
[Consesus log] 2023/06/03 15:49:54.877483 logger.go:32: generate Block[wougubroirtkbbxqmair] in seq 80 at 1685807394877471000
[Consesus log] 2023/06/03 15:49:54.928798 logger.go:32: generate Block[lohcajmahjultocfikxc] in seq 81 at 1685807394928787000
[Consesus log] 2023/06/03 15:49:54.980062 logger.go:32: generate Block[hesmbckoelcvumgmzrgp] in seq 82 at 1685807394980047000
[Consesus log] 2023/06/03 15:49:55.030890 logger.go:32: generate Block[ktqbietumaqdborxsczg] in seq 83 at 1685807395030879000
[Consesus log] 2023/06/03 15:49:55.031201 logger.go:32: commit Block[uupjyvikvfivsavxnkve] in seq 20 at 1685807395031198000
[Consesus log] 2023/06/03 15:49:55.082310 logger.go:32: generate Block[fagamisujiqtvdgjprew] in seq 84 at 1685807395082302000
[Consesus log] 2023/06/03 15:49:55.133526 logger.go:32: generate Block[ekielmpuuzsakxraseqo] in seq 85 at 1685807395133518000
[Consesus log] 2023/06/03 15:49:55.184763 logger.go:32: generate Block[dleeasyihxasdnwqghws] in seq 86 at 1685807395184754000
[Consesus log] 2023/06/03 15:49:55.236097 logger.go:32: generate Block[mtgsiqyopkhmelyxmlmy] in seq 87 at 1685807395236089000
[Consesus log] 2023/06/03 15:49:55.287328 logger.go:32: generate Block[xpxvancdakqxmnjlbbdc] in seq 88 at 1685807395287314000
[Consesus log] 2023/06/03 15:49:55.337998 logger.go:32: generate Block[qnhxgmrvyijdjeirduhv] in seq 89 at 1685807395337976000
[Consesus log] 2023/06/03 15:49:55.389095 logger.go:32: generate Block[rqspkoyzymhyqyqpvvyw] in seq 90 at 1685807395389082000
[Consesus log] 2023/06/03 15:49:55.440373 logger.go:32: generate Block[mlntnwkizwtqaagzpnbh] in seq 91 at 1685807395440357000
[Consesus log] 2023/06/03 15:49:55.440590 logger.go:32: commit Block[cqexcnicvqkpdxouvaxy] in seq 21 at 1685807395440587000
[Consesus log] 2023/06/03 15:49:55.440624 logger.go:32: commit Block[wqhkvvxfqzcnczborezc] in seq 22 at 1685807395440623000
[Consesus log] 2023/06/03 15:49:55.440650 logger.go:32: commit Block[wuhahptvaxyuauekknni] in seq 23 at 1685807395440649000
[Consesus log] 2023/06/03 15:49:55.490832 logger.go:32: generate Block[znkrtqlfnunqbbfxxbkb] in seq 92 at 1685807395490817000
[Consesus log] 2023/06/03 15:49:55.541144 logger.go:32: generate Block[zmqhhtrmqumclfzhkxbb] in seq 93 at 1685807395541135000
[Consesus log] 2023/06/03 15:49:55.591380 logger.go:32: generate Block[lammmfllfrcrabgopwfp] in seq 94 at 1685807395591371000
[Consesus log] 2023/06/03 15:49:55.641683 logger.go:32: generate Block[uphiyjvqywcutgztwglh] in seq 95 at 1685807395641670000
[Consesus log] 2023/06/03 15:49:55.692118 logger.go:32: generate Block[vdldhggrjkijpdsoyyil] in seq 96 at 1685807395692091000
[Consesus log] 2023/06/03 15:49:55.742614 logger.go:32: generate Block[poqskevldhdtejnnqmsi] in seq 97 at 1685807395742600000
[Consesus log] 2023/06/03 15:49:56.606076 logger.go:32: commit Block[scllzfhtkbatzchligck] in seq 24 at 1685807396606067000
[Consesus log] 2023/06/03 15:49:56.609070 logger.go:32: commit Block[fhfcukupfvaczkxznlrt] in seq 25 at 1685807396609067000
[Consesus log] 2023/06/03 15:49:56.609106 logger.go:32: commit Block[rtxyfpcbpjgwuzzykmaq] in seq 26 at 1685807396609104000
[Consesus log] 2023/06/03 15:49:56.609163 logger.go:32: commit Block[rlegozlbhwnbdxsmiuto] in seq 27 at 1685807396609161000
[Consesus log] 2023/06/03 15:49:56.609194 logger.go:32: commit Block[xnxakrdoiecxvftgpgwe] in seq 28 at 1685807396609192000
[Consesus log] 2023/06/03 15:49:56.609224 logger.go:32: commit Block[jndinuequckvirkguqvt] in seq 29 at 1685807396609222000
[Consesus log] 2023/06/03 15:49:56.609252 logger.go:32: commit Block[lbrjwqheryoboebaosur] in seq 30 at 1685807396609250000
[Consesus log] 2023/06/03 15:49:56.609284 logger.go:32: commit Block[aqpfddhmfbrudqvkirug] in seq 31 at 1685807396609282000
[Consesus log] 2023/06/03 15:49:56.609312 logger.go:32: commit Block[jrwvgqsyiaxjzflsoxgt] in seq 32 at 1685807396609311000
[Consesus log] 2023/06/03 15:49:56.609365 logger.go:32: commit Block[iuqitoslwgvgujxpwohf] in seq 33 at 1685807396609364000
[Consesus log] 2023/06/03 15:49:56.609394 logger.go:32: commit Block[kwshyqmurfnnlytqkogl] in seq 34 at 1685807396609392000
[Consesus log] 2023/06/03 15:49:56.609447 logger.go:32: commit Block[gqzdnruztuqjmtkqzzib] in seq 35 at 1685807396609446000
[Consesus log] 2023/06/03 15:49:56.609470 logger.go:32: commit Block[dvisihxxyamqzrrhbhtn] in seq 36 at 1685807396609469000
[Consesus log] 2023/06/03 15:49:56.609491 logger.go:32: commit Block[iyfibbqysndihrcjtuwa] in seq 37 at 1685807396609489000
[Consesus log] 2023/06/03 15:49:56.609513 logger.go:32: commit Block[uceteavtaccxavsdzsqe] in seq 38 at 1685807396609511000
[Consesus log] 2023/06/03 15:49:56.609681 logger.go:32: commit Block[yuedxdshahxhaexzhgze] in seq 39 at 1685807396609679000
[Consesus log] 2023/06/03 15:49:56.609708 logger.go:32: commit Block[sdsnztfoykavesjxkluo] in seq 40 at 1685807396609707000
[Consesus log] 2023/06/03 15:49:56.609730 logger.go:32: commit Block[emqyoooxzotryffnjagm] in seq 41 at 1685807396609729000
[Consesus log] 2023/06/03 15:49:56.609750 logger.go:32: commit Block[qncfeipexxvmqllybser] in seq 42 at 1685807396609749000
[Consesus log] 2023/06/03 15:49:56.609770 logger.go:32: commit Block[xrndygzuvrkzfhyitvkd] in seq 43 at 1685807396609769000
[Consesus log] 2023/06/03 15:49:56.609797 logger.go:32: commit Block[qciiolcdjczpbjksuhnr] in seq 44 at 1685807396609795000
[Consesus log] 2023/06/03 15:49:56.609817 logger.go:32: commit Block[xfigxgerixdnphxcmjow] in seq 45 at 1685807396609816000
[Consesus log] 2023/06/03 15:49:56.609849 logger.go:32: commit Block[kupaagxrtxyjthjnpbwg] in seq 46 at 1685807396609848000
[Consesus log] 2023/06/03 15:49:56.609872 logger.go:32: commit Block[kfbevojffgvsdznzgzku] in seq 47 at 1685807396609870000
[Consesus log] 2023/06/03 15:49:56.609892 logger.go:32: commit Block[swpaedyrusldwmlblngm] in seq 48 at 1685807396609891000
[Consesus log] 2023/06/03 15:49:56.609912 logger.go:32: commit Block[skqtdpjodjutgahwzvbj] in seq 49 at 1685807396609911000
[Consesus log] 2023/06/03 15:49:56.609933 logger.go:32: commit Block[eljxerfbxojrqtwcntxn] in seq 50 at 1685807396609932000
[Consesus log] 2023/06/03 15:49:56.609953 logger.go:32: commit Block[lpysuqhtemqtkbmlareu] in seq 51 at 1685807396609952000
[Consesus log] 2023/06/03 15:49:56.609973 logger.go:32: commit Block[shfskutefeqrxadwyhef] in seq 52 at 1685807396609971000
[Consesus log] 2023/06/03 15:49:56.609999 logger.go:32: commit Block[auvxxiohutujygbcjweb] in seq 53 at 1685807396609998000
[Consesus log] 2023/06/03 15:49:56.610022 logger.go:32: commit Block[lldkzmbhrgvlsezdyjhu] in seq 54 at 1685807396610021000
[Consesus log] 2023/06/03 15:49:56.610047 logger.go:32: commit Block[elkicvhboraqvahfegvt] in seq 55 at 1685807396610045000
[Consesus log] 2023/06/03 15:49:56.610070 logger.go:32: commit Block[dphnhzsisndcjdmtgblj] in seq 56 at 1685807396610068000
[Consesus log] 2023/06/03 15:49:56.610091 logger.go:32: commit Block[gnatvtvbxroqqwvqxbfh] in seq 57 at 1685807396610089000
[Consesus log] 2023/06/03 15:49:56.610113 logger.go:32: commit Block[hpnpirnzjlplnbujadol] in seq 58 at 1685807396610111000
[Consesus log] 2023/06/03 15:49:56.610133 logger.go:32: commit Block[pxxwmzwvbsdvnqkbennx] in seq 59 at 1685807396610132000
[Consesus log] 2023/06/03 15:49:56.610154 logger.go:32: commit Block[mrtggklmhtzmgrrfrsau] in seq 60 at 1685807396610152000
[Consesus log] 2023/06/03 15:49:56.610174 logger.go:32: commit Block[nmmaqqbznlxpkwfjtpic] in seq 61 at 1685807396610173000
[Consesus log] 2023/06/03 15:49:56.610194 logger.go:32: commit Block[zevfxxqsqsajtiaaueen] in seq 62 at 1685807396610193000
[Consesus log] 2023/06/03 15:49:56.610214 logger.go:32: commit Block[howoneijfcplgeqqinsa] in seq 63 at 1685807396610213000
[Consesus log] 2023/06/03 15:49:56.610235 logger.go:32: commit Block[ieplfccfqdmkcasvfpvt] in seq 64 at 1685807396610233000
[Consesus log] 2023/06/03 15:49:56.610255 logger.go:32: commit Block[wqepqjrzstzbgnqryfgr] in seq 65 at 1685807396610253000
[Consesus log] 2023/06/03 15:49:56.610275 logger.go:32: commit Block[cvhzwywdulgntrxdbrgq] in seq 66 at 1685807396610273000
[Consesus log] 2023/06/03 15:49:56.610295 logger.go:32: commit Block[sxaxlctuikmxnrudoiua] in seq 67 at 1685807396610294000
[Consesus log] 2023/06/03 15:49:56.610334 logger.go:32: commit Block[ohjbtxqyrcrpqdsuysok] in seq 68 at 1685807396610332000
[Consesus log] 2023/06/03 15:49:56.610355 logger.go:32: commit Block[thmmiedagvihmglhzaax] in seq 69 at 1685807396610353000
[Consesus log] 2023/06/03 15:49:56.610375 logger.go:32: commit Block[ryfqyghqibqbjwvxgkgx] in seq 70 at 1685807396610373000
[Consesus log] 2023/06/03 15:49:56.610396 logger.go:32: commit Block[ycxvnuulzaekvnjklria] in seq 71 at 1685807396610394000
[Consesus log] 2023/06/03 15:49:56.610417 logger.go:32: commit Block[kcxjymxsjnlfdoxbzpkd] in seq 72 at 1685807396610415000
[Consesus log] 2023/06/03 15:49:56.610438 logger.go:32: commit Block[ulixgtllzsuqbsmixgem] in seq 73 at 1685807396610436000
[Consesus log] 2023/06/03 15:49:56.610460 logger.go:32: commit Block[knrwjkhkihjvkhhqdzyh] in seq 74 at 1685807396610458000
[Consesus log] 2023/06/03 15:49:56.610480 logger.go:32: commit Block[xnbralumjguegncfezbp] in seq 75 at 1685807396610479000
[Consesus log] 2023/06/03 15:49:56.610502 logger.go:32: commit Block[qnguqrjvzbzocapxizyn] in seq 76 at 1685807396610500000
[Consesus log] 2023/06/03 15:49:56.610522 logger.go:32: commit Block[vruocwrypoibeydukqpi] in seq 77 at 1685807396610521000
[Consesus log] 2023/06/03 15:49:56.610611 logger.go:32: commit Block[ewvzjkovicvdzbwmgktt] in seq 78 at 1685807396610609000
[Consesus log] 2023/06/03 15:49:56.610636 logger.go:32: commit Block[nlopvfenqfiggydeoqzv] in seq 79 at 1685807396610634000
[Consesus log] 2023/06/03 15:49:56.610660 logger.go:32: commit Block[wougubroirtkbbxqmair] in seq 80 at 1685807396610658000
[Consesus log] 2023/06/03 15:49:56.610804 logger.go:32: commit Block[lohcajmahjultocfikxc] in seq 81 at 1685807396610800000
[Consesus log] 2023/06/03 15:49:56.610828 logger.go:32: commit Block[hesmbckoelcvumgmzrgp] in seq 82 at 1685807396610826000
[Consesus log] 2023/06/03 15:49:56.610852 logger.go:32: commit Block[ktqbietumaqdborxsczg] in seq 83 at 1685807396610850000
[Consesus log] 2023/06/03 15:49:56.610873 logger.go:32: commit Block[fagamisujiqtvdgjprew] in seq 84 at 1685807396610871000
[Consesus log] 2023/06/03 15:49:56.610892 logger.go:32: commit Block[ekielmpuuzsakxraseqo] in seq 85 at 1685807396610891000
[Consesus log] 2023/06/03 15:49:56.610927 logger.go:32: commit Block[dleeasyihxasdnwqghws] in seq 86 at 1685807396610925000
[Consesus log] 2023/06/03 15:49:56.610948 logger.go:32: commit Block[mtgsiqyopkhmelyxmlmy] in seq 87 at 1685807396610947000
[Consesus log] 2023/06/03 15:49:56.610977 logger.go:32: commit Block[xpxvancdakqxmnjlbbdc] in seq 88 at 1685807396610976000
[Consesus log] 2023/06/03 15:49:56.610997 logger.go:32: commit Block[qnhxgmrvyijdjeirduhv] in seq 89 at 1685807396610996000
[Consesus log] 2023/06/03 15:49:56.611016 logger.go:32: commit Block[rqspkoyzymhyqyqpvvyw] in seq 90 at 1685807396611015000
[Consesus log] 2023/06/03 15:49:56.611036 logger.go:32: commit Block[mlntnwkizwtqaagzpnbh] in seq 91 at 1685807396611035000
[Consesus log] 2023/06/03 15:49:56.611056 logger.go:32: commit Block[znkrtqlfnunqbbfxxbkb] in seq 92 at 1685807396611054000
[Consesus log] 2023/06/03 15:49:56.611075 logger.go:32: commit Block[zmqhhtrmqumclfzhkxbb] in seq 93 at 1685807396611074000
[Consesus log] 2023/06/03 15:49:56.611096 logger.go:32: commit Block[lammmfllfrcrabgopwfp] in seq 94 at 1685807396611094000
[Consesus log] 2023/06/03 15:49:57.014414 logger.go:32: commit Block[dfeapjnysqmwnrkuvvqr] in seq 95 at 1685807397014410000
[Consesus log] 2023/06/03 15:49:57.014506 logger.go:32: commit Block[yyegczhvdnfmdmjtxulo] in seq 96 at 1685807397014504000
[Consesus log] 2023/06/03 15:49:57.014535 logger.go:32: commit Block[eucmmrvfbkdxphohzuqe] in seq 97 at 1685807397014533000
[Consesus log] 2023/06/03 15:49:57.014558 logger.go:32: commit Block[geswfcsjiycbxdwdgomr] in seq 98 at 1685807397014557000
[Consesus log] 2023/06/03 15:49:57.014581 logger.go:32: commit Block[xpjzgkqyqihsyglccklv] in seq 99 at 1685807397014580000
[Consesus log] 2023/06/03 15:49:57.783657 logger.go:32: commit Block[bmteifnwgffpgyrbukrj] in seq 100 at 1685807397783652000
[Consesus log] 2023/06/03 15:49:58.091475 logger.go:32: commit Block[lifqjozhsuwibypsbhea] in seq 101 at 1685807398091465000
[Consesus log] 2023/06/03 15:49:58.091511 logger.go:32: commit Block[pghluwemvhjwxkutpknn] in seq 102 at 1685807398091509000
[Consesus log] 2023/06/03 15:49:58.952791 logger.go:32: commit Block[gpoathwcjypiilshkzhu] in seq 103 at 1685807398952787000
[Consesus log] 2023/06/03 15:49:59.463396 logger.go:32: commit Block[mrcspbykaiutnxyjzflo] in seq 104 at 1685807399463384000
[Consesus log] 2023/06/03 15:50:00.281901 logger.go:32: commit Block[wjjezdsnlrylatkprdfu] in seq 105 at 1685807400281891000
[Consesus log] 2023/06/03 15:50:00.281966 logger.go:32: commit Block[ffozkpzdfjknatsbittk] in seq 106 at 1685807400281964000
[Consesus log] 2023/06/03 15:50:00.795210 logger.go:32: commit Block[khekjujqpgnxcwdcvcib] in seq 107 at 1685807400795205000
[Consesus log] 2023/06/03 15:50:00.795294 logger.go:32: commit Block[vbifxyixokhkvfjkqbjd] in seq 108 at 1685807400795292000
[Consesus log] 2023/06/03 15:50:00.795333 logger.go:32: commit Block[lntptcvwpiaqudpiihmk] in seq 109 at 1685807400795331000
[Consesus log] 2023/06/03 15:50:01.405802 logger.go:32: commit Block[kizzsblhofvqjraoxmdz] in seq 110 at 1685807401405794000
[Consesus log] 2023/06/03 15:50:01.405871 logger.go:32: commit Block[xysndzdodxrdsdznnlxh] in seq 111 at 1685807401405870000
[Consesus log] 2023/06/03 15:50:01.866211 logger.go:32: commit Block[mtoguconuotdkctyuruo] in seq 112 at 1685807401866199000
[Consesus log] 2023/06/03 15:50:01.866260 logger.go:32: commit Block[nufsnxklocppznbbnquc] in seq 113 at 1685807401866258000
[Consesus log] 2023/06/03 15:50:01.866289 logger.go:32: commit Block[bxtnbjrgqdpjqrcsrtdm] in seq 114 at 1685807401866287000
[Consesus log] 2023/06/03 15:50:02.789243 logger.go:32: commit Block[jjcntnfwlufueajhpvet] in seq 115 at 1685807402789235000
[Consesus log] 2023/06/03 15:50:03.245891 logger.go:32: commit Block[rhveibrmtdoxuelfswrs] in seq 116 at 1685807403245876000
[Consesus log] 2023/06/03 15:50:04.118867 logger.go:32: commit Block[hxggiwdyolbmlcemgoyh] in seq 117 at 1685807404118855000
[Consesus log] 2023/06/03 15:50:04.119876 logger.go:32: commit Block[xpklvewhsuwlntasvjsy] in seq 118 at 1685807404119873000
[Consesus log] 2023/06/03 15:50:04.119912 logger.go:32: commit Block[efmnjkeaozurcwfcxyoc] in seq 119 at 1685807404119910000
[Consesus log] 2023/06/03 15:50:04.119944 logger.go:32: commit Block[bfweaerexlqmrwkftklh] in seq 120 at 1685807404119943000
[Consesus log] 2023/06/03 15:50:04.119974 logger.go:32: commit Block[tceapekitvijatezqoiv] in seq 121 at 1685807404119972000
[Consesus log] 2023/06/03 15:50:04.120003 logger.go:32: commit Block[ggtpqwotbnswvsbywiti] in seq 122 at 1685807404120002000
[Consesus log] 2023/06/03 15:50:04.120032 logger.go:32: commit Block[ueoihvbxgcynzlkvuvij] in seq 123 at 1685807404120031000
[Consesus log] 2023/06/03 15:50:04.120058 logger.go:32: commit Block[xodgmnnyiaspobfqnvro] in seq 124 at 1685807404120057000
[Consesus log] 2023/06/03 15:50:04.120084 logger.go:32: commit Block[rovtejkkxkxqebryhwgd] in seq 125 at 1685807404120083000
[Consesus log] 2023/06/03 15:50:04.120111 logger.go:32: commit Block[dorafnxjmbltcdqqbglf] in seq 126 at 1685807404120110000
[Consesus log] 2023/06/03 15:50:04.120143 logger.go:32: commit Block[rtqxemklqgwgrdzdtjxy] in seq 127 at 1685807404120141000
[Consesus log] 2023/06/03 15:50:04.120170 logger.go:32: commit Block[vwrdqkxedkiahgaxkuhl] in seq 128 at 1685807404120169000
[Consesus log] 2023/06/03 15:50:04.120199 logger.go:32: commit Block[flkwrevvzijlupdapsan] in seq 129 at 1685807404120198000
[Consesus log] 2023/06/03 15:50:04.120228 logger.go:32: commit Block[xgnxdmnvwuvialboaojx] in seq 130 at 1685807404120226000
[Consesus log] 2023/06/03 15:50:04.120256 logger.go:32: commit Block[ulaycqkmjgnkkurrzqde] in seq 131 at 1685807404120254000
[Consesus log] 2023/06/03 15:50:04.120286 logger.go:32: commit Block[xoeielzhkfphjneluzpo] in seq 132 at 1685807404120284000
[Consesus log] 2023/06/03 15:50:04.120315 logger.go:32: commit Block[murtuxktdieggpvzgbqy] in seq 133 at 1685807404120314000
[Consesus log] 2023/06/03 15:50:04.120374 logger.go:32: commit Block[zaqfbiunosbspvfnutcr] in seq 134 at 1685807404120372000
[Consesus log] 2023/06/03 15:50:04.120396 logger.go:32: commit Block[pbfsfikullyriudirsve] in seq 135 at 1685807404120395000
[Consesus log] 2023/06/03 15:50:04.120418 logger.go:32: commit Block[qqvoygvkzexwfkrbhiux] in seq 136 at 1685807404120417000
[Consesus log] 2023/06/03 15:50:04.120439 logger.go:32: commit Block[yrnsugivwvnuagdlxxxp] in seq 137 at 1685807404120438000
[Consesus log] 2023/06/03 15:50:04.120460 logger.go:32: commit Block[isqgknkwhpfzsaazuijg] in seq 138 at 1685807404120459000
[Consesus log] 2023/06/03 15:50:04.120481 logger.go:32: commit Block[deimrvvvrfqdozesqygw] in seq 139 at 1685807404120480000
[Consesus log] 2023/06/03 15:50:04.120502 logger.go:32: commit Block[eqbvwbnelhduuhdciaof] in seq 140 at 1685807404120500000
[Consesus log] 2023/06/03 15:50:04.120523 logger.go:32: commit Block[xvwhtdflmshirxqpnkmq] in seq 141 at 1685807404120521000
[Consesus log] 2023/06/03 15:50:04.120544 logger.go:32: commit Block[fikeriohsmliyitlksmr] in seq 142 at 1685807404120542000
[Consesus log] 2023/06/03 15:50:04.120566 logger.go:32: commit Block[ihgtslnlxsnbckfwckic] in seq 143 at 1685807404120564000
[Consesus log] 2023/06/03 15:50:04.120586 logger.go:32: commit Block[pdkvxtgljfivlodokvpb] in seq 144 at 1685807404120585000
[Consesus log] 2023/06/03 15:50:04.120608 logger.go:32: commit Block[zddxaeiocgvjggtikryk] in seq 145 at 1685807404120606000
[Consesus log] 2023/06/03 15:50:04.120628 logger.go:32: commit Block[hwvhqbatgbbnjprvcscr] in seq 146 at 1685807404120627000
[Consesus log] 2023/06/03 15:50:04.120649 logger.go:32: commit Block[mvknmyqybijiqhjqhwqx] in seq 147 at 1685807404120647000
[Consesus log] 2023/06/03 15:50:04.120669 logger.go:32: commit Block[eeyhzovuucvqcmdgdlmt] in seq 148 at 1685807404120668000
[Consesus log] 2023/06/03 15:50:04.120690 logger.go:32: commit Block[alxkpvoasnabvdiepsdd] in seq 149 at 1685807404120688000
[Consesus log] 2023/06/03 15:50:04.120710 logger.go:32: commit Block[kvjtrxadcvpuseiwbuwo] in seq 150 at 1685807404120708000
[Consesus log] 2023/06/03 15:50:04.120770 logger.go:32: commit Block[popdrjnopttuvmfwvede] in seq 151 at 1685807404120769000
[Consesus log] 2023/06/03 15:50:04.120793 logger.go:32: commit Block[fnjwjuqfdudaitvprnda] in seq 152 at 1685807404120792000
[Consesus log] 2023/06/03 15:50:04.120815 logger.go:32: commit Block[ibdwjtotvuxaxqjuuurw] in seq 153 at 1685807404120813000
[Consesus log] 2023/06/03 15:50:04.120836 logger.go:32: commit Block[uescyhzwbofhlrdarelw] in seq 154 at 1685807404120835000
[Consesus log] 2023/06/03 15:50:04.120864 logger.go:32: commit Block[ewdsqottdtulwarsvuok] in seq 155 at 1685807404120863000
[Consesus log] 2023/06/03 15:50:04.120891 logger.go:32: commit Block[sgwbbixkddrqxqojnvuq] in seq 156 at 1685807404120889000
[Consesus log] 2023/06/03 15:50:04.120913 logger.go:32: commit Block[qvwkgsntcpnyoqqhmzbn] in seq 157 at 1685807404120911000
[Consesus log] 2023/06/03 15:50:04.120935 logger.go:32: commit Block[dyheecgwvxoyrdrmsagr] in seq 158 at 1685807404120933000
[Consesus log] 2023/06/03 15:50:04.120956 logger.go:32: commit Block[mnplrzmmadwkwxmmjeqk] in seq 159 at 1685807404120955000
[Consesus log] 2023/06/03 15:50:04.120978 logger.go:32: commit Block[fupgmsrzqzwjdrccwipf] in seq 160 at 1685807404120977000
[Consesus log] 2023/06/03 15:50:04.120999 logger.go:32: commit Block[fawrfqoacmublktkeovo] in seq 161 at 1685807404120997000
[Consesus log] 2023/06/03 15:50:04.121019 logger.go:32: commit Block[qprjvbtwucycoqxzcwyq] in seq 162 at 1685807404121018000
[Consesus log] 2023/06/03 15:50:04.121040 logger.go:32: commit Block[hyhyjpncsciekbuhqcmm] in seq 163 at 1685807404121039000
[Consesus log] 2023/06/03 15:50:04.121068 logger.go:32: commit Block[rqvbnagnzlfnamyeqqng] in seq 164 at 1685807404121066000
[Consesus log] 2023/06/03 15:50:04.121090 logger.go:32: commit Block[gplbjkzmqueckgthfpym] in seq 165 at 1685807404121089000
[Consesus log] 2023/06/03 15:50:04.121117 logger.go:32: commit Block[uhjqiaawtahxbumadvfp] in seq 166 at 1685807404121116000
[Consesus log] 2023/06/03 15:50:04.121173 logger.go:32: commit Block[mslgqburyxvxtvhnqepv] in seq 167 at 1685807404121172000
[Consesus log] 2023/06/03 15:50:04.121197 logger.go:32: commit Block[zulnwvprvesabcjoappg] in seq 168 at 1685807404121196000
[Consesus log] 2023/06/03 15:50:04.121218 logger.go:32: commit Block[dkiuidjopprcptzxcnnj] in seq 169 at 1685807404121217000
[Consesus log] 2023/06/03 15:50:04.121239 logger.go:32: commit Block[tjtrxeutqblfcgfwlabw] in seq 170 at 1685807404121238000
[Consesus log] 2023/06/03 15:50:04.121261 logger.go:32: commit Block[rqhrcanzggbmqtqweidc] in seq 171 at 1685807404121260000
[Consesus log] 2023/06/03 15:50:04.121283 logger.go:32: commit Block[uysvpfxdnbkootvkifmq] in seq 172 at 1685807404121281000
[Consesus log] 2023/06/03 15:50:04.121305 logger.go:32: commit Block[sqmdsroxlmoslqniljpg] in seq 173 at 1685807404121303000
[Consesus log] 2023/06/03 15:50:04.121327 logger.go:32: commit Block[vvwjvfsfnknfxiujsnpr] in seq 174 at 1685807404121325000
[Consesus log] 2023/06/03 15:50:04.121348 logger.go:32: commit Block[mlbpepccifhhmipvbckm] in seq 175 at 1685807404121346000
[Consesus log] 2023/06/03 15:50:04.121370 logger.go:32: commit Block[rhntrvpnbeuecadvgpgo] in seq 176 at 1685807404121368000
[Consesus log] 2023/06/03 15:50:04.121391 logger.go:32: commit Block[msoedwskifzbtivbmocz] in seq 177 at 1685807404121390000
[Consesus log] 2023/06/03 15:50:04.121412 logger.go:32: commit Block[pzywmpqwfufglzhvlkpe] in seq 178 at 1685807404121411000
[Consesus log] 2023/06/03 15:50:04.121435 logger.go:32: commit Block[izrvckhpuundysajvvbm] in seq 179 at 1685807404121434000
[Consesus log] 2023/06/03 15:50:04.121458 logger.go:32: commit Block[ljzcisnpcwvetpsmmetd] in seq 180 at 1685807404121456000
[Consesus log] 2023/06/03 15:50:04.121480 logger.go:32: commit Block[wmckefvypdiqjzftpyoi] in seq 181 at 1685807404121478000
[Consesus log] 2023/06/03 15:50:04.121503 logger.go:32: commit Block[wgoxpjskyqeohfezthmf] in seq 182 at 1685807404121502000
[Consesus log] 2023/06/03 15:50:04.121525 logger.go:32: commit Block[pzwuklnosmpfynftlwbp] in seq 183 at 1685807404121523000
[Consesus log] 2023/06/03 15:50:04.121545 logger.go:32: commit Block[qhuefbejfbcjbsqcjkkd] in seq 184 at 1685807404121544000
[Consesus log] 2023/06/03 15:50:04.121566 logger.go:32: commit Block[qtdyilfauechbuowgkgk] in seq 185 at 1685807404121565000
[Consesus log] 2023/06/03 15:50:04.121587 logger.go:32: commit Block[amidxbvxzetjqwmnfoya] in seq 186 at 1685807404121585000
[Consesus log] 2023/06/03 15:50:04.121607 logger.go:32: commit Block[zpvobnjsmbpscvjniiim] in seq 187 at 1685807404121606000
[Consesus log] 2023/06/03 15:50:04.121628 logger.go:32: commit Block[dodqzxecgxldqngfofxw] in seq 188 at 1685807404121626000
[Consesus log] 2023/06/03 15:50:04.121651 logger.go:32: commit Block[axqtzhfzffmzrwugqixb] in seq 189 at 1685807404121650000
[Consesus log] 2023/06/03 15:50:04.121671 logger.go:32: commit Block[nniyflxlrfdtaqnoqqyw] in seq 190 at 1685807404121669000
[Consesus log] 2023/06/03 15:50:04.121691 logger.go:32: commit Block[xezghcmsojzmqyzhxqsb] in seq 191 at 1685807404121690000
[Consesus log] 2023/06/03 15:50:04.121713 logger.go:32: commit Block[nksnauojeydbfzmmpjjg] in seq 192 at 1685807404121712000
[Consesus log] 2023/06/03 15:50:04.121735 logger.go:32: commit Block[ntpkrtndihyovdboidgk] in seq 193 at 1685807404121733000
[Consesus log] 2023/06/03 15:50:04.121757 logger.go:32: commit Block[mjmdwsfxqumrgaryzgpj] in seq 194 at 1685807404121756000
[Consesus log] 2023/06/03 15:50:04.121779 logger.go:32: commit Block[ffbhxfggjnlhsmofdbob] in seq 195 at 1685807404121778000
[Consesus log] 2023/06/03 15:50:04.121800 logger.go:32: commit Block[czinpwhnvzuzadppcsmh] in seq 196 at 1685807404121799000
[Consesus log] 2023/06/03 15:50:04.121820 logger.go:32: commit Block[plrrbzfctejveietpnzr] in seq 197 at 1685807404121818000
[Consesus log] 2023/06/03 15:50:04.122242 logger.go:32: commit Block[mowdkmvfmyoywhgjldab] in seq 198 at 1685807404122236000
[Consesus log] 2023/06/03 15:50:04.122281 logger.go:32: commit Block[ytvjuhlczvloulndawfy] in seq 199 at 1685807404122280000
[Consesus log] 2023/06/03 15:50:04.122344 logger.go:32: commit Block[jmewoinxdwtwceoliuix] in seq 200 at 1685807404122342000
[Consesus log] 2023/06/03 15:50:04.122373 logger.go:32: commit Block[glukfvmvbuajpbypbhld] in seq 201 at 1685807404122372000
[Consesus log] 2023/06/03 15:50:04.122402 logger.go:32: commit Block[nogmwyskkzfiaqumzchw] in seq 202 at 1685807404122400000
[Consesus log] 2023/06/03 15:50:04.122432 logger.go:32: commit Block[jqdyudprjlbhewsvmszn] in seq 203 at 1685807404122431000
[Consesus log] 2023/06/03 15:50:04.122463 logger.go:32: commit Block[gjukvnbvngskupequsym] in seq 204 at 1685807404122461000
[Consesus log] 2023/06/03 15:50:04.122494 logger.go:32: commit Block[okuzwhxovsfwbbouxblr] in seq 205 at 1685807404122492000
[Consesus log] 2023/06/03 15:50:04.122521 logger.go:32: commit Block[nrczcbfugnwhbzprgskw] in seq 206 at 1685807404122519000
[Consesus log] 2023/06/03 15:50:04.122549 logger.go:32: commit Block[cvkxvsrcmjqbqzyyttqg] in seq 207 at 1685807404122547000
[Consesus log] 2023/06/03 15:50:04.122577 logger.go:32: commit Block[wgturlqfqebthdphjbgt] in seq 208 at 1685807404122575000
[Consesus log] 2023/06/03 15:50:04.122624 logger.go:32: commit Block[ftalefzxfueneylfzgpc] in seq 209 at 1685807404122621000
[Consesus log] 2023/06/03 15:50:04.122662 logger.go:32: commit Block[dvwtsdblewtrmxswaaef] in seq 210 at 1685807404122660000
[Consesus log] 2023/06/03 15:50:04.122699 logger.go:32: commit Block[bdoqerugceaapauytvdf] in seq 211 at 1685807404122697000
[Consesus log] 2023/06/03 15:50:04.122734 logger.go:32: commit Block[aduujxruosxvvdswpxay] in seq 212 at 1685807404122733000
[Consesus log] 2023/06/03 15:50:04.122768 logger.go:32: commit Block[bbiyouqnvjywacqaccdj] in seq 213 at 1685807404122766000
[Consesus log] 2023/06/03 15:50:04.122801 logger.go:32: commit Block[guijeqmhqlbazxugpgvx] in seq 214 at 1685807404122799000
[Consesus log] 2023/06/03 15:50:04.122837 logger.go:32: commit Block[mpsjnfreihrsfprgphks] in seq 215 at 1685807404122833000
[Consesus log] 2023/06/03 15:50:04.122873 logger.go:32: commit Block[jeiaeayefzwjlupmqaez] in seq 216 at 1685807404122871000
[Consesus log] 2023/06/03 15:50:04.122906 logger.go:32: commit Block[eomeeqscicdgyjufuadm] in seq 217 at 1685807404122904000
[Consesus log] 2023/06/03 15:50:04.122940 logger.go:32: commit Block[eqmykjdwghkybsiuqyet] in seq 218 at 1685807404122938000
[Consesus log] 2023/06/03 15:50:04.122970 logger.go:32: commit Block[tkwttsoeancyognnhimi] in seq 219 at 1685807404122969000
[Consesus log] 2023/06/03 15:50:04.123003 logger.go:32: commit Block[zatzqxqrhtyqygvmnhwh] in seq 220 at 1685807404123001000
[Consesus log] 2023/06/03 15:50:04.123035 logger.go:32: commit Block[qpbcoyabghtpmyyokqqr] in seq 221 at 1685807404123033000
[Consesus log] 2023/06/03 15:50:04.123067 logger.go:32: commit Block[fztsubrycrhiwrtipkxb] in seq 222 at 1685807404123065000
[Consesus log] 2023/06/03 15:50:04.123127 logger.go:32: commit Block[elspguiuygmljbtppjxd] in seq 223 at 1685807404123122000
[Consesus log] 2023/06/03 15:50:04.123168 logger.go:32: commit Block[gwbdfdrhsqlbmqpqfzgc] in seq 224 at 1685807404123166000
[Consesus log] 2023/06/03 15:50:04.123200 logger.go:32: commit Block[nqdppphbookbjskhxwua] in seq 225 at 1685807404123198000
[Consesus log] 2023/06/03 15:50:04.123230 logger.go:32: commit Block[zzxjinrjskjtkzumhanu] in seq 226 at 1685807404123228000
[Consesus log] 2023/06/03 15:50:04.123260 logger.go:32: commit Block[revudrutuarruoydmjhd] in seq 227 at 1685807404123258000
[Consesus log] 2023/06/03 15:50:04.123293 logger.go:32: commit Block[yqpfqbzprrkweozyjihh] in seq 228 at 1685807404123291000
[Consesus log] 2023/06/03 15:50:04.123324 logger.go:32: commit Block[clrllqciaijkpjnpcwzn] in seq 229 at 1685807404123323000
[Consesus log] 2023/06/03 15:50:04.123355 logger.go:32: commit Block[izwpzjjrfwwfbinkmdos] in seq 230 at 1685807404123353000
[Consesus log] 2023/06/03 15:50:04.123384 logger.go:32: commit Block[xsfccswsspomuadrcxhw] in seq 231 at 1685807404123382000
[Consesus log] 2023/06/03 15:50:04.123438 logger.go:32: commit Block[vfvwcajjrjpdxmsgyacw] in seq 232 at 1685807404123436000
[Consesus log] 2023/06/03 15:50:04.123467 logger.go:32: commit Block[mcafwrooczccoibzwobs] in seq 233 at 1685807404123465000
[Consesus log] 2023/06/03 15:50:04.123496 logger.go:32: commit Block[assjqwmdyhfsdeofdagq] in seq 234 at 1685807404123494000
[Consesus log] 2023/06/03 15:50:04.123524 logger.go:32: commit Block[msxfmpxrfrlgrabpjtnu] in seq 235 at 1685807404123522000
[Consesus log] 2023/06/03 15:50:04.123551 logger.go:32: commit Block[naeqqkxqirghzdqjemsk] in seq 236 at 1685807404123549000
[Consesus log] 2023/06/03 15:50:04.989159 logger.go:32: commit Block[xldtgieetdiprsbeytnt] in seq 237 at 1685807404989150000
[Consesus log] 2023/06/03 15:50:05.401228 logger.go:32: commit Block[mhmfevxvnrdceigbetos] in seq 238 at 1685807405401224000
[Consesus log] 2023/06/03 15:50:05.401268 logger.go:32: commit Block[nluikvyralwbjtosepph] in seq 239 at 1685807405401267000
[Consesus log] 2023/06/03 15:50:05.708562 logger.go:32: commit Block[shmbmffzhiueyaxybvyr] in seq 240 at 1685807405708558000
[Consesus log] 2023/06/03 15:50:06.625731 logger.go:32: commit Block[rqoiwvxvbezajesctelu] in seq 241 at 1685807406625719000
[Consesus log] 2023/06/03 15:50:06.625815 logger.go:32: commit Block[dimigxrgvynaxyepjamn] in seq 242 at 1685807406625813000
[Consesus log] 2023/06/03 15:50:06.625854 logger.go:32: commit Block[syazttpwimjempnjovaw] in seq 243 at 1685807406625852000
[Consesus log] 2023/06/03 15:50:06.625889 logger.go:32: commit Block[eiexvurkleggluhxiktt] in seq 244 at 1685807406625887000
[Consesus log] 2023/06/03 15:50:06.625921 logger.go:32: commit Block[tsvzfvxzsrothyfxjhsi] in seq 245 at 1685807406625919000
[Consesus log] 2023/06/03 15:50:06.935413 logger.go:32: commit Block[aofursfvuqfmsoeinbqs] in seq 246 at 1685807406935406000
[Consesus log] 2023/06/03 15:50:07.547094 logger.go:32: commit Block[dfwrdhgnaxtesvlmupdn] in seq 247 at 1685807407547087000
[Consesus log] 2023/06/03 15:50:08.162812 logger.go:32: commit Block[kbimvpfefzvgxjlvzbgn] in seq 248 at 1685807408162803000
[Consesus log] 2023/06/03 15:50:08.162859 logger.go:32: commit Block[vpxnvijlqqbrhtlgoiay] in seq 249 at 1685807408162857000
[Consesus log] 2023/06/03 15:50:08.162904 logger.go:32: commit Block[cogiwnmaejifruulwmkx] in seq 250 at 1685807408162883000
[Consesus log] 2023/06/03 15:50:08.163254 logger.go:32: commit Block[mdjtzdqohthbstyfowmt] in seq 251 at 1685807408162935000
[Consesus log] 2023/06/03 15:50:08.974477 logger.go:32: commit Block[jjxuyetbbhjrbjonikhc] in seq 252 at 1685807408974468000
