[Consesus log] 2023/06/03 15:49:51.510236 logger.go:32: commit Block[wczslzcountpaoznyjfa] in seq 1 at 1685807391510230000
[Consesus log] 2023/06/03 15:49:51.510339 logger.go:32: commit Block[fqavaxyovzwconqxzvow] in seq 2 at 1685807391510337000
[Consesus log] 2023/06/03 15:49:51.510357 logger.go:32: commit Block[lhzprdpfkpaairaximot] in seq 3 at 1685807391510355000
[Consesus log] 2023/06/03 15:49:51.510370 logger.go:32: commit Block[rpsegvuunctuswxgsevj] in seq 4 at 1685807391510369000
[Consesus log] 2023/06/03 15:49:51.510383 logger.go:32: commit Block[qltrptqyjrijwlxcdiji] in seq 5 at 1685807391510382000
[Consesus log] 2023/06/03 15:49:51.966992 logger.go:32: commit Block[jzutahxkmzhovugcdlxe] in seq 6 at 1685807391966986000
[Consesus log] 2023/06/03 15:49:51.967053 logger.go:32: commit Block[vfpkseeevdokmjmzsuqt] in seq 7 at 1685807391967051000
[Consesus log] 2023/06/03 15:49:51.967088 logger.go:32: commit Block[vahjevuijqzentiehqga] in seq 8 at 1685807391967086000
[Consesus log] 2023/06/03 15:49:51.967124 logger.go:32: commit Block[jbosaibvszjntkqyybap] in seq 9 at 1685807391967122000
[Consesus log] 2023/06/03 15:49:52.685282 logger.go:32: commit Block[owzirayhmwhmigsqbqfa] in seq 10 at 1685807392685251000
[Consesus log] 2023/06/03 15:49:52.685329 logger.go:32: commit Block[xaoznzhnvqncoegrahto] in seq 11 at 1685807392685326000
[Consesus log] 2023/06/03 15:49:53.142495 logger.go:32: commit Block[esnoishsntutpucnhjlt] in seq 12 at 1685807393142492000
[Consesus log] 2023/06/03 15:49:53.142529 logger.go:32: commit Block[wzulnsrmxssufaunleao] in seq 13 at 1685807393142527000
[Consesus log] 2023/06/03 15:49:53.142561 logger.go:32: commit Block[skhoujoxwnlablynrfeo] in seq 14 at 1685807393142559000
[Consesus log] 2023/06/03 15:49:53.803080 logger.go:32: commit Block[enksdndubahxbexqndrj] in seq 15 at 1685807393803077000
[Consesus log] 2023/06/03 15:49:53.803104 logger.go:32: commit Block[yexuqgfsbiucvydyohyv] in seq 16 at 1685807393803103000
[Consesus log] 2023/06/03 15:49:53.803118 logger.go:32: commit Block[eixeefzhtsbipspldxwb] in seq 17 at 1685807393803117000
[Consesus log] 2023/06/03 15:49:53.803131 logger.go:32: commit Block[bcyhukwxxcnpcizglqkv] in seq 18 at 1685807393803130000
[Consesus log] 2023/06/03 15:49:54.417207 logger.go:32: commit Block[pvihlgqgugoqrfwqjdqf] in seq 19 at 1685807394417190000
[Consesus log] 2023/06/03 15:49:55.185478 logger.go:32: commit Block[uupjyvikvfivsavxnkve] in seq 20 at 1685807395185472000
[Consesus log] 2023/06/03 15:49:56.245846 logger.go:32: commit Block[cqexcnicvqkpdxouvaxy] in seq 21 at 1685807396245821000
[Consesus log] 2023/06/03 15:49:56.245906 logger.go:32: commit Block[wqhkvvxfqzcnczborezc] in seq 22 at 1685807396245904000
[Consesus log] 2023/06/03 15:49:56.245942 logger.go:32: commit Block[wuhahptvaxyuauekknni] in seq 23 at 1685807396245940000
[Consesus log] 2023/06/03 15:49:56.606577 logger.go:32: commit Block[scllzfhtkbatzchligck] in seq 24 at 1685807396606570000
[Consesus log] 2023/06/03 15:49:56.606664 logger.go:32: commit Block[fhfcukupfvaczkxznlrt] in seq 25 at 1685807396606662000
[Consesus log] 2023/06/03 15:49:56.606713 logger.go:32: commit Block[rtxyfpcbpjgwuzzykmaq] in seq 26 at 1685807396606712000
[Consesus log] 2023/06/03 15:49:56.606777 logger.go:32: commit Block[rlegozlbhwnbdxsmiuto] in seq 27 at 1685807396606775000
[Consesus log] 2023/06/03 15:49:56.606823 logger.go:32: commit Block[xnxakrdoiecxvftgpgwe] in seq 28 at 1685807396606821000
[Consesus log] 2023/06/03 15:49:56.606864 logger.go:32: commit Block[jndinuequckvirkguqvt] in seq 29 at 1685807396606862000
[Consesus log] 2023/06/03 15:49:56.606901 logger.go:32: commit Block[lbrjwqheryoboebaosur] in seq 30 at 1685807396606900000
[Consesus log] 2023/06/03 15:49:56.609210 logger.go:32: commit Block[aqpfddhmfbrudqvkirug] in seq 31 at 1685807396609207000
[Consesus log] 2023/06/03 15:49:56.609247 logger.go:32: commit Block[jrwvgqsyiaxjzflsoxgt] in seq 32 at 1685807396609245000
[Consesus log] 2023/06/03 15:49:56.609277 logger.go:32: commit Block[iuqitoslwgvgujxpwohf] in seq 33 at 1685807396609276000
[Consesus log] 2023/06/03 15:49:56.609306 logger.go:32: commit Block[kwshyqmurfnnlytqkogl] in seq 34 at 1685807396609304000
[Consesus log] 2023/06/03 15:49:56.609360 logger.go:32: commit Block[gqzdnruztuqjmtkqzzib] in seq 35 at 1685807396609358000
[Consesus log] 2023/06/03 15:49:56.609380 logger.go:32: commit Block[dvisihxxyamqzrrhbhtn] in seq 36 at 1685807396609379000
[Consesus log] 2023/06/03 15:49:56.609401 logger.go:32: commit Block[iyfibbqysndihrcjtuwa] in seq 37 at 1685807396609400000
[Consesus log] 2023/06/03 15:49:56.609421 logger.go:32: commit Block[uceteavtaccxavsdzsqe] in seq 38 at 1685807396609420000
[Consesus log] 2023/06/03 15:49:56.609442 logger.go:32: commit Block[yuedxdshahxhaexzhgze] in seq 39 at 1685807396609441000
[Consesus log] 2023/06/03 15:49:56.609462 logger.go:32: commit Block[sdsnztfoykavesjxkluo] in seq 40 at 1685807396609461000
[Consesus log] 2023/06/03 15:49:56.609483 logger.go:32: commit Block[emqyoooxzotryffnjagm] in seq 41 at 1685807396609481000
[Consesus log] 2023/06/03 15:49:56.609502 logger.go:32: commit Block[qncfeipexxvmqllybser] in seq 42 at 1685807396609501000
[Consesus log] 2023/06/03 15:49:56.609522 logger.go:32: commit Block[xrndygzuvrkzfhyitvkd] in seq 43 at 1685807396609521000
[Consesus log] 2023/06/03 15:49:56.609542 logger.go:32: commit Block[qciiolcdjczpbjksuhnr] in seq 44 at 1685807396609541000
[Consesus log] 2023/06/03 15:49:56.609562 logger.go:32: commit Block[xfigxgerixdnphxcmjow] in seq 45 at 1685807396609561000
[Consesus log] 2023/06/03 15:49:56.609581 logger.go:32: commit Block[kupaagxrtxyjthjnpbwg] in seq 46 at 1685807396609580000
[Consesus log] 2023/06/03 15:49:56.609600 logger.go:32: commit Block[kfbevojffgvsdznzgzku] in seq 47 at 1685807396609599000
[Consesus log] 2023/06/03 15:49:56.609618 logger.go:32: commit Block[swpaedyrusldwmlblngm] in seq 48 at 1685807396609617000
[Consesus log] 2023/06/03 15:49:56.609637 logger.go:32: commit Block[skqtdpjodjutgahwzvbj] in seq 49 at 1685807396609636000
[Consesus log] 2023/06/03 15:49:56.609656 logger.go:32: commit Block[eljxerfbxojrqtwcntxn] in seq 50 at 1685807396609655000
[Consesus log] 2023/06/03 15:49:56.609685 logger.go:32: commit Block[lpysuqhtemqtkbmlareu] in seq 51 at 1685807396609683000
[Consesus log] 2023/06/03 15:49:56.609707 logger.go:32: commit Block[shfskutefeqrxadwyhef] in seq 52 at 1685807396609705000
[Consesus log] 2023/06/03 15:49:56.609735 logger.go:32: commit Block[auvxxiohutujygbcjweb] in seq 53 at 1685807396609733000
[Consesus log] 2023/06/03 15:49:56.609758 logger.go:32: commit Block[lldkzmbhrgvlsezdyjhu] in seq 54 at 1685807396609757000
[Consesus log] 2023/06/03 15:49:56.609779 logger.go:32: commit Block[elkicvhboraqvahfegvt] in seq 55 at 1685807396609778000
[Consesus log] 2023/06/03 15:49:56.609802 logger.go:32: commit Block[dphnhzsisndcjdmtgblj] in seq 56 at 1685807396609801000
[Consesus log] 2023/06/03 15:49:56.609838 logger.go:32: commit Block[gnatvtvbxroqqwvqxbfh] in seq 57 at 1685807396609837000
[Consesus log] 2023/06/03 15:49:56.609859 logger.go:32: commit Block[hpnpirnzjlplnbujadol] in seq 58 at 1685807396609857000
[Consesus log] 2023/06/03 15:49:56.609880 logger.go:32: commit Block[pxxwmzwvbsdvnqkbennx] in seq 59 at 1685807396609878000
[Consesus log] 2023/06/03 15:49:56.609901 logger.go:32: commit Block[mrtggklmhtzmgrrfrsau] in seq 60 at 1685807396609899000
[Consesus log] 2023/06/03 15:49:56.609920 logger.go:32: commit Block[nmmaqqbznlxpkwfjtpic] in seq 61 at 1685807396609919000
[Consesus log] 2023/06/03 15:49:56.609940 logger.go:32: commit Block[zevfxxqsqsajtiaaueen] in seq 62 at 1685807396609939000
[Consesus log] 2023/06/03 15:49:56.609960 logger.go:32: commit Block[howoneijfcplgeqqinsa] in seq 63 at 1685807396609959000
[Consesus log] 2023/06/03 15:49:56.609981 logger.go:32: commit Block[ieplfccfqdmkcasvfpvt] in seq 64 at 1685807396609980000
[Consesus log] 2023/06/03 15:49:56.610002 logger.go:32: commit Block[wqepqjrzstzbgnqryfgr] in seq 65 at 1685807396610000000
[Consesus log] 2023/06/03 15:49:56.610023 logger.go:32: commit Block[cvhzwywdulgntrxdbrgq] in seq 66 at 1685807396610021000
[Consesus log] 2023/06/03 15:49:56.610046 logger.go:32: commit Block[sxaxlctuikmxnrudoiua] in seq 67 at 1685807396610044000
[Consesus log] 2023/06/03 15:49:56.610084 logger.go:32: commit Block[ohjbtxqyrcrpqdsuysok] in seq 68 at 1685807396610083000
[Consesus log] 2023/06/03 15:49:56.610105 logger.go:32: commit Block[thmmiedagvihmglhzaax] in seq 69 at 1685807396610104000
[Consesus log] 2023/06/03 15:49:56.610124 logger.go:32: commit Block[ryfqyghqibqbjwvxgkgx] in seq 70 at 1685807396610123000
[Consesus log] 2023/06/03 15:49:56.610144 logger.go:32: commit Block[ycxvnuulzaekvnjklria] in seq 71 at 1685807396610143000
[Consesus log] 2023/06/03 15:49:56.610164 logger.go:32: commit Block[kcxjymxsjnlfdoxbzpkd] in seq 72 at 1685807396610162000
[Consesus log] 2023/06/03 15:49:56.610184 logger.go:32: commit Block[ulixgtllzsuqbsmixgem] in seq 73 at 1685807396610182000
[Consesus log] 2023/06/03 15:49:56.610204 logger.go:32: commit Block[knrwjkhkihjvkhhqdzyh] in seq 74 at 1685807396610202000
[Consesus log] 2023/06/03 15:49:56.610225 logger.go:32: commit Block[xnbralumjguegncfezbp] in seq 75 at 1685807396610223000
[Consesus log] 2023/06/03 15:49:56.610245 logger.go:32: commit Block[qnguqrjvzbzocapxizyn] in seq 76 at 1685807396610244000
[Consesus log] 2023/06/03 15:49:56.610265 logger.go:32: commit Block[vruocwrypoibeydukqpi] in seq 77 at 1685807396610264000
[Consesus log] 2023/06/03 15:49:56.610285 logger.go:32: commit Block[ewvzjkovicvdzbwmgktt] in seq 78 at 1685807396610284000
[Consesus log] 2023/06/03 15:49:56.610305 logger.go:32: commit Block[nlopvfenqfiggydeoqzv] in seq 79 at 1685807396610304000
[Consesus log] 2023/06/03 15:49:56.610326 logger.go:32: commit Block[wougubroirtkbbxqmair] in seq 80 at 1685807396610325000
[Consesus log] 2023/06/03 15:49:56.610347 logger.go:32: commit Block[lohcajmahjultocfikxc] in seq 81 at 1685807396610345000
[Consesus log] 2023/06/03 15:49:56.610367 logger.go:32: commit Block[hesmbckoelcvumgmzrgp] in seq 82 at 1685807396610365000
[Consesus log] 2023/06/03 15:49:56.610387 logger.go:32: commit Block[ktqbietumaqdborxsczg] in seq 83 at 1685807396610385000
[Consesus log] 2023/06/03 15:49:56.610407 logger.go:32: commit Block[fagamisujiqtvdgjprew] in seq 84 at 1685807396610406000
[Consesus log] 2023/06/03 15:49:56.610428 logger.go:32: commit Block[ekielmpuuzsakxraseqo] in seq 85 at 1685807396610426000
[Consesus log] 2023/06/03 15:49:56.610452 logger.go:32: commit Block[dleeasyihxasdnwqghws] in seq 86 at 1685807396610446000
[Consesus log] 2023/06/03 15:49:56.610473 logger.go:32: commit Block[mtgsiqyopkhmelyxmlmy] in seq 87 at 1685807396610472000
[Consesus log] 2023/06/03 15:49:56.610493 logger.go:32: commit Block[xpxvancdakqxmnjlbbdc] in seq 88 at 1685807396610491000
[Consesus log] 2023/06/03 15:49:56.610513 logger.go:32: commit Block[qnhxgmrvyijdjeirduhv] in seq 89 at 1685807396610512000
[Consesus log] 2023/06/03 15:49:56.610533 logger.go:32: commit Block[rqspkoyzymhyqyqpvvyw] in seq 90 at 1685807396610532000
[Consesus log] 2023/06/03 15:49:56.610552 logger.go:32: commit Block[mlntnwkizwtqaagzpnbh] in seq 91 at 1685807396610550000
[Consesus log] 2023/06/03 15:49:56.610572 logger.go:32: commit Block[znkrtqlfnunqbbfxxbkb] in seq 92 at 1685807396610571000
[Consesus log] 2023/06/03 15:49:56.610593 logger.go:32: commit Block[zmqhhtrmqumclfzhkxbb] in seq 93 at 1685807396610592000
[Consesus log] 2023/06/03 15:49:56.610613 logger.go:32: commit Block[lammmfllfrcrabgopwfp] in seq 94 at 1685807396610612000
[Consesus log] 2023/06/03 15:49:57.014414 logger.go:32: commit Block[dfeapjnysqmwnrkuvvqr] in seq 95 at 1685807397014410000
[Consesus log] 2023/06/03 15:49:57.014532 logger.go:32: commit Block[yyegczhvdnfmdmjtxulo] in seq 96 at 1685807397014531000
[Consesus log] 2023/06/03 15:49:57.014556 logger.go:32: commit Block[eucmmrvfbkdxphohzuqe] in seq 97 at 1685807397014555000
[Consesus log] 2023/06/03 15:49:57.014576 logger.go:32: commit Block[geswfcsjiycbxdwdgomr] in seq 98 at 1685807397014575000
[Consesus log] 2023/06/03 15:49:57.014596 logger.go:32: commit Block[xpjzgkqyqihsyglccklv] in seq 99 at 1685807397014595000
[Consesus log] 2023/06/03 15:49:57.783474 logger.go:32: commit Block[bmteifnwgffpgyrbukrj] in seq 100 at 1685807397783458000
[Consesus log] 2023/06/03 15:49:58.090935 logger.go:32: commit Block[lifqjozhsuwibypsbhea] in seq 101 at 1685807398090927000
[Consesus log] 2023/06/03 15:49:58.090985 logger.go:32: commit Block[pghluwemvhjwxkutpknn] in seq 102 at 1685807398090982000
[Consesus log] 2023/06/03 15:49:58.953132 logger.go:32: commit Block[gpoathwcjypiilshkzhu] in seq 103 at 1685807398953128000
